{"logTime": "0711/211810", "correlationVector":"nOqt9cG/SM7qrHUDMH8XXm.1","action":"SyncServerConnectionManagerRequest", "result":"SYNC_SERVER_OK", "context":{"environment":"Prod_EastUS2_000e", "migrationStage":"MigrationComplete", "server":"GENERAL0100001S"}}
{"logTime": "0711/211810", "correlationVector":"nOqt9cG/SM7qrHUDMH8XXm.2","action":"GetUpdates Response", "result":"Success", "context":Received 5 update(s). cV=nOqt9cG/SM7qrHUDMH8XXm.0;server=GENERAL0100001S;cloudType=Consumer;environment=Prod_EastUS2_000e;migrationStage=MigrationComplete}
{"logTime": "0711/211810", "correlationVector":"Ymfjemfo9Ck5W1wlNlzIMQ","action":"Normal GetUpdate request", "result":"", "context":cV=Ymfjemfo9Ck5W1wlNlzIMQ
Nudged types: Sessions
Refresh requested types: Bookmarks, Preferences, Passwords, Autofill Profiles, Autofill, Typed URLs, Extensions, Sessions, Extension settings, History Delete Directives, Device Info, User Consents, Send Tab To Self, Web Apps, Collection, Edge E Drop, Edge Hub App Usage, Edge Tab Group, Edge Wallet, Encryption Keys}
{"logTime": "0711/211810", "correlationVector":"Ymfjemfo9Ck5W1wlNlzIMQ.1","action":"SyncServerConnectionManagerRequest", "result":"SYNC_SERVER_OK", "context":{"environment":"Prod_EastUS2_000e", "migrationStage":"MigrationComplete", "server":"GENERAL0100000H"}}
{"logTime": "0711/211810", "correlationVector":"Ymfjemfo9Ck5W1wlNlzIMQ.2","action":"GetUpdates Response", "result":"Success", "context":Received 1 update(s). cV=Ymfjemfo9Ck5W1wlNlzIMQ.0;server=GENERAL0100000H;cloudType=Consumer;environment=Prod_EastUS2_000e;migrationStage=MigrationComplete}
{"logTime": "0711/211810", "correlationVector":"7A3BZL90cGJ0E8ADlCvr7L","action":"DoCompareDataConsistency requsted types: ", "result":"Bookmarks, Preferences, Passwords, Typed URLs, Extensions, Extension settings, History Delete Directives, Send Tab To Self, Web Apps, Collection, Edge E Drop, Edge Tab Group, Edge Wallet, Encryption Keys"}
{"logTime": "0711/211810", "correlationVector":"7A3BZL90cGJ0E8ADlCvr7L.0","action":"CompareDataConsistency result: ", "result":"Compare result: Encryption Keys is consistent. local entities count is: 1 local entities hash is: OysR0iGDaRYJvs0jK4lSCS8hQEI="}
{"logTime": "0711/211810", "correlationVector":"7A3BZL90cGJ0E8ADlCvr7L.1","action":"CompareDataConsistency result: ", "result":"Compare result: Bookmarks is consistent. local entities count is: 4 local entities hash is: 3Z5Y9+FOc2JOGjbvRv3vRjazuLo="}
{"logTime": "0711/211810", "correlationVector":"7A3BZL90cGJ0E8ADlCvr7L.2","action":"CompareDataConsistency result: ", "result":"Compare result: Preferences is consistent. local entities count is: 41 local entities hash is: 27pu8Ryq7gSyQP+61Ipe0z8nFpk="}
{"logTime": "0711/211810", "correlationVector":"7A3BZL90cGJ0E8ADlCvr7L.3","action":"CompareDataConsistency result: ", "result":"Server did not send this Typed URLs local entities count is: 0 local entities hash is: "}
{"logTime": "0711/211810", "correlationVector":"7A3BZL90cGJ0E8ADlCvr7L.4","action":"CompareDataConsistency result: ", "result":"Compare result: Extensions is consistent. local entities count is: 0 local entities hash is: "}
{"logTime": "0711/211810", "correlationVector":"7A3BZL90cGJ0E8ADlCvr7L.5","action":"CompareDataConsistency result: ", "result":"Compare result: Extension settings is consistent. local entities count is: 0 local entities hash is: "}
{"logTime": "0711/211811", "correlationVector":"7A3BZL90cGJ0E8ADlCvr7L.6","action":"CompareDataConsistency result: ", "result":"Compare result: History Delete Directives is consistent. local entities count is: 0 local entities hash is: "}
{"logTime": "0711/211811", "correlationVector":"7A3BZL90cGJ0E8ADlCvr7L.7","action":"CompareDataConsistency result: ", "result":"Server did not send this Send Tab To Self local entities count is: 0 local entities hash is: "}
{"logTime": "0711/211811", "correlationVector":"7A3BZL90cGJ0E8ADlCvr7L.8","action":"CompareDataConsistency result: ", "result":"Compare result: Web Apps is consistent. local entities count is: 0 local entities hash is: "}
{"logTime": "0711/211811", "correlationVector":"7A3BZL90cGJ0E8ADlCvr7L.9","action":"CompareDataConsistency result: ", "result":"Compare result: Collection is consistent. local entities count is: 0 local entities hash is: "}
{"logTime": "0711/211811", "correlationVector":"7A3BZL90cGJ0E8ADlCvr7L.10","action":"CompareDataConsistency result: ", "result":"Compare result: Edge E Drop is consistent. local entities count is: 0 local entities hash is: "}
{"logTime": "0711/211811", "correlationVector":"7A3BZL90cGJ0E8ADlCvr7L.11","action":"CompareDataConsistency result: ", "result":"Compare result: Edge Tab Group is consistent. local entities count is: 0 local entities hash is: "}
{"logTime": "0711/211811", "correlationVector":"7A3BZL90cGJ0E8ADlCvr7L.12","action":"CompareDataConsistency result: ", "result":"Compare result: Edge Wallet is consistent. local entities count is: 0 local entities hash is: "}
{"logTime": "0711/211811", "correlationVector":"7A3BZL90cGJ0E8ADlCvr7L.13","action":"CompareDataConsistency result: ", "result":"Compare result: Passwords is consistent. local entities count is: 5 local entities hash is: 0BOiaIpcRBsbIa5Et/FSTZpAYPI="}
{"logTime": "0711/211811", "correlationVector":"HF6BjU3T7pRFFWOYqdfvBb","action":"Commit Request", "result":"", "context":Item count: 3
Contributing types: Sessions}
{"logTime": "0711/211811", "correlationVector":"HF6BjU3T7pRFFWOYqdfvBb.1","action":"SyncServerConnectionManagerRequest", "result":"SYNC_SERVER_OK", "context":{"environment":"Prod_EastUS2_000e", "migrationStage":"NotStarted", "server":"GENERAL01000029"}}
{"logTime": "0711/211811", "correlationVector":"HF6BjU3T7pRFFWOYqdfvBb.2","action":"Commit Response", "result":"Success", "context":Result: Success. cV=HF6BjU3T7pRFFWOYqdfvBb.0;server=GENERAL01000029;cloudType=Consumer;environment=Prod_EastUS2_000e;migrationStage=NotStarted}
{"logTime": "0711/211811", "correlationVector":"HF6BjU3T7pRFFWOYqdfvBb.3","action":"Commit.Sessions", "result":"Success", "context":{"id":"98c16f28-1cb9-4ab3-9e96-e43167bab9ed", "isDeleted":"true", "size":"0", "version":"1720732586691"}}
{"logTime": "0711/211811", "correlationVector":"","action":"DIAGNOSTIC_REQUEST|v1/diagnosticData/Diagnostic.SendCheckResult()|SUCCESS", "result":""}
{"logTime": "0711/211811", "correlationVector":"","action":"SyncDiagnosticRequest::ProcessDiagnosticResponse", "result":"DIAGNOSTIC_REQUEST|v1/diagnosticData/Diagnostic.SendCheckResult()|SUCCESS"}
{"logTime": "0711/211811", "correlationVector":"kbYbjYeAtjLz5zONLJP49y","action":"Normal GetUpdate request", "result":"", "context":cV=kbYbjYeAtjLz5zONLJP49y
Nudged types: Sessions}
{"logTime": "0711/211811", "correlationVector":"kbYbjYeAtjLz5zONLJP49y.1","action":"SyncServerConnectionManagerRequest", "result":"SYNC_SERVER_OK", "context":{"environment":"Prod_EastUS2_000e", "migrationStage":"MigrationComplete", "server":"GENERAL0100000P"}}
{"logTime": "0711/211811", "correlationVector":"kbYbjYeAtjLz5zONLJP49y.2","action":"GetUpdates", "result":"DeleteReceived", "context":{"id":"98c16f28-1cb9-4ab3-9e96-e43167bab9ed", "isDeleted:":"true", "version":"1720732633015"}}
{"logTime": "0711/211811", "correlationVector":"kbYbjYeAtjLz5zONLJP49y.3","action":"GetUpdates Response", "result":"Success", "context":Received 3 update(s). cV=kbYbjYeAtjLz5zONLJP49y.0;server=GENERAL0100000P;cloudType=Consumer;environment=Prod_EastUS2_000e;migrationStage=MigrationComplete}
{"logTime": "0711/211811", "correlationVector":"DL7DtudHqSN51Y596bqyEN","action":"Commit Request", "result":"", "context":Item count: 1
Contributing types: Sessions}
{"logTime": "0711/211811", "correlationVector":"DL7DtudHqSN51Y596bqyEN.1","action":"SyncServerConnectionManagerRequest", "result":"SYNC_SERVER_OK", "context":{"environment":"Prod_EastUS2_000e", "migrationStage":"NotStarted", "server":"GENERAL0100003C"}}
{"logTime": "0711/211811", "correlationVector":"DL7DtudHqSN51Y596bqyEN.2","action":"Commit Response", "result":"Success", "context":Result: Success. cV=DL7DtudHqSN51Y596bqyEN.0;server=GENERAL0100003C;cloudType=Consumer;environment=Prod_EastUS2_000e;migrationStage=NotStarted}
{"logTime": "0711/211813", "correlationVector":"dKhr+4UPn7DXKSUyA6T404","action":"Commit Request", "result":"", "context":Item count: 1
Contributing types: Sessions}
{"logTime": "0711/211813", "correlationVector":"dKhr+4UPn7DXKSUyA6T404.1","action":"SyncServerConnectionManagerRequest", "result":"SYNC_SERVER_OK", "context":{"environment":"Prod_EastUS2_000e", "migrationStage":"NotStarted", "server":"GENERAL0100001E"}}
{"logTime": "0711/211813", "correlationVector":"dKhr+4UPn7DXKSUyA6T404.2","action":"Commit Response", "result":"Success", "context":Result: Success. cV=dKhr+4UPn7DXKSUyA6T404.0;server=GENERAL0100001E;cloudType=Consumer;environment=Prod_EastUS2_000e;migrationStage=NotStarted}
{"logTime": "0711/212211", "correlationVector":"CWuC3wZCQTEVA5cjLH9PPV","action":"Normal GetUpdate request", "result":"", "context":cV=CWuC3wZCQTEVA5cjLH9PPV
Nudged types: Sessions
Refresh requested types: Bookmarks, Preferences, Passwords, Autofill Profiles, Autofill, Typed URLs, Extensions, Sessions, Extension settings, History Delete Directives, Device Info, User Consents, Send Tab To Self, Web Apps, Collection, Edge E Drop, Edge Hub App Usage, Edge Tab Group, Edge Wallet, Encryption Keys}
{"logTime": "0711/212211", "correlationVector":"CWuC3wZCQTEVA5cjLH9PPV.1","action":"SyncServerConnectionManagerRequest", "result":"SYNC_SERVER_OK", "context":{"environment":"Prod_EastUS2_000e", "migrationStage":"MigrationComplete", "server":"GENERAL0100002D"}}
{"logTime": "0711/212212", "correlationVector":"CWuC3wZCQTEVA5cjLH9PPV.2","action":"GetUpdates Response", "result":"Success", "context":Received 1 update(s). cV=CWuC3wZCQTEVA5cjLH9PPV.0;server=GENERAL0100002D;cloudType=Consumer;environment=Prod_EastUS2_000e;migrationStage=MigrationComplete}
{"logTime": "0711/212212", "correlationVector":"GI48z5nFzv5hQgCMq3eH+8","action":"Commit Request", "result":"", "context":Item count: 1
Contributing types: Sessions}
{"logTime": "0711/212212", "correlationVector":"GI48z5nFzv5hQgCMq3eH+8.1","action":"SyncServerConnectionManagerRequest", "result":"SYNC_SERVER_OK", "context":{"environment":"Prod_EastUS2_000e", "migrationStage":"NotStarted", "server":"GENERAL0100001D"}}
{"logTime": "0711/212212", "correlationVector":"GI48z5nFzv5hQgCMq3eH+8.2","action":"Commit Response", "result":"Success", "context":Result: Success. cV=GI48z5nFzv5hQgCMq3eH+8.0;server=GENERAL0100001D;cloudType=Consumer;environment=Prod_EastUS2_000e;migrationStage=NotStarted}
{"logTime": "0711/212242", "correlationVector":"HpKXSDYCCuaLwmXbcmdz7+","action":"Commit Request", "result":"", "context":Item count: 1
Contributing types: Sessions}
{"logTime": "0711/212242", "correlationVector":"HpKXSDYCCuaLwmXbcmdz7+.1","action":"SyncServerConnectionManagerRequest", "result":"SYNC_SERVER_OK", "context":{"environment":"Prod_EastUS2_000e", "migrationStage":"NotStarted", "server":"GENERAL0100002H"}}
{"logTime": "0711/212242", "correlationVector":"HpKXSDYCCuaLwmXbcmdz7+.2","action":"Commit Response", "result":"Success", "context":Result: Success. cV=HpKXSDYCCuaLwmXbcmdz7+.0;server=GENERAL0100002H;cloudType=Consumer;environment=Prod_EastUS2_000e;migrationStage=NotStarted}
{"logTime": "0711/222457", "correlationVector":"vyUQFd42QJ3IiwqNoywd9Q.1","action":"SyncServerConnectionManagerRequest", "result":"SYNC_SERVER_OK", "context":{"environment":"Prod_EastUS2_000e", "migrationStage":"NotStarted", "server":"GENERAL0100001D"}}
{"logTime": "0711/222457", "correlationVector":"Sspajfv2G1wUvhcPSTNFxz","action":"SyncServerConnectionManagerRequest", "result":"SYNC_SERVER_OK", "context":{"environment":"", "migrationStage":"", "server":""}}
{"logTime": "0711/222457", "correlationVector":"vyUQFd42QJ3IiwqNoywd9Q","action":"Initial GetUpdates", "result":"", "context":Reason: NEW_CLIENT. cV=vyUQFd42QJ3IiwqNoywd9Q}
{"logTime": "0711/222457", "correlationVector":"vyUQFd42QJ3IiwqNoywd9Q.2","action":"GetUpdates Response", "result":"Success", "context":Received 1 update(s). cV=vyUQFd42QJ3IiwqNoywd9Q.0;server=GENERAL0100001D;cloudType=Consumer;environment=Prod_EastUS2_000e;migrationStage=NotStarted}
{"logTime": "0711/222457", "correlationVector":"QAmJpIDP1lIg1DoOALnGsW","action":"Initial GetUpdates", "result":"", "context":Reason: NEWLY_SUPPORTED_DATATYPE. cV=QAmJpIDP1lIg1DoOALnGsW}
{"logTime": "0711/222457", "correlationVector":"QAmJpIDP1lIg1DoOALnGsW.1","action":"SyncServerConnectionManagerRequest", "result":"SYNC_SERVER_OK", "context":{"environment":"Prod_EastUS2_000e", "migrationStage":"MigrationComplete", "server":"GENERAL0100002K"}}
{"logTime": "0711/222457", "correlationVector":"QAmJpIDP1lIg1DoOALnGsW.2","action":"GetUpdates Response", "result":"Success", "context":Received 5 update(s). cV=QAmJpIDP1lIg1DoOALnGsW.0;server=GENERAL0100002K;cloudType=Consumer;environment=Prod_EastUS2_000e;migrationStage=MigrationComplete}
{"logTime": "0711/222457", "correlationVector":"Pv6TJD7HluL/hWzQiJFfEl","action":"Normal GetUpdate request", "result":"", "context":cV=Pv6TJD7HluL/hWzQiJFfEl
Nudged types: Sessions
Refresh requested types: Bookmarks, Preferences, Passwords, Autofill Profiles, Autofill, Typed URLs, Extensions, Sessions, Extension settings, History Delete Directives, Device Info, User Consents, Send Tab To Self, Web Apps, Collection, Edge E Drop, Edge Hub App Usage, Edge Tab Group, Edge Wallet, Encryption Keys}
{"logTime": "0711/222457", "correlationVector":"Pv6TJD7HluL/hWzQiJFfEl.1","action":"SyncServerConnectionManagerRequest", "result":"SYNC_SERVER_OK", "context":{"environment":"Prod_EastUS2_000e", "migrationStage":"MigrationComplete", "server":"GENERAL01000030"}}
{"logTime": "0711/222457", "correlationVector":"Pv6TJD7HluL/hWzQiJFfEl.2","action":"GetUpdates", "result":"DeleteReceived", "context":{"id":"ba1bd3e2-342f-4c08-9b68-82e4f0b9cf46", "isDeleted:":"true", "version":"1720733120076"}}
{"logTime": "0711/222457", "correlationVector":"Pv6TJD7HluL/hWzQiJFfEl.3","action":"GetUpdates Response", "result":"Success", "context":Received 4 update(s). cV=Pv6TJD7HluL/hWzQiJFfEl.0;server=GENERAL01000030;cloudType=Consumer;environment=Prod_EastUS2_000e;migrationStage=MigrationComplete}
{"logTime": "0711/222457", "correlationVector":"5ndIN9eR4iwdzRUtuAE+dd","action":"Normal GetUpdate request", "result":"", "context":cV=5ndIN9eR4iwdzRUtuAE+dd
Nudged types: Sessions}
{"logTime": "0711/222457", "correlationVector":"5ndIN9eR4iwdzRUtuAE+dd.1","action":"SyncServerConnectionManagerRequest", "result":"SYNC_SERVER_OK", "context":{"environment":"Prod_EastUS2_000e", "migrationStage":"MigrationComplete", "server":"GENERAL0100001X"}}
{"logTime": "0711/222457", "correlationVector":"5ndIN9eR4iwdzRUtuAE+dd.2","action":"GetUpdates Response", "result":"Success", "context":Received 0 update(s). cV=5ndIN9eR4iwdzRUtuAE+dd.0;server=GENERAL0100001X;cloudType=Consumer;environment=Prod_EastUS2_000e;migrationStage=MigrationComplete}
{"logTime": "0711/222457", "correlationVector":"zdDS5waAYZgjiWMKP4SWUi","action":"Commit Request", "result":"", "context":Item count: 2
Contributing types: Sessions}
{"logTime": "0711/222457", "correlationVector":"zdDS5waAYZgjiWMKP4SWUi.1","action":"SyncServerConnectionManagerRequest", "result":"SYNC_SERVER_OK", "context":{"environment":"Prod_EastUS2_000e", "migrationStage":"NotStarted", "server":"GENERAL0100001U"}}
{"logTime": "0711/222457", "correlationVector":"zdDS5waAYZgjiWMKP4SWUi.2","action":"Commit Response", "result":"Success", "context":Result: Success. cV=zdDS5waAYZgjiWMKP4SWUi.0;server=GENERAL0100001U;cloudType=Consumer;environment=Prod_EastUS2_000e;migrationStage=NotStarted}
{"logTime": "0711/222858", "correlationVector":"6HIUEJ1Wo8Jd2Dpe4lQfWv","action":"Normal GetUpdate request", "result":"", "context":cV=6HIUEJ1Wo8Jd2Dpe4lQfWv
Refresh requested types: Bookmarks, Preferences, Passwords, Autofill Profiles, Autofill, Typed URLs, Extensions, Sessions, Extension settings, History Delete Directives, Device Info, User Consents, Send Tab To Self, Web Apps, Collection, Edge E Drop, Edge Hub App Usage, Edge Tab Group, Edge Wallet, Encryption Keys}
{"logTime": "0711/222859", "correlationVector":"6HIUEJ1Wo8Jd2Dpe4lQfWv.1","action":"SyncServerConnectionManagerRequest", "result":"SYNC_SERVER_OK", "context":{"environment":"Prod_EastUS2_000e", "migrationStage":"MigrationComplete", "server":"GENERAL0100000U"}}
{"logTime": "0711/222859", "correlationVector":"6HIUEJ1Wo8Jd2Dpe4lQfWv.2","action":"GetUpdates Response", "result":"Success", "context":Received 2 update(s). cV=6HIUEJ1Wo8Jd2Dpe4lQfWv.0;server=GENERAL0100000U;cloudType=Consumer;environment=Prod_EastUS2_000e;migrationStage=MigrationComplete}
{"logTime": "0711/223011", "correlationVector":"eQqaVm7IDzi616GtjRyqxp","action":"Normal GetUpdate request", "result":"", "context":cV=eQqaVm7IDzi616GtjRyqxp
Notified types: Device Info}
{"logTime": "0711/223012", "correlationVector":"eQqaVm7IDzi616GtjRyqxp.1","action":"SyncServerConnectionManagerRequest", "result":"SYNC_SERVER_OK", "context":{"environment":"Prod_EastUS_000w", "migrationStage":"MigrationComplete", "server":"GENERAL1100001I"}}
{"logTime": "0711/223012", "correlationVector":"eQqaVm7IDzi616GtjRyqxp.2","action":"GetUpdates Response", "result":"Success", "context":Received 1 update(s). cV=eQqaVm7IDzi616GtjRyqxp.0;server=GENERAL1100001I;cloudType=Consumer;environment=Prod_EastUS_000w;migrationStage=MigrationComplete}
{"logTime": "0711/223559", "correlationVector":"KUG7q4UABSiumt/ye12uY8","action":"Commit Request", "result":"", "context":Item count: 1
Contributing types: Sessions}
{"logTime": "0711/223559", "correlationVector":"KUG7q4UABSiumt/ye12uY8.1","action":"SyncServerConnectionManagerRequest", "result":"SYNC_SERVER_OK", "context":{"environment":"Prod_EastUS2_000e", "migrationStage":"NotStarted", "server":"GENERAL01000027"}}
{"logTime": "0711/223559", "correlationVector":"KUG7q4UABSiumt/ye12uY8.2","action":"Commit Response", "result":"Success", "context":Result: Success. cV=KUG7q4UABSiumt/ye12uY8.0;server=GENERAL01000027;cloudType=Consumer;environment=Prod_EastUS2_000e;migrationStage=NotStarted}
{"logTime": "0711/224735", "correlationVector":"vn5J4vqNx3DLaL28+TfZZ4","action":"Commit Request", "result":"", "context":Item count: 1
Contributing types: Sessions}
{"logTime": "0711/224735", "correlationVector":"vn5J4vqNx3DLaL28+TfZZ4.1","action":"SyncServerConnectionManagerRequest", "result":"SYNC_SERVER_OK", "context":{"environment":"Prod_EastUS2_000e", "migrationStage":"NotStarted", "server":"GENERAL01000032"}}
{"logTime": "0711/224735", "correlationVector":"vn5J4vqNx3DLaL28+TfZZ4.2","action":"Commit Response", "result":"Success", "context":Result: Success. cV=vn5J4vqNx3DLaL28+TfZZ4.0;server=GENERAL01000032;cloudType=Consumer;environment=Prod_EastUS2_000e;migrationStage=NotStarted}
{"logTime": "0711/225528", "correlationVector":"HxlgBwpOH6VLg7C1JNhs+L","action":"Commit Request", "result":"", "context":Item count: 1
Contributing types: Sessions}
{"logTime": "0711/225528", "correlationVector":"HxlgBwpOH6VLg7C1JNhs+L.1","action":"SyncServerConnectionManagerRequest", "result":"SYNC_SERVER_OK", "context":{"environment":"Prod_EastUS2_000e", "migrationStage":"NotStarted", "server":"GENERAL01000015"}}
{"logTime": "0711/225528", "correlationVector":"HxlgBwpOH6VLg7C1JNhs+L.2","action":"Commit Response", "result":"Success", "context":Result: Success. cV=HxlgBwpOH6VLg7C1JNhs+L.0;server=GENERAL01000015;cloudType=Consumer;environment=Prod_EastUS2_000e;migrationStage=NotStarted}
{"logTime": "0711/225726", "correlationVector":"KHy/tR0VzKHiqm/IQv/SwZ","action":"Commit Request", "result":"", "context":Item count: 2
Contributing types: Passwords, Sessions}
{"logTime": "0711/225726", "correlationVector":"KHy/tR0VzKHiqm/IQv/SwZ.1","action":"SyncServerConnectionManagerRequest", "result":"SYNC_SERVER_OK", "context":{"environment":"Prod_EastUS2_000e", "migrationStage":"MigrationComplete", "server":"GENERAL01000016"}}
{"logTime": "0711/225726", "correlationVector":"KHy/tR0VzKHiqm/IQv/SwZ.2","action":"Commit Response", "result":"Success", "context":Result: Success. cV=KHy/tR0VzKHiqm/IQv/SwZ.0;server=GENERAL01000016;cloudType=Consumer;environment=Prod_EastUS2_000e;migrationStage=MigrationComplete}
{"logTime": "1017/134324", "correlationVector":"Ssasf04/JgElmmUy+WLSqD.1","action":"SyncServerConnectionManagerRequest", "result":"SYNC_SERVER_OK", "context":{"environment":"Prod_EastUS2_000e", "migrationStage":"MigrationComplete", "server":"GENERAL0100000U"}}
{"logTime": "1017/134324", "correlationVector":"CUyE7vC/PsXr+7fsNQNsSR","action":"SyncServerConnectionManagerRequest", "result":"SYNC_SERVER_OK", "context":{"environment":"", "migrationStage":"", "server":""}}
{"logTime": "1017/134324", "correlationVector":"Ssasf04/JgElmmUy+WLSqD","action":"Initial GetUpdates", "result":"", "context":Reason: NEW_CLIENT. cV=Ssasf04/JgElmmUy+WLSqD}
{"logTime": "1017/134324", "correlationVector":"Ssasf04/JgElmmUy+WLSqD.2","action":"GetUpdates Response", "result":"Success", "context":Received 1 update(s). cV=Ssasf04/JgElmmUy+WLSqD.0;server=GENERAL0100000U;cloudType=Consumer;environment=Prod_EastUS2_000e;migrationStage=MigrationComplete}
{"logTime": "1017/134324", "correlationVector":"gP9ciuWHrMXameCLLBOi2O","action":"Initial GetUpdates", "result":"", "context":Reason: NEWLY_SUPPORTED_DATATYPE. cV=gP9ciuWHrMXameCLLBOi2O}
{"logTime": "1017/134325", "correlationVector":"gP9ciuWHrMXameCLLBOi2O.1","action":"SyncServerConnectionManagerRequest", "result":"SYNC_SERVER_OK", "context":{"environment":"Prod_EastUS2_000e", "migrationStage":"MigrationComplete", "server":"GENERAL01000011"}}
{"logTime": "1017/134325", "correlationVector":"gP9ciuWHrMXameCLLBOi2O.2","action":"GetUpdates Response", "result":"Success", "context":Received 7 update(s). cV=gP9ciuWHrMXameCLLBOi2O.0;server=GENERAL01000011;cloudType=Consumer;environment=Prod_EastUS2_000e;migrationStage=MigrationComplete}
{"logTime": "1017/134325", "correlationVector":"GwlaVJgMLmfv7GPD+lxS57","action":"Initial GetUpdates", "result":"", "context":Reason: NEWLY_SUPPORTED_DATATYPE. cV=GwlaVJgMLmfv7GPD+lxS57}
{"logTime": "1017/134325", "correlationVector":"GwlaVJgMLmfv7GPD+lxS57.1","action":"SyncServerConnectionManagerRequest", "result":"SYNC_SERVER_OK", "context":{"environment":"Prod_EastUS2_000e", "migrationStage":"NotStarted", "server":"GENERAL0100000I"}}
{"logTime": "1017/134325", "correlationVector":"GwlaVJgMLmfv7GPD+lxS57.2","action":"GetUpdates Response", "result":"Success", "context":Received 0 update(s). cV=GwlaVJgMLmfv7GPD+lxS57.0;server=GENERAL0100000I;cloudType=Consumer;environment=Prod_EastUS2_000e;migrationStage=NotStarted}
{"logTime": "1017/134325", "correlationVector":"l49sPWOyoaZhdowmDyJGEp","action":"Normal GetUpdate request", "result":"", "context":cV=l49sPWOyoaZhdowmDyJGEp
Nudged types: Sessions, Device Info
Refresh requested types: Bookmarks, Preferences, Passwords, Autofill Profiles, Autofill, Typed URLs, Extensions, Sessions, Extension settings, History Delete Directives, Device Info, User Consents, Send Tab To Self, Web Apps, Collection, Edge E Drop, Edge Hub App Usage, Edge Tab Group, Edge Wallet, Encryption Keys}
{"logTime": "1017/134325", "correlationVector":"l49sPWOyoaZhdowmDyJGEp.1","action":"SyncServerConnectionManagerRequest", "result":"SYNC_SERVER_OK", "context":{"environment":"Prod_EastUS2_000e", "migrationStage":"MigrationComplete", "server":"GENERAL01000007"}}
{"logTime": "1017/134325", "correlationVector":"l49sPWOyoaZhdowmDyJGEp.2","action":"GetUpdates", "result":"DeleteReceived", "context":{"id":"d5615d7b-4fca-4302-b7a2-558380887bfc", "isDeleted:":"true", "version":"1721957674320"}}
{"logTime": "1017/134325", "correlationVector":"l49sPWOyoaZhdowmDyJGEp.3","action":"GetUpdates", "result":"DeleteReceived", "context":{"id":"b082b257-8594-4379-a599-0286cd5fc7ee", "isDeleted:":"true", "version":"1721957674321"}}
{"logTime": "1017/134325", "correlationVector":"l49sPWOyoaZhdowmDyJGEp.4","action":"GetUpdates", "result":"DeleteReceived", "context":{"id":"461d0840-994d-41f7-87e0-276f5fa91e50", "isDeleted:":"true", "version":"1728425821270"}}
{"logTime": "1017/134325", "correlationVector":"l49sPWOyoaZhdowmDyJGEp.5","action":"GetUpdates", "result":"DeleteReceived", "context":{"id":"d6b13168-50f1-4d0c-937e-8305206e8120", "isDeleted:":"true", "version":"1728431112738"}}
{"logTime": "1017/134325", "correlationVector":"l49sPWOyoaZhdowmDyJGEp.6","action":"GetUpdates", "result":"DeleteReceived", "context":{"id":"5298fe60-2943-45a4-afbe-f72e9e2ce8f1", "isDeleted:":"true", "version":"1728604016140"}}
{"logTime": "1017/134325", "correlationVector":"l49sPWOyoaZhdowmDyJGEp.7","action":"GetUpdates", "result":"DeleteReceived", "context":{"id":"cc35618d-0b19-4798-aa69-6902e1c8a770", "isDeleted:":"true", "version":"1728696498516"}}
{"logTime": "1017/134325", "correlationVector":"l49sPWOyoaZhdowmDyJGEp.8","action":"GetUpdates", "result":"DeleteReceived", "context":{"id":"2b7fab57-6fc7-410d-8567-21e8471a542e", "isDeleted:":"true", "version":"1728696498519"}}
{"logTime": "1017/134325", "correlationVector":"l49sPWOyoaZhdowmDyJGEp.9","action":"GetUpdates", "result":"DeleteReceived", "context":{"id":"28e87547-d9f6-4ec1-92c9-eff26fe46395", "isDeleted:":"true", "version":"1728696498520"}}
{"logTime": "1017/134325", "correlationVector":"l49sPWOyoaZhdowmDyJGEp.10","action":"GetUpdates", "result":"DeleteReceived", "context":{"id":"d0a94315-b33e-4b60-bffd-3d8615f03b54", "isDeleted:":"true", "version":"1728696498521"}}
{"logTime": "1017/134325", "correlationVector":"l49sPWOyoaZhdowmDyJGEp.11","action":"GetUpdates Response", "result":"Success", "context":Received 38 update(s). cV=l49sPWOyoaZhdowmDyJGEp.0;server=GENERAL01000007;cloudType=Consumer;environment=Prod_EastUS2_000e;migrationStage=MigrationComplete}
{"logTime": "1017/134325", "correlationVector":"5kpKLi3Zo+lwoOhjAU47vr","action":"Normal GetUpdate request", "result":"", "context":cV=5kpKLi3Zo+lwoOhjAU47vr
Nudged types: Preferences}
{"logTime": "1017/134326", "correlationVector":"5kpKLi3Zo+lwoOhjAU47vr.1","action":"SyncServerConnectionManagerRequest", "result":"SYNC_SERVER_OK", "context":{"environment":"Prod_EastUS2_000e", "migrationStage":"MigrationComplete", "server":"GENERAL0100000R"}}
{"logTime": "1017/134326", "correlationVector":"5kpKLi3Zo+lwoOhjAU47vr.2","action":"GetUpdates Response", "result":"Success", "context":Received 0 update(s). cV=5kpKLi3Zo+lwoOhjAU47vr.0;server=GENERAL0100000R;cloudType=Consumer;environment=Prod_EastUS2_000e;migrationStage=MigrationComplete}
{"logTime": "1017/134326", "correlationVector":"diowLQzXqP0DGcZwS0l4MX","action":"Poll GetUpdate request", "result":"", "context":cV=diowLQzXqP0DGcZwS0l4MX}
{"logTime": "1017/134326", "correlationVector":"diowLQzXqP0DGcZwS0l4MX.1","action":"SyncServerConnectionManagerRequest", "result":"SYNC_SERVER_OK", "context":{"environment":"Prod_EastUS2_000e", "migrationStage":"MigrationComplete", "server":"GENERAL0100002R"}}
{"logTime": "1017/134326", "correlationVector":"diowLQzXqP0DGcZwS0l4MX.2","action":"GetUpdates Response", "result":"Success", "context":Received 0 update(s). cV=diowLQzXqP0DGcZwS0l4MX.0;server=GENERAL0100002R;cloudType=Consumer;environment=Prod_EastUS2_000e;migrationStage=MigrationComplete}
{"logTime": "1017/134327", "correlationVector":"V8QrXgLpN+og+nVKDBZW7y","action":"Normal GetUpdate request", "result":"", "context":cV=V8QrXgLpN+og+nVKDBZW7y
Nudged types: Preferences}
{"logTime": "1017/134328", "correlationVector":"V8QrXgLpN+og+nVKDBZW7y.1","action":"SyncServerConnectionManagerRequest", "result":"SYNC_SERVER_OK", "context":{"environment":"Prod_EastUS2_000e", "migrationStage":"MigrationComplete", "server":"GENERAL0100000L"}}
{"logTime": "1017/134328", "correlationVector":"V8QrXgLpN+og+nVKDBZW7y.2","action":"GetUpdates Response", "result":"Success", "context":Received 0 update(s). cV=V8QrXgLpN+og+nVKDBZW7y.0;server=GENERAL0100000L;cloudType=Consumer;environment=Prod_EastUS2_000e;migrationStage=MigrationComplete}
{"logTime": "1017/134328", "correlationVector":"n1pTQIqC4c2b7F/WKBEBEb","action":"Commit Request", "result":"", "context":Item count: 3
Contributing types: Preferences, Sessions}
{"logTime": "1017/134329", "correlationVector":"n1pTQIqC4c2b7F/WKBEBEb.1","action":"SyncServerConnectionManagerRequest", "result":"SYNC_SERVER_OK", "context":{"environment":"Prod_EastUS2_000e", "migrationStage":"MigrationComplete", "server":"GENERAL01000002"}}
{"logTime": "1017/134329", "correlationVector":"n1pTQIqC4c2b7F/WKBEBEb.2","action":"Commit Response", "result":"Success", "context":Result: Success. cV=n1pTQIqC4c2b7F/WKBEBEb.0;server=GENERAL01000002;cloudType=Consumer;environment=Prod_EastUS2_000e;migrationStage=MigrationComplete}
{"logTime": "1017/134331", "correlationVector":"st8B0TeF5WEtAhPR5Qa1H5","action":"Commit Request", "result":"", "context":Item count: 1
Contributing types: Sessions}
{"logTime": "1017/134331", "correlationVector":"st8B0TeF5WEtAhPR5Qa1H5.1","action":"SyncServerConnectionManagerRequest", "result":"SYNC_SERVER_OK", "context":{"environment":"Prod_EastUS2_000e", "migrationStage":"NotStarted", "server":"GENERAL0100002R"}}
{"logTime": "1017/134331", "correlationVector":"st8B0TeF5WEtAhPR5Qa1H5.2","action":"Commit Response", "result":"Success", "context":Result: Success. cV=st8B0TeF5WEtAhPR5Qa1H5.0;server=GENERAL0100002R;cloudType=Consumer;environment=Prod_EastUS2_000e;migrationStage=NotStarted}
{"logTime": "1017/144541", "correlationVector":"xCmwVhzw560Lx8Fd+7h3Yf.1","action":"SyncServerConnectionManagerRequest", "result":"SYNC_SERVER_OK", "context":{"environment":"Prod_EastUS2_000e", "migrationStage":"MigrationComplete", "server":"GENERAL01000028"}}
{"logTime": "1017/144542", "correlationVector":"alS3axkGw8awLSxDvZkbtM","action":"SyncServerConnectionManagerRequest", "result":"SYNC_SERVER_OK", "context":{"environment":"", "migrationStage":"", "server":""}}
{"logTime": "1017/144542", "correlationVector":"xCmwVhzw560Lx8Fd+7h3Yf","action":"Initial GetUpdates", "result":"", "context":Reason: NEW_CLIENT. cV=xCmwVhzw560Lx8Fd+7h3Yf}
{"logTime": "1017/144542", "correlationVector":"xCmwVhzw560Lx8Fd+7h3Yf.2","action":"GetUpdates Response", "result":"Success", "context":Received 1 update(s). cV=xCmwVhzw560Lx8Fd+7h3Yf.0;server=GENERAL01000028;cloudType=Consumer;environment=Prod_EastUS2_000e;migrationStage=MigrationComplete}
{"logTime": "1017/144542", "correlationVector":"vsTHmwOhxmSmpjXjIPrVpV","action":"Initial GetUpdates", "result":"", "context":Reason: NEWLY_SUPPORTED_DATATYPE. cV=vsTHmwOhxmSmpjXjIPrVpV}
{"logTime": "1017/144542", "correlationVector":"vsTHmwOhxmSmpjXjIPrVpV.1","action":"SyncServerConnectionManagerRequest", "result":"SYNC_SERVER_OK", "context":{"environment":"Prod_EastUS2_000e", "migrationStage":"MigrationComplete", "server":"GENERAL01000017"}}
{"logTime": "1017/144542", "correlationVector":"vsTHmwOhxmSmpjXjIPrVpV.2","action":"GetUpdates Response", "result":"Success", "context":Received 7 update(s). cV=vsTHmwOhxmSmpjXjIPrVpV.0;server=GENERAL01000017;cloudType=Consumer;environment=Prod_EastUS2_000e;migrationStage=MigrationComplete}
{"logTime": "1017/144542", "correlationVector":"3Fi2g5S/oPXpg/QvAB4bKV","action":"Normal GetUpdate request", "result":"", "context":cV=3Fi2g5S/oPXpg/QvAB4bKV
Nudged types: Sessions
Refresh requested types: Bookmarks, Preferences, Passwords, Autofill Profiles, Autofill, Typed URLs, Extensions, Sessions, Extension settings, History Delete Directives, Device Info, User Consents, Send Tab To Self, Web Apps, Collection, Edge E Drop, Edge Hub App Usage, Edge Tab Group, Edge Wallet, Encryption Keys}
{"logTime": "1017/144543", "correlationVector":"3Fi2g5S/oPXpg/QvAB4bKV.1","action":"SyncServerConnectionManagerRequest", "result":"SYNC_SERVER_OK", "context":{"environment":"Prod_EastUS2_000e", "migrationStage":"MigrationComplete", "server":"GENERAL0100001F"}}
{"logTime": "1017/144543", "correlationVector":"3Fi2g5S/oPXpg/QvAB4bKV.2","action":"GetUpdates Response", "result":"Success", "context":Received 3 update(s). cV=3Fi2g5S/oPXpg/QvAB4bKV.0;server=GENERAL0100001F;cloudType=Consumer;environment=Prod_EastUS2_000e;migrationStage=MigrationComplete}
{"logTime": "1017/144543", "correlationVector":"+uPidk8aZ+Xp+8w4oqVFDW","action":"Commit Request", "result":"", "context":Item count: 3
Contributing types: Sessions}
{"logTime": "1017/144543", "correlationVector":"+uPidk8aZ+Xp+8w4oqVFDW.1","action":"SyncServerConnectionManagerRequest", "result":"SYNC_SERVER_OK", "context":{"environment":"Prod_EastUS2_000e", "migrationStage":"NotStarted", "server":"GENERAL0100002V"}}
{"logTime": "1017/144543", "correlationVector":"+uPidk8aZ+Xp+8w4oqVFDW.3","action":"Commit.Sessions", "result":"Success", "context":{"id":"a40c9a15-d3c4-4d34-a90b-60e73d1a4f80", "isDeleted":"true", "size":"0", "version":"1729172610972"}}
{"logTime": "1017/144543", "correlationVector":"+uPidk8aZ+Xp+8w4oqVFDW.2","action":"Commit Response", "result":"Success", "context":Result: Success. cV=+uPidk8aZ+Xp+8w4oqVFDW.0;server=GENERAL0100002V;cloudType=Consumer;environment=Prod_EastUS2_000e;migrationStage=NotStarted}
{"logTime": "1017/144613", "correlationVector":"dJsNanUvbGceyvRw0lVkGd","action":"Normal GetUpdate request", "result":"", "context":cV=dJsNanUvbGceyvRw0lVkGd
Nudged types: Sessions}
{"logTime": "1017/144614", "correlationVector":"dJsNanUvbGceyvRw0lVkGd.1","action":"SyncServerConnectionManagerRequest", "result":"SYNC_SERVER_OK", "context":{"environment":"Prod_EastUS2_000e", "migrationStage":"MigrationComplete", "server":"GENERAL0100002V"}}
{"logTime": "1017/144614", "correlationVector":"dJsNanUvbGceyvRw0lVkGd.2","action":"GetUpdates", "result":"DeleteReceived", "context":{"id":"a40c9a15-d3c4-4d34-a90b-60e73d1a4f80", "isDeleted:":"true", "version":"1729176343047"}}
{"logTime": "1017/144614", "correlationVector":"dJsNanUvbGceyvRw0lVkGd.3","action":"GetUpdates Response", "result":"Success", "context":Received 3 update(s). cV=dJsNanUvbGceyvRw0lVkGd.0;server=GENERAL0100002V;cloudType=Consumer;environment=Prod_EastUS2_000e;migrationStage=MigrationComplete}
{"logTime": "1017/144614", "correlationVector":"YuU37OCmYtM+S9SigSeVOz","action":"Commit Request", "result":"", "context":Item count: 1
Contributing types: Sessions}
{"logTime": "1017/144614", "correlationVector":"YuU37OCmYtM+S9SigSeVOz.1","action":"SyncServerConnectionManagerRequest", "result":"SYNC_SERVER_OK", "context":{"environment":"Prod_EastUS2_000e", "migrationStage":"NotStarted", "server":"GENERAL0100000M"}}
{"logTime": "1017/144614", "correlationVector":"YuU37OCmYtM+S9SigSeVOz.2","action":"Commit Response", "result":"Success", "context":Result: Success. cV=YuU37OCmYtM+S9SigSeVOz.0;server=GENERAL0100000M;cloudType=Consumer;environment=Prod_EastUS2_000e;migrationStage=NotStarted}
{"logTime": "1017/144810", "correlationVector":"GHDO50JwKDz6Q/Jb8mV2U5.1","action":"SyncServerConnectionManagerRequest", "result":"SYNC_SERVER_OK", "context":{"environment":"Prod_EastUS2_000e", "migrationStage":"NotStarted", "server":"GENERAL0100001D"}}
{"logTime": "1017/144819", "correlationVector":"YkKXP87rOkrQ5hrWXmBpSi","action":"SyncServerConnectionManagerRequest", "result":"SYNC_SERVER_OK", "context":{"environment":"", "migrationStage":"", "server":""}}
{"logTime": "1017/144819", "correlationVector":"GHDO50JwKDz6Q/Jb8mV2U5","action":"Initial GetUpdates", "result":"", "context":Reason: NEW_CLIENT. cV=GHDO50JwKDz6Q/Jb8mV2U5}
{"logTime": "1017/144819", "correlationVector":"GHDO50JwKDz6Q/Jb8mV2U5.2","action":"GetUpdates Response", "result":"Success", "context":Received 1 update(s). cV=GHDO50JwKDz6Q/Jb8mV2U5.0;server=GENERAL0100001D;cloudType=Consumer;environment=Prod_EastUS2_000e;migrationStage=NotStarted}
{"logTime": "1017/144819", "correlationVector":"HSgjCw0C7jqeFDiuxjOuaR","action":"Initial GetUpdates", "result":"", "context":Reason: NEWLY_SUPPORTED_DATATYPE. cV=HSgjCw0C7jqeFDiuxjOuaR}
{"logTime": "1017/144821", "correlationVector":"HSgjCw0C7jqeFDiuxjOuaR.1","action":"SyncServerConnectionManagerRequest", "result":"SYNC_SERVER_OK", "context":{"environment":"Prod_EastUS2_000e", "migrationStage":"MigrationComplete", "server":"GENERAL01000028"}}
{"logTime": "1017/144821", "correlationVector":"HSgjCw0C7jqeFDiuxjOuaR.2","action":"GetUpdates Response", "result":"Success", "context":Received 7 update(s). cV=HSgjCw0C7jqeFDiuxjOuaR.0;server=GENERAL01000028;cloudType=Consumer;environment=Prod_EastUS2_000e;migrationStage=MigrationComplete}
{"logTime": "1017/144821", "correlationVector":"7MAzukArPz5SS9EV41tOGx","action":"Normal GetUpdate request", "result":"", "context":cV=7MAzukArPz5SS9EV41tOGx
Nudged types: Sessions
Refresh requested types: Bookmarks, Preferences, Passwords, Autofill Profiles, Autofill, Typed URLs, Extensions, Sessions, Extension settings, History Delete Directives, Device Info, User Consents, Send Tab To Self, Web Apps, Collection, Edge E Drop, Edge Hub App Usage, Edge Tab Group, Edge Wallet, Encryption Keys}
{"logTime": "1017/144822", "correlationVector":"7MAzukArPz5SS9EV41tOGx.1","action":"SyncServerConnectionManagerRequest", "result":"SYNC_SERVER_OK", "context":{"environment":"Prod_EastUS2_000e", "migrationStage":"MigrationComplete", "server":"GENERAL0100002G"}}
{"logTime": "1017/144822", "correlationVector":"7MAzukArPz5SS9EV41tOGx.2","action":"GetUpdates Response", "result":"Success", "context":Received 1 update(s). cV=7MAzukArPz5SS9EV41tOGx.0;server=GENERAL0100002G;cloudType=Consumer;environment=Prod_EastUS2_000e;migrationStage=MigrationComplete}
{"logTime": "1017/144822", "correlationVector":"X3nUAdmKOa2XsWddJ7sBtm","action":"Commit Request", "result":"", "context":Item count: 3
Contributing types: Sessions}
{"logTime": "1017/144822", "correlationVector":"X3nUAdmKOa2XsWddJ7sBtm.1","action":"SyncServerConnectionManagerRequest", "result":"SYNC_SERVER_OK", "context":{"environment":"Prod_EastUS2_000e", "migrationStage":"NotStarted", "server":"GENERAL0100001D"}}
{"logTime": "1017/144822", "correlationVector":"X3nUAdmKOa2XsWddJ7sBtm.2","action":"Commit Response", "result":"Success", "context":Result: Success. cV=X3nUAdmKOa2XsWddJ7sBtm.0;server=GENERAL0100001D;cloudType=Consumer;environment=Prod_EastUS2_000e;migrationStage=NotStarted}
{"logTime": "1017/144852", "correlationVector":"wAUZh0HUGJKAzHNA0HPukX","action":"Normal GetUpdate request", "result":"", "context":cV=wAUZh0HUGJKAzHNA0HPukX
Nudged types: Sessions}
{"logTime": "1017/144853", "correlationVector":"wAUZh0HUGJKAzHNA0HPukX.1","action":"SyncServerConnectionManagerRequest", "result":"SYNC_SERVER_OK", "context":{"environment":"Prod_WestUS_000v", "migrationStage":"MigrationComplete", "server":"GENERAL01000002"}}
{"logTime": "1017/144853", "correlationVector":"wAUZh0HUGJKAzHNA0HPukX.2","action":"GetUpdates Response", "result":"Success", "context":Received 3 update(s). cV=wAUZh0HUGJKAzHNA0HPukX.0;server=GENERAL01000002;cloudType=Consumer;environment=Prod_WestUS_000v;migrationStage=MigrationComplete}
{"logTime": "1017/144853", "correlationVector":"GxDkfJBUR2mzh48RBZkRFK","action":"DoCompareDataConsistency requsted types: ", "result":"Bookmarks, Preferences, Passwords, Typed URLs, Extensions, Extension settings, History Delete Directives, Send Tab To Self, Web Apps, Collection, Edge E Drop, Edge Tab Group, Edge Wallet, Encryption Keys"}
{"logTime": "1017/144853", "correlationVector":"GxDkfJBUR2mzh48RBZkRFK.0","action":"CompareDataConsistency result: ", "result":"Compare result: Encryption Keys is consistent. local entities count is: 1 local entities hash is: OysR0iGDaRYJvs0jK4lSCS8hQEI="}
{"logTime": "1017/144853", "correlationVector":"GxDkfJBUR2mzh48RBZkRFK.1","action":"CompareDataConsistency result: ", "result":"Compare result: Bookmarks is consistent. local entities count is: 4 local entities hash is: 3Z5Y9+FOc2JOGjbvRv3vRjazuLo="}
{"logTime": "1017/144853", "correlationVector":"GxDkfJBUR2mzh48RBZkRFK.2","action":"CompareDataConsistency result: ", "result":"Compare result: Preferences is consistent. local entities count is: 46 local entities hash is: 4UMnAMNhwEsSEyFmIK5L5jDMV2g="}
{"logTime": "1017/144853", "correlationVector":"GxDkfJBUR2mzh48RBZkRFK.3","action":"CompareDataConsistency result: ", "result":"Server did not send this Typed URLs local entities count is: 0 local entities hash is: "}
{"logTime": "1017/144853", "correlationVector":"GxDkfJBUR2mzh48RBZkRFK.4","action":"CompareDataConsistency result: ", "result":"Compare result: Extensions is consistent. local entities count is: 0 local entities hash is: "}
{"logTime": "1017/144853", "correlationVector":"GxDkfJBUR2mzh48RBZkRFK.5","action":"CompareDataConsistency result: ", "result":"Compare result: Extension settings is consistent. local entities count is: 0 local entities hash is: "}
{"logTime": "1017/144853", "correlationVector":"GxDkfJBUR2mzh48RBZkRFK.6","action":"CompareDataConsistency result: ", "result":"Compare result: History Delete Directives is consistent. local entities count is: 0 local entities hash is: "}
{"logTime": "1017/144853", "correlationVector":"GxDkfJBUR2mzh48RBZkRFK.7","action":"CompareDataConsistency result: ", "result":"Server did not send this Send Tab To Self local entities count is: 0 local entities hash is: "}
{"logTime": "1017/144853", "correlationVector":"GxDkfJBUR2mzh48RBZkRFK.8","action":"CompareDataConsistency result: ", "result":"Compare result: Web Apps is consistent. local entities count is: 0 local entities hash is: "}
{"logTime": "1017/144853", "correlationVector":"GxDkfJBUR2mzh48RBZkRFK.9","action":"CompareDataConsistency result: ", "result":"Compare result: Collection is consistent. local entities count is: 0 local entities hash is: "}
{"logTime": "1017/144853", "correlationVector":"GxDkfJBUR2mzh48RBZkRFK.10","action":"CompareDataConsistency result: ", "result":"Compare result: Edge E Drop is consistent. local entities count is: 0 local entities hash is: "}
{"logTime": "1017/144853", "correlationVector":"GxDkfJBUR2mzh48RBZkRFK.11","action":"CompareDataConsistency result: ", "result":"Compare result: Edge Tab Group is consistent. local entities count is: 0 local entities hash is: "}
{"logTime": "1017/144853", "correlationVector":"GxDkfJBUR2mzh48RBZkRFK.12","action":"CompareDataConsistency result: ", "result":"Compare result: Edge Wallet is consistent. local entities count is: 0 local entities hash is: "}
{"logTime": "1017/144853", "correlationVector":"GxDkfJBUR2mzh48RBZkRFK.13","action":"CompareDataConsistency result: ", "result":"Compare result: Passwords is consistent. local entities count is: 7 local entities hash is: 7L6d65tMCzewBC9qjVhRryx+lns="}
{"logTime": "1017/144853", "correlationVector":"pzWBwRMxXPHQRTOlf0+6jn","action":"Commit Request", "result":"", "context":Item count: 2
Contributing types: Sessions}
{"logTime": "1017/144853", "correlationVector":"pzWBwRMxXPHQRTOlf0+6jn.1","action":"SyncServerConnectionManagerRequest", "result":"SYNC_SERVER_OK", "context":{"environment":"Prod_EastUS2_000e", "migrationStage":"NotStarted", "server":"general0100000C"}}
{"logTime": "1017/144853", "correlationVector":"pzWBwRMxXPHQRTOlf0+6jn.3","action":"Commit.Sessions", "result":"Success", "context":{"id":"40b50d66-2597-447c-b8b6-c73c3932fab5", "isDeleted":"true", "size":"0", "version":"1729176502050"}}
{"logTime": "1017/144853", "correlationVector":"pzWBwRMxXPHQRTOlf0+6jn.2","action":"Commit Response", "result":"Success", "context":Result: Success. cV=pzWBwRMxXPHQRTOlf0+6jn.0;server=general0100000C;cloudType=Consumer;environment=Prod_EastUS2_000e;migrationStage=NotStarted}
{"logTime": "1017/144853", "correlationVector":"","action":"DIAGNOSTIC_REQUEST|v1/diagnosticData/Diagnostic.SendCheckResult()|SUCCESS", "result":""}
{"logTime": "1017/145024", "correlationVector":"sGNcZaSMmv431CHrrpuE2I","action":"Commit Request", "result":"", "context":Item count: 1
Contributing types: Sessions}
{"logTime": "1017/145025", "correlationVector":"sGNcZaSMmv431CHrrpuE2I.1","action":"SyncServerConnectionManagerRequest", "result":"SYNC_SERVER_OK", "context":{"environment":"Prod_EastUS2_000e", "migrationStage":"NotStarted", "server":"GENERAL0100002D"}}
{"logTime": "1017/145025", "correlationVector":"sGNcZaSMmv431CHrrpuE2I.2","action":"Commit Response", "result":"Success", "context":Result: Success. cV=sGNcZaSMmv431CHrrpuE2I.0;server=GENERAL0100002D;cloudType=Consumer;environment=Prod_EastUS2_000e;migrationStage=NotStarted}
{"logTime": "1017/145140", "correlationVector":"eIp5Q/2a7HXaOct3SFj1A9","action":"Commit Request", "result":"", "context":Item count: 1
Contributing types: Sessions}
{"logTime": "1017/145140", "correlationVector":"eIp5Q/2a7HXaOct3SFj1A9.1","action":"SyncServerConnectionManagerRequest", "result":"SYNC_SERVER_OK", "context":{"environment":"Prod_EastUS2_000e", "migrationStage":"NotStarted", "server":"GENERAL01000004"}}
{"logTime": "1017/145140", "correlationVector":"eIp5Q/2a7HXaOct3SFj1A9.2","action":"Commit Response", "result":"Success", "context":Result: Success. cV=eIp5Q/2a7HXaOct3SFj1A9.0;server=GENERAL01000004;cloudType=Consumer;environment=Prod_EastUS2_000e;migrationStage=NotStarted}
{"logTime": "1017/145256", "correlationVector":"rxf3vzSvSdswNmaQDJaP4L","action":"Normal GetUpdate request", "result":"", "context":cV=rxf3vzSvSdswNmaQDJaP4L
Refresh requested types: Bookmarks, Preferences, Passwords, Autofill Profiles, Autofill, Typed URLs, Extensions, Sessions, Extension settings, History Delete Directives, Device Info, User Consents, Send Tab To Self, Web Apps, Collection, Edge E Drop, Edge Hub App Usage, Edge Tab Group, Edge Wallet, Encryption Keys}
{"logTime": "1017/145259", "correlationVector":"rxf3vzSvSdswNmaQDJaP4L.1","action":"SyncServerConnectionManagerRequest", "result":"SYNC_SERVER_OK", "context":{"environment":"Prod_EastUS2_000e", "migrationStage":"MigrationComplete", "server":"GENERAL01000009"}}
{"logTime": "1017/145259", "correlationVector":"rxf3vzSvSdswNmaQDJaP4L.2","action":"GetUpdates", "result":"DeleteReceived", "context":{"id":"40b50d66-2597-447c-b8b6-c73c3932fab5", "isDeleted:":"true", "version":"1729176533222"}}
{"logTime": "1017/145259", "correlationVector":"rxf3vzSvSdswNmaQDJaP4L.3","action":"GetUpdates Response", "result":"Success", "context":Received 2 update(s). cV=rxf3vzSvSdswNmaQDJaP4L.0;server=GENERAL01000009;cloudType=Consumer;environment=Prod_EastUS2_000e;migrationStage=MigrationComplete}
{"logTime": "1017/150057", "correlationVector":"WWPi1I60o+TumA5sR3/C40","action":"Commit Request", "result":"", "context":Item count: 1
Contributing types: Sessions}
{"logTime": "1017/150057", "correlationVector":"WWPi1I60o+TumA5sR3/C40.1","action":"SyncServerConnectionManagerRequest", "result":"SYNC_SERVER_OK", "context":{"environment":"Prod_EastUS2_000e", "migrationStage":"NotStarted", "server":"GENERAL0100002D"}}
{"logTime": "1017/150057", "correlationVector":"WWPi1I60o+TumA5sR3/C40.2","action":"Commit Response", "result":"Success", "context":Result: Success. cV=WWPi1I60o+TumA5sR3/C40.0;server=GENERAL0100002D;cloudType=Consumer;environment=Prod_EastUS2_000e;migrationStage=NotStarted}
{"logTime": "1017/151433", "correlationVector":"wpfsA0GBpHhwegal17E+Go","action":"Commit Request", "result":"", "context":Item count: 1
Contributing types: Sessions}
{"logTime": "1017/151434", "correlationVector":"wpfsA0GBpHhwegal17E+Go.1","action":"SyncServerConnectionManagerRequest", "result":"SYNC_SERVER_OK", "context":{"environment":"Prod_EastUS2_000e", "migrationStage":"NotStarted", "server":"GENERAL0100002C"}}
{"logTime": "1017/151434", "correlationVector":"wpfsA0GBpHhwegal17E+Go.2","action":"Commit Response", "result":"Success", "context":Result: Success. cV=wpfsA0GBpHhwegal17E+Go.0;server=GENERAL0100002C;cloudType=Consumer;environment=Prod_EastUS2_000e;migrationStage=NotStarted}
{"logTime": "1017/151533", "correlationVector":"nvKM5e/LVBVe5VsKOQN+Ke","action":"Commit Request", "result":"", "context":Item count: 1
Contributing types: Sessions}
{"logTime": "1017/151533", "correlationVector":"nvKM5e/LVBVe5VsKOQN+Ke.1","action":"SyncServerConnectionManagerRequest", "result":"SYNC_SERVER_OK", "context":{"environment":"Prod_EastUS2_000e", "migrationStage":"NotStarted", "server":"GENERAL01000028"}}
{"logTime": "1017/151533", "correlationVector":"nvKM5e/LVBVe5VsKOQN+Ke.2","action":"Commit Response", "result":"Success", "context":Result: Success. cV=nvKM5e/LVBVe5VsKOQN+Ke.0;server=GENERAL01000028;cloudType=Consumer;environment=Prod_EastUS2_000e;migrationStage=NotStarted}
{"logTime": "1017/152930", "correlationVector":"8bsUA9YZnW2mc3NcKSnQhr","action":"Commit Request", "result":"", "context":Item count: 1
Contributing types: Sessions}
{"logTime": "1017/152931", "correlationVector":"8bsUA9YZnW2mc3NcKSnQhr.1","action":"SyncServerConnectionManagerRequest", "result":"SYNC_SERVER_OK", "context":{"environment":"Prod_EastUS2_000e", "migrationStage":"NotStarted", "server":"general0100002U"}}
{"logTime": "1017/152931", "correlationVector":"8bsUA9YZnW2mc3NcKSnQhr.2","action":"Commit Response", "result":"Success", "context":Result: Success. cV=8bsUA9YZnW2mc3NcKSnQhr.0;server=general0100002U;cloudType=Consumer;environment=Prod_EastUS2_000e;migrationStage=NotStarted}
{"logTime": "1017/154907", "correlationVector":"MlcD/dkvU3wAZpu678v8Vn","action":"Commit Request", "result":"", "context":Item count: 1
Contributing types: Sessions}
{"logTime": "1017/154908", "correlationVector":"MlcD/dkvU3wAZpu678v8Vn.1","action":"SyncServerConnectionManagerRequest", "result":"SYNC_SERVER_OK", "context":{"environment":"Prod_EastUS2_000e", "migrationStage":"NotStarted", "server":"GENERAL01000004"}}
{"logTime": "1017/154908", "correlationVector":"MlcD/dkvU3wAZpu678v8Vn.2","action":"Commit Response", "result":"Success", "context":Result: Success. cV=MlcD/dkvU3wAZpu678v8Vn.0;server=GENERAL01000004;cloudType=Consumer;environment=Prod_EastUS2_000e;migrationStage=NotStarted}
{"logTime": "1017/154953", "correlationVector":"O5Rq+JyrVIOZ2d6jcRj1v0","action":"Commit Request", "result":"", "context":Item count: 1
Contributing types: Sessions}
{"logTime": "1017/154954", "correlationVector":"O5Rq+JyrVIOZ2d6jcRj1v0.1","action":"SyncServerConnectionManagerRequest", "result":"SYNC_SERVER_OK", "context":{"environment":"Prod_EastUS2_000e", "migrationStage":"NotStarted", "server":"GENERAL0100002O"}}
{"logTime": "1017/154954", "correlationVector":"O5Rq+JyrVIOZ2d6jcRj1v0.2","action":"Commit Response", "result":"Success", "context":Result: Success. cV=O5Rq+JyrVIOZ2d6jcRj1v0.0;server=GENERAL0100002O;cloudType=Consumer;environment=Prod_EastUS2_000e;migrationStage=NotStarted}
{"logTime": "1017/155028", "correlationVector":"YiSHcF6/4KelVKS2QWIfZf","action":"Commit Request", "result":"", "context":Item count: 1
Contributing types: Sessions}
{"logTime": "1017/155029", "correlationVector":"YiSHcF6/4KelVKS2QWIfZf.1","action":"SyncServerConnectionManagerRequest", "result":"SYNC_SERVER_OK", "context":{"environment":"Prod_EastUS2_000e", "migrationStage":"NotStarted", "server":"GENERAL01000001"}}
{"logTime": "1017/155029", "correlationVector":"YiSHcF6/4KelVKS2QWIfZf.2","action":"Commit Response", "result":"Success", "context":Result: Success. cV=YiSHcF6/4KelVKS2QWIfZf.0;server=GENERAL01000001;cloudType=Consumer;environment=Prod_EastUS2_000e;migrationStage=NotStarted}
{"logTime": "1017/160345", "correlationVector":"6QRxa7GuMNW5bpD5t8M3y9","action":"Commit Request", "result":"", "context":Item count: 1
Contributing types: Sessions}
{"logTime": "1017/160345", "correlationVector":"6QRxa7GuMNW5bpD5t8M3y9.1","action":"SyncServerConnectionManagerRequest", "result":"SYNC_SERVER_OK", "context":{"environment":"Prod_EastUS2_000e", "migrationStage":"NotStarted", "server":"GENERAL0100002Q"}}
{"logTime": "1017/160345", "correlationVector":"6QRxa7GuMNW5bpD5t8M3y9.2","action":"Commit Response", "result":"Success", "context":Result: Success. cV=6QRxa7GuMNW5bpD5t8M3y9.0;server=GENERAL0100002Q;cloudType=Consumer;environment=Prod_EastUS2_000e;migrationStage=NotStarted}
{"logTime": "1017/161550", "correlationVector":"QGOi4uKJNLBNjjQtekc+G3","action":"Commit Request", "result":"", "context":Item count: 1
Contributing types: Sessions}
{"logTime": "1017/161551", "correlationVector":"QGOi4uKJNLBNjjQtekc+G3.1","action":"SyncServerConnectionManagerRequest", "result":"SYNC_SERVER_OK", "context":{"environment":"Prod_EastUS2_000e", "migrationStage":"NotStarted", "server":"GENERAL01000018"}}
{"logTime": "1017/161551", "correlationVector":"QGOi4uKJNLBNjjQtekc+G3.2","action":"Commit Response", "result":"Success", "context":Result: Success. cV=QGOi4uKJNLBNjjQtekc+G3.0;server=GENERAL01000018;cloudType=Consumer;environment=Prod_EastUS2_000e;migrationStage=NotStarted}
{"logTime": "1017/164250", "correlationVector":"tE9+wv5WlFkvQ/LxmY/jaW.1","action":"SyncServerConnectionManagerRequest", "result":"SYNC_SERVER_OK", "context":{"environment":"Prod_EastUS2_000e", "migrationStage":"MigrationComplete", "server":"GENERAL0100002C"}}
{"logTime": "1017/164251", "correlationVector":"SMLu+oVRVWTArWYTenwtJW","action":"SyncServerConnectionManagerRequest", "result":"SYNC_SERVER_OK", "context":{"environment":"", "migrationStage":"", "server":""}}
{"logTime": "1017/164251", "correlationVector":"tE9+wv5WlFkvQ/LxmY/jaW","action":"Initial GetUpdates", "result":"", "context":Reason: NEW_CLIENT. cV=tE9+wv5WlFkvQ/LxmY/jaW}
{"logTime": "1017/164251", "correlationVector":"tE9+wv5WlFkvQ/LxmY/jaW.2","action":"GetUpdates Response", "result":"Success", "context":Received 1 update(s). cV=tE9+wv5WlFkvQ/LxmY/jaW.0;server=GENERAL0100002C;cloudType=Consumer;environment=Prod_EastUS2_000e;migrationStage=MigrationComplete}
{"logTime": "1017/164251", "correlationVector":"qiw7xdCJ1K1o1zqAWwZ9Gf","action":"Initial GetUpdates", "result":"", "context":Reason: NEWLY_SUPPORTED_DATATYPE. cV=qiw7xdCJ1K1o1zqAWwZ9Gf}
{"logTime": "1017/164252", "correlationVector":"qiw7xdCJ1K1o1zqAWwZ9Gf.1","action":"SyncServerConnectionManagerRequest", "result":"SYNC_SERVER_OK", "context":{"environment":"Prod_EastUS2_000e", "migrationStage":"MigrationComplete", "server":"GENERAL0100001R"}}
{"logTime": "1017/164252", "correlationVector":"qiw7xdCJ1K1o1zqAWwZ9Gf.2","action":"GetUpdates Response", "result":"Success", "context":Received 7 update(s). cV=qiw7xdCJ1K1o1zqAWwZ9Gf.0;server=GENERAL0100001R;cloudType=Consumer;environment=Prod_EastUS2_000e;migrationStage=MigrationComplete}
{"logTime": "1017/164252", "correlationVector":"941fh/5ANT6DzyOkOTZb/A","action":"Normal GetUpdate request", "result":"", "context":cV=941fh/5ANT6DzyOkOTZb/A
Nudged types: Sessions
Refresh requested types: Bookmarks, Preferences, Passwords, Autofill Profiles, Autofill, Typed URLs, Extensions, Sessions, Extension settings, History Delete Directives, Device Info, User Consents, Send Tab To Self, Web Apps, Collection, Edge E Drop, Edge Hub App Usage, Edge Tab Group, Edge Wallet, Encryption Keys}
{"logTime": "1017/164252", "correlationVector":"941fh/5ANT6DzyOkOTZb/A.1","action":"SyncServerConnectionManagerRequest", "result":"SYNC_SERVER_OK", "context":{"environment":"Prod_EastUS2_000e", "migrationStage":"MigrationComplete", "server":"GENERAL01000024"}}
{"logTime": "1017/164252", "correlationVector":"941fh/5ANT6DzyOkOTZb/A.2","action":"GetUpdates Response", "result":"Success", "context":Received 1 update(s). cV=941fh/5ANT6DzyOkOTZb/A.0;server=GENERAL01000024;cloudType=Consumer;environment=Prod_EastUS2_000e;migrationStage=MigrationComplete}
{"logTime": "1017/164252", "correlationVector":"SIo4gobRrV0udsS2Gzz0Gd","action":"Commit Request", "result":"", "context":Item count: 3
Contributing types: Sessions}
{"logTime": "1017/164252", "correlationVector":"SIo4gobRrV0udsS2Gzz0Gd.1","action":"SyncServerConnectionManagerRequest", "result":"SYNC_SERVER_OK", "context":{"environment":"Prod_EastUS2_000e", "migrationStage":"NotStarted", "server":"GENERAL0100002O"}}
{"logTime": "1017/164252", "correlationVector":"SIo4gobRrV0udsS2Gzz0Gd.2","action":"Commit Response", "result":"Success", "context":Result: Success. cV=SIo4gobRrV0udsS2Gzz0Gd.0;server=GENERAL0100002O;cloudType=Consumer;environment=Prod_EastUS2_000e;migrationStage=NotStarted}
{"logTime": "1017/164252", "correlationVector":"SIo4gobRrV0udsS2Gzz0Gd.3","action":"Commit.Sessions", "result":"Success", "context":{"id":"69b36c3a-6e72-4474-9686-5b2c8a8d4351", "isDeleted":"true", "size":"0", "version":"1729181750594"}}
{"logTime": "1017/164322", "correlationVector":"dVKBSJVs7e4g2X1Mr4/rER","action":"Normal GetUpdate request", "result":"", "context":cV=dVKBSJVs7e4g2X1Mr4/rER
Nudged types: Sessions}
{"logTime": "1017/164323", "correlationVector":"dVKBSJVs7e4g2X1Mr4/rER.1","action":"SyncServerConnectionManagerRequest", "result":"SYNC_SERVER_OK", "context":{"environment":"Prod_EastUS2_000e", "migrationStage":"MigrationComplete", "server":"GENERAL0100001H"}}
{"logTime": "1017/164323", "correlationVector":"dVKBSJVs7e4g2X1Mr4/rER.2","action":"GetUpdates", "result":"DeleteReceived", "context":{"id":"69b36c3a-6e72-4474-9686-5b2c8a8d4351", "isDeleted:":"true", "version":"1729183372371"}}
{"logTime": "1017/164323", "correlationVector":"dVKBSJVs7e4g2X1Mr4/rER.3","action":"GetUpdates Response", "result":"Success", "context":Received 3 update(s). cV=dVKBSJVs7e4g2X1Mr4/rER.0;server=GENERAL0100001H;cloudType=Consumer;environment=Prod_EastUS2_000e;migrationStage=MigrationComplete}
{"logTime": "1017/164323", "correlationVector":"aO9JeljJ9Qsg+nct7YkPxK","action":"Commit Request", "result":"", "context":Item count: 1
Contributing types: Sessions}
{"logTime": "1017/164323", "correlationVector":"aO9JeljJ9Qsg+nct7YkPxK.1","action":"SyncServerConnectionManagerRequest", "result":"SYNC_SERVER_OK", "context":{"environment":"Prod_EastUS2_000e", "migrationStage":"NotStarted", "server":"GENERAL0100002O"}}
{"logTime": "1017/164323", "correlationVector":"aO9JeljJ9Qsg+nct7YkPxK.2","action":"Commit Response", "result":"Success", "context":Result: Success. cV=aO9JeljJ9Qsg+nct7YkPxK.0;server=GENERAL0100002O;cloudType=Consumer;environment=Prod_EastUS2_000e;migrationStage=NotStarted}
{"logTime": "1017/164353", "correlationVector":"NlME5n5FkN2S2XwI8EWPor","action":"Commit Request", "result":"", "context":Item count: 1
Contributing types: Sessions}
{"logTime": "1017/164354", "correlationVector":"NlME5n5FkN2S2XwI8EWPor.1","action":"SyncServerConnectionManagerRequest", "result":"SYNC_SERVER_OK", "context":{"environment":"Prod_EastUS2_000e", "migrationStage":"NotStarted", "server":"GENERAL01000015"}}
{"logTime": "1017/164354", "correlationVector":"NlME5n5FkN2S2XwI8EWPor.2","action":"Commit Response", "result":"Success", "context":Result: Success. cV=NlME5n5FkN2S2XwI8EWPor.0;server=GENERAL01000015;cloudType=Consumer;environment=Prod_EastUS2_000e;migrationStage=NotStarted}
{"logTime": "1017/164428", "correlationVector":"DNxGD72ICF26taeJmkMB5m","action":"Commit Request", "result":"", "context":Item count: 1
Contributing types: Sessions}
{"logTime": "1017/164428", "correlationVector":"DNxGD72ICF26taeJmkMB5m.1","action":"SyncServerConnectionManagerRequest", "result":"SYNC_SERVER_OK", "context":{"environment":"Prod_EastUS2_000e", "migrationStage":"NotStarted", "server":"GENERAL0100000K"}}
{"logTime": "1017/164428", "correlationVector":"DNxGD72ICF26taeJmkMB5m.2","action":"Commit Response", "result":"Success", "context":Result: Success. cV=DNxGD72ICF26taeJmkMB5m.0;server=GENERAL0100000K;cloudType=Consumer;environment=Prod_EastUS2_000e;migrationStage=NotStarted}
{"logTime": "1017/164749", "correlationVector":"hE5bBXAz5W1pPPOutV+jt6","action":"Normal GetUpdate request", "result":"", "context":cV=hE5bBXAz5W1pPPOutV+jt6
Refresh requested types: Bookmarks, Preferences, Passwords, Autofill Profiles, Autofill, Typed URLs, Extensions, Sessions, Extension settings, History Delete Directives, Device Info, User Consents, Send Tab To Self, Web Apps, Collection, Edge E Drop, Edge Hub App Usage, Edge Tab Group, Edge Wallet, Encryption Keys}
{"logTime": "1017/164750", "correlationVector":"hE5bBXAz5W1pPPOutV+jt6.1","action":"SyncServerConnectionManagerRequest", "result":"SYNC_SERVER_OK", "context":{"environment":"Prod_EastUS2_000e", "migrationStage":"MigrationComplete", "server":"GENERAL0100001P"}}
{"logTime": "1017/164750", "correlationVector":"hE5bBXAz5W1pPPOutV+jt6.2","action":"GetUpdates Response", "result":"Success", "context":Received 1 update(s). cV=hE5bBXAz5W1pPPOutV+jt6.0;server=GENERAL0100001P;cloudType=Consumer;environment=Prod_EastUS2_000e;migrationStage=MigrationComplete}
{"logTime": "1017/165324", "correlationVector":"JCMJQrWGAMYZf28LZOHX/d","action":"Commit Request", "result":"", "context":Item count: 1
Contributing types: Sessions}
{"logTime": "1017/165324", "correlationVector":"JCMJQrWGAMYZf28LZOHX/d.1","action":"SyncServerConnectionManagerRequest", "result":"SYNC_SERVER_OK", "context":{"environment":"Prod_EastUS2_000e", "migrationStage":"NotStarted", "server":"GENERAL0100001J"}}
{"logTime": "1017/165324", "correlationVector":"JCMJQrWGAMYZf28LZOHX/d.2","action":"Commit Response", "result":"Success", "context":Result: Success. cV=JCMJQrWGAMYZf28LZOHX/d.0;server=GENERAL0100001J;cloudType=Consumer;environment=Prod_EastUS2_000e;migrationStage=NotStarted}
{"logTime": "1017/165526", "correlationVector":"oUNgp6cNAUHDtW2yHjJNBh","action":"Commit Request", "result":"", "context":Item count: 2
Contributing types: Passwords, Sessions}
{"logTime": "1017/165527", "correlationVector":"oUNgp6cNAUHDtW2yHjJNBh.1","action":"SyncServerConnectionManagerRequest", "result":"SYNC_SERVER_OK", "context":{"environment":"Prod_EastUS2_000e", "migrationStage":"MigrationComplete", "server":"GENERAL0100000U"}}
{"logTime": "1017/165527", "correlationVector":"oUNgp6cNAUHDtW2yHjJNBh.2","action":"Commit Response", "result":"Success", "context":Result: Success. cV=oUNgp6cNAUHDtW2yHjJNBh.0;server=GENERAL0100000U;cloudType=Consumer;environment=Prod_EastUS2_000e;migrationStage=MigrationComplete}
{"logTime": "1017/165608", "correlationVector":"FrK2ZL1Rt/On3rU8Lio6bR.1","action":"SyncServerConnectionManagerRequest", "result":"SYNC_SERVER_OK", "context":{"environment":"Prod_EastUS2_000e", "migrationStage":"MigrationComplete", "server":"GENERAL01000001"}}
{"logTime": "1017/165608", "correlationVector":"sw/W7b8Hq2yeysgB3bbDI/","action":"SyncServerConnectionManagerRequest", "result":"SYNC_SERVER_OK", "context":{"environment":"", "migrationStage":"", "server":""}}
{"logTime": "1017/165608", "correlationVector":"FrK2ZL1Rt/On3rU8Lio6bR","action":"Initial GetUpdates", "result":"", "context":Reason: NEW_CLIENT. cV=FrK2ZL1Rt/On3rU8Lio6bR}
{"logTime": "1017/165608", "correlationVector":"FrK2ZL1Rt/On3rU8Lio6bR.2","action":"GetUpdates Response", "result":"Success", "context":Received 1 update(s). cV=FrK2ZL1Rt/On3rU8Lio6bR.0;server=GENERAL01000001;cloudType=Consumer;environment=Prod_EastUS2_000e;migrationStage=MigrationComplete}
{"logTime": "1017/165608", "correlationVector":"KmiXEocG1MtaC0ABVgRvBG","action":"Initial GetUpdates", "result":"", "context":Reason: NEWLY_SUPPORTED_DATATYPE. cV=KmiXEocG1MtaC0ABVgRvBG}
{"logTime": "1017/165609", "correlationVector":"KmiXEocG1MtaC0ABVgRvBG.1","action":"SyncServerConnectionManagerRequest", "result":"SYNC_SERVER_OK", "context":{"environment":"Prod_EastUS2_000e", "migrationStage":"MigrationComplete", "server":"GENERAL0100002O"}}
{"logTime": "1017/165609", "correlationVector":"KmiXEocG1MtaC0ABVgRvBG.2","action":"GetUpdates Response", "result":"Success", "context":Received 8 update(s). cV=KmiXEocG1MtaC0ABVgRvBG.0;server=GENERAL0100002O;cloudType=Consumer;environment=Prod_EastUS2_000e;migrationStage=MigrationComplete}
{"logTime": "1017/165609", "correlationVector":"Ss55aHZtZDGnMeZ3sairLn","action":"Normal GetUpdate request", "result":"", "context":cV=Ss55aHZtZDGnMeZ3sairLn
Nudged types: Sessions
Refresh requested types: Bookmarks, Preferences, Passwords, Autofill Profiles, Autofill, Typed URLs, Extensions, Sessions, Extension settings, History Delete Directives, Device Info, User Consents, Send Tab To Self, Web Apps, Collection, Edge E Drop, Edge Hub App Usage, Edge Tab Group, Edge Wallet, Encryption Keys}
{"logTime": "1017/165609", "correlationVector":"Ss55aHZtZDGnMeZ3sairLn.1","action":"SyncServerConnectionManagerRequest", "result":"SYNC_SERVER_OK", "context":{"environment":"Prod_EastUS2_000e", "migrationStage":"MigrationComplete", "server":"GENERAL0100002R"}}
{"logTime": "1017/165609", "correlationVector":"Ss55aHZtZDGnMeZ3sairLn.2","action":"GetUpdates Response", "result":"Success", "context":Received 1 update(s). cV=Ss55aHZtZDGnMeZ3sairLn.0;server=GENERAL0100002R;cloudType=Consumer;environment=Prod_EastUS2_000e;migrationStage=MigrationComplete}
{"logTime": "1017/165609", "correlationVector":"Lecly9hfj1FsrPH/LuiZaU","action":"Commit Request", "result":"", "context":Item count: 3
Contributing types: Sessions}
{"logTime": "1017/165610", "correlationVector":"Lecly9hfj1FsrPH/LuiZaU.1","action":"SyncServerConnectionManagerRequest", "result":"SYNC_SERVER_OK", "context":{"environment":"Prod_EastUS2_000e", "migrationStage":"NotStarted", "server":"GENERAL01000021"}}
{"logTime": "1017/165610", "correlationVector":"Lecly9hfj1FsrPH/LuiZaU.2","action":"Commit Response", "result":"Success", "context":Result: Success. cV=Lecly9hfj1FsrPH/LuiZaU.0;server=GENERAL01000021;cloudType=Consumer;environment=Prod_EastUS2_000e;migrationStage=NotStarted}
{"logTime": "1017/165640", "correlationVector":"9SYNg72IOj2bN7bEXJMiem","action":"Normal GetUpdate request", "result":"", "context":cV=9SYNg72IOj2bN7bEXJMiem
Nudged types: Sessions}
{"logTime": "1017/165640", "correlationVector":"9SYNg72IOj2bN7bEXJMiem.1","action":"SyncServerConnectionManagerRequest", "result":"SYNC_SERVER_OK", "context":{"environment":"Prod_EastUS2_000e", "migrationStage":"MigrationComplete", "server":"GENERAL0100002K"}}
{"logTime": "1017/165640", "correlationVector":"9SYNg72IOj2bN7bEXJMiem.2","action":"GetUpdates Response", "result":"Success", "context":Received 3 update(s). cV=9SYNg72IOj2bN7bEXJMiem.0;server=GENERAL0100002K;cloudType=Consumer;environment=Prod_EastUS2_000e;migrationStage=MigrationComplete}
{"logTime": "1017/165640", "correlationVector":"wBH2dYVT3hthuXk2qs/gvB","action":"Commit Request", "result":"", "context":Item count: 2
Contributing types: Sessions}
{"logTime": "1017/165641", "correlationVector":"wBH2dYVT3hthuXk2qs/gvB.1","action":"SyncServerConnectionManagerRequest", "result":"SYNC_SERVER_OK", "context":{"environment":"Prod_EastUS2_000e", "migrationStage":"NotStarted", "server":"GENERAL01000020"}}
{"logTime": "1017/165641", "correlationVector":"wBH2dYVT3hthuXk2qs/gvB.2","action":"Commit Response", "result":"Success", "context":Result: Success. cV=wBH2dYVT3hthuXk2qs/gvB.0;server=GENERAL01000020;cloudType=Consumer;environment=Prod_EastUS2_000e;migrationStage=NotStarted}
{"logTime": "1017/165641", "correlationVector":"wBH2dYVT3hthuXk2qs/gvB.3","action":"Commit.Sessions", "result":"Success", "context":{"id":"499a7bf5-8fcd-434f-9743-26e6048827fd", "isDeleted":"true", "size":"0", "version":"1729184169656"}}
{"logTime": "1017/165941", "correlationVector":"Tk/mCCsI2CKQs7VN9hoFt/","action":"Commit Request", "result":"", "context":Item count: 1
Contributing types: Sessions}
{"logTime": "1017/165942", "correlationVector":"Tk/mCCsI2CKQs7VN9hoFt/.1","action":"SyncServerConnectionManagerRequest", "result":"SYNC_SERVER_OK", "context":{"environment":"Prod_EastUS2_000e", "migrationStage":"NotStarted", "server":"GENERAL0100000Y"}}
{"logTime": "1017/165942", "correlationVector":"Tk/mCCsI2CKQs7VN9hoFt/.2","action":"Commit Response", "result":"Success", "context":Result: Success. cV=Tk/mCCsI2CKQs7VN9hoFt/.0;server=GENERAL0100000Y;cloudType=Consumer;environment=Prod_EastUS2_000e;migrationStage=NotStarted}
{"logTime": "1017/170055", "correlationVector":"ghGZEjqw5ZSzlXBa230vS9","action":"Commit Request", "result":"", "context":Item count: 1
Contributing types: Sessions}
{"logTime": "1017/170055", "correlationVector":"ghGZEjqw5ZSzlXBa230vS9.1","action":"SyncServerConnectionManagerRequest", "result":"SYNC_SERVER_OK", "context":{"environment":"Prod_EastUS2_000e", "migrationStage":"NotStarted", "server":"GENERAL0100002C"}}
{"logTime": "1017/170055", "correlationVector":"ghGZEjqw5ZSzlXBa230vS9.2","action":"Commit Response", "result":"Success", "context":Result: Success. cV=ghGZEjqw5ZSzlXBa230vS9.0;server=GENERAL0100002C;cloudType=Consumer;environment=Prod_EastUS2_000e;migrationStage=NotStarted}
{"logTime": "1017/170106", "correlationVector":"GG63TwjCOk8eOfpAqcsP+U","action":"Normal GetUpdate request", "result":"", "context":cV=GG63TwjCOk8eOfpAqcsP+U
Refresh requested types: Bookmarks, Preferences, Passwords, Autofill Profiles, Autofill, Typed URLs, Extensions, Sessions, Extension settings, History Delete Directives, Device Info, User Consents, Send Tab To Self, Web Apps, Collection, Edge E Drop, Edge Hub App Usage, Edge Tab Group, Edge Wallet, Encryption Keys}
{"logTime": "1017/170107", "correlationVector":"GG63TwjCOk8eOfpAqcsP+U.1","action":"SyncServerConnectionManagerRequest", "result":"SYNC_SERVER_OK", "context":{"environment":"Prod_WestUS_000v", "migrationStage":"MigrationComplete", "server":"GENERAL0100000O"}}
{"logTime": "1017/170107", "correlationVector":"GG63TwjCOk8eOfpAqcsP+U.2","action":"GetUpdates", "result":"DeleteReceived", "context":{"id":"499a7bf5-8fcd-434f-9743-26e6048827fd", "isDeleted:":"true", "version":"1729184200542"}}
{"logTime": "1017/170107", "correlationVector":"GG63TwjCOk8eOfpAqcsP+U.3","action":"GetUpdates Response", "result":"Success", "context":Received 2 update(s). cV=GG63TwjCOk8eOfpAqcsP+U.0;server=GENERAL0100000O;cloudType=Consumer;environment=Prod_WestUS_000v;migrationStage=MigrationComplete}
{"logTime": "1017/170936", "correlationVector":"mmxgVamC+vr2lgrfAuhPSw.1","action":"SyncServerConnectionManagerRequest", "result":"SYNC_SERVER_OK", "context":{"environment":"Prod_EastUS2_000e", "migrationStage":"MigrationComplete", "server":"GENERAL0100002J"}}
{"logTime": "1017/170937", "correlationVector":"ojOKEYz9aYdk2fBj4lTZyA","action":"SyncServerConnectionManagerRequest", "result":"SYNC_SERVER_OK", "context":{"environment":"", "migrationStage":"", "server":""}}
{"logTime": "1017/170937", "correlationVector":"mmxgVamC+vr2lgrfAuhPSw","action":"Initial GetUpdates", "result":"", "context":Reason: NEW_CLIENT. cV=mmxgVamC+vr2lgrfAuhPSw}
{"logTime": "1017/170937", "correlationVector":"mmxgVamC+vr2lgrfAuhPSw.2","action":"GetUpdates Response", "result":"Success", "context":Received 1 update(s). cV=mmxgVamC+vr2lgrfAuhPSw.0;server=GENERAL0100002J;cloudType=Consumer;environment=Prod_EastUS2_000e;migrationStage=MigrationComplete}
{"logTime": "1017/170937", "correlationVector":"/c7+Scei6MUHUk+1QOW4k0","action":"Initial GetUpdates", "result":"", "context":Reason: NEWLY_SUPPORTED_DATATYPE. cV=/c7+Scei6MUHUk+1QOW4k0}
{"logTime": "1017/170937", "correlationVector":"/c7+Scei6MUHUk+1QOW4k0.1","action":"SyncServerConnectionManagerRequest", "result":"SYNC_SERVER_OK", "context":{"environment":"Prod_EastUS2_000e", "migrationStage":"MigrationComplete", "server":"GENERAL01000011"}}
{"logTime": "1017/170937", "correlationVector":"/c7+Scei6MUHUk+1QOW4k0.2","action":"GetUpdates Response", "result":"Success", "context":Received 8 update(s). cV=/c7+Scei6MUHUk+1QOW4k0.0;server=GENERAL01000011;cloudType=Consumer;environment=Prod_EastUS2_000e;migrationStage=MigrationComplete}
{"logTime": "1017/170937", "correlationVector":"/7BFeBujTZe+FivpjSBOzf","action":"Normal GetUpdate request", "result":"", "context":cV=/7BFeBujTZe+FivpjSBOzf
Nudged types: Sessions
Refresh requested types: Bookmarks, Preferences, Passwords, Autofill Profiles, Autofill, Typed URLs, Extensions, Sessions, Extension settings, History Delete Directives, Device Info, User Consents, Send Tab To Self, Web Apps, Collection, Edge E Drop, Edge Hub App Usage, Edge Tab Group, Edge Wallet, Encryption Keys}
{"logTime": "1017/170938", "correlationVector":"/7BFeBujTZe+FivpjSBOzf.1","action":"SyncServerConnectionManagerRequest", "result":"SYNC_SERVER_OK", "context":{"environment":"Prod_EastUS2_000e", "migrationStage":"MigrationComplete", "server":"GENERAL0100001D"}}
{"logTime": "1017/170938", "correlationVector":"/7BFeBujTZe+FivpjSBOzf.2","action":"GetUpdates Response", "result":"Success", "context":Received 0 update(s). cV=/7BFeBujTZe+FivpjSBOzf.0;server=GENERAL0100001D;cloudType=Consumer;environment=Prod_EastUS2_000e;migrationStage=MigrationComplete}
{"logTime": "1017/170938", "correlationVector":"i2n73hZDkkuoqNvP9HyDCF","action":"Commit Request", "result":"", "context":Item count: 3
Contributing types: Sessions}
{"logTime": "1017/170938", "correlationVector":"i2n73hZDkkuoqNvP9HyDCF.1","action":"SyncServerConnectionManagerRequest", "result":"SYNC_SERVER_OK", "context":{"environment":"Prod_EastUS2_000e", "migrationStage":"NotStarted", "server":"GENERAL0100002M"}}
{"logTime": "1017/170938", "correlationVector":"i2n73hZDkkuoqNvP9HyDCF.3","action":"Commit.Sessions", "result":"Success", "context":{"id":"5e80ddb2-9f43-4b72-8feb-09e5965e0171", "isDeleted":"true", "size":"0", "version":"1729184454994"}}
{"logTime": "1017/170938", "correlationVector":"i2n73hZDkkuoqNvP9HyDCF.2","action":"Commit Response", "result":"Success", "context":Result: Success. cV=i2n73hZDkkuoqNvP9HyDCF.0;server=GENERAL0100002M;cloudType=Consumer;environment=Prod_EastUS2_000e;migrationStage=NotStarted}
{"logTime": "1017/171008", "correlationVector":"R/brq3PkHluNrFsQp4oJGK","action":"Normal GetUpdate request", "result":"", "context":cV=R/brq3PkHluNrFsQp4oJGK
Nudged types: Sessions}
{"logTime": "1017/171008", "correlationVector":"R/brq3PkHluNrFsQp4oJGK.1","action":"SyncServerConnectionManagerRequest", "result":"SYNC_SERVER_OK", "context":{"environment":"Prod_EastUS2_000e", "migrationStage":"MigrationComplete", "server":"GENERAL0100002L"}}
{"logTime": "1017/171008", "correlationVector":"R/brq3PkHluNrFsQp4oJGK.2","action":"GetUpdates", "result":"DeleteReceived", "context":{"id":"5e80ddb2-9f43-4b72-8feb-09e5965e0171", "isDeleted:":"true", "version":"1729184977959"}}
{"logTime": "1017/171008", "correlationVector":"R/brq3PkHluNrFsQp4oJGK.3","action":"GetUpdates Response", "result":"Success", "context":Received 3 update(s). cV=R/brq3PkHluNrFsQp4oJGK.0;server=GENERAL0100002L;cloudType=Consumer;environment=Prod_EastUS2_000e;migrationStage=MigrationComplete}
{"logTime": "1017/171008", "correlationVector":"vUW8MjH+WkHCuwTjsbklzY","action":"Commit Request", "result":"", "context":Item count: 1
Contributing types: Sessions}
{"logTime": "1017/171009", "correlationVector":"vUW8MjH+WkHCuwTjsbklzY.1","action":"SyncServerConnectionManagerRequest", "result":"SYNC_SERVER_OK", "context":{"environment":"Prod_EastUS2_000e", "migrationStage":"NotStarted", "server":"GENERAL01000022"}}
{"logTime": "1017/171009", "correlationVector":"vUW8MjH+WkHCuwTjsbklzY.2","action":"Commit Response", "result":"Success", "context":Result: Success. cV=vUW8MjH+WkHCuwTjsbklzY.0;server=GENERAL01000022;cloudType=Consumer;environment=Prod_EastUS2_000e;migrationStage=NotStarted}
{"logTime": "1017/171223", "correlationVector":"IwbHIFvyLJco7Pn1LNTwbO","action":"Commit Request", "result":"", "context":Item count: 1
Contributing types: Sessions}
{"logTime": "1017/171223", "correlationVector":"IwbHIFvyLJco7Pn1LNTwbO.1","action":"SyncServerConnectionManagerRequest", "result":"SYNC_SERVER_OK", "context":{"environment":"Prod_EastUS2_000e", "migrationStage":"NotStarted", "server":"GENERAL0100001W"}}
{"logTime": "1017/171223", "correlationVector":"IwbHIFvyLJco7Pn1LNTwbO.2","action":"Commit Response", "result":"Success", "context":Result: Success. cV=IwbHIFvyLJco7Pn1LNTwbO.0;server=GENERAL0100001W;cloudType=Consumer;environment=Prod_EastUS2_000e;migrationStage=NotStarted}
{"logTime": "1017/171435", "correlationVector":"VzZgww4bqxHcGeZOgwVnW2","action":"Normal GetUpdate request", "result":"", "context":cV=VzZgww4bqxHcGeZOgwVnW2
Refresh requested types: Bookmarks, Preferences, Passwords, Autofill Profiles, Autofill, Typed URLs, Extensions, Sessions, Extension settings, History Delete Directives, Device Info, User Consents, Send Tab To Self, Web Apps, Collection, Edge E Drop, Edge Hub App Usage, Edge Tab Group, Edge Wallet, Encryption Keys}
{"logTime": "1017/171436", "correlationVector":"VzZgww4bqxHcGeZOgwVnW2.1","action":"SyncServerConnectionManagerRequest", "result":"SYNC_SERVER_OK", "context":{"environment":"Prod_EastUS2_000e", "migrationStage":"MigrationComplete", "server":"GENERAL01000006"}}
{"logTime": "1017/171436", "correlationVector":"VzZgww4bqxHcGeZOgwVnW2.2","action":"GetUpdates Response", "result":"Success", "context":Received 1 update(s). cV=VzZgww4bqxHcGeZOgwVnW2.0;server=GENERAL01000006;cloudType=Consumer;environment=Prod_EastUS2_000e;migrationStage=MigrationComplete}
{"logTime": "1017/171734", "correlationVector":"037avFb0X6vN1j0veDljTY","action":"Commit Request", "result":"", "context":Item count: 1
Contributing types: Sessions}
{"logTime": "1017/171735", "correlationVector":"037avFb0X6vN1j0veDljTY.1","action":"SyncServerConnectionManagerRequest", "result":"SYNC_SERVER_OK", "context":{"environment":"Prod_EastUS2_000e", "migrationStage":"NotStarted", "server":"GENERAL01000014"}}
{"logTime": "1017/171735", "correlationVector":"037avFb0X6vN1j0veDljTY.2","action":"Commit Response", "result":"Success", "context":Result: Success. cV=037avFb0X6vN1j0veDljTY.0;server=GENERAL01000014;cloudType=Consumer;environment=Prod_EastUS2_000e;migrationStage=NotStarted}
{"logTime": "1017/171805", "correlationVector":"bEbsijESqMoLrrA4fvwGnd","action":"Commit Request", "result":"", "context":Item count: 1
Contributing types: Sessions}
{"logTime": "1017/171805", "correlationVector":"bEbsijESqMoLrrA4fvwGnd.1","action":"SyncServerConnectionManagerRequest", "result":"SYNC_SERVER_OK", "context":{"environment":"Prod_EastUS2_000e", "migrationStage":"NotStarted", "server":"GENERAL0100001I"}}
{"logTime": "1017/171805", "correlationVector":"bEbsijESqMoLrrA4fvwGnd.2","action":"Commit Response", "result":"Success", "context":Result: Success. cV=bEbsijESqMoLrrA4fvwGnd.0;server=GENERAL0100001I;cloudType=Consumer;environment=Prod_EastUS2_000e;migrationStage=NotStarted}
{"logTime": "1017/171942", "correlationVector":"WaONjoHyaC8Eg35eWwPzR4","action":"Commit Request", "result":"", "context":Item count: 1
Contributing types: Sessions}
{"logTime": "1017/171942", "correlationVector":"WaONjoHyaC8Eg35eWwPzR4.1","action":"SyncServerConnectionManagerRequest", "result":"SYNC_SERVER_OK", "context":{"environment":"Prod_EastUS2_000e", "migrationStage":"NotStarted", "server":"GENERAL0100001X"}}
{"logTime": "1017/171942", "correlationVector":"WaONjoHyaC8Eg35eWwPzR4.2","action":"Commit Response", "result":"Success", "context":Result: Success. cV=WaONjoHyaC8Eg35eWwPzR4.0;server=GENERAL0100001X;cloudType=Consumer;environment=Prod_EastUS2_000e;migrationStage=NotStarted}
{"logTime": "1017/172020", "correlationVector":"dduDESlJhVAx70EIG05ssM","action":"Commit Request", "result":"", "context":Item count: 1
Contributing types: Sessions}
{"logTime": "1017/172020", "correlationVector":"dduDESlJhVAx70EIG05ssM.1","action":"SyncServerConnectionManagerRequest", "result":"SYNC_SERVER_OK", "context":{"environment":"Prod_EastUS2_000e", "migrationStage":"NotStarted", "server":"GENERAL01000017"}}
{"logTime": "1017/172020", "correlationVector":"dduDESlJhVAx70EIG05ssM.2","action":"Commit Response", "result":"Success", "context":Result: Success. cV=dduDESlJhVAx70EIG05ssM.0;server=GENERAL01000017;cloudType=Consumer;environment=Prod_EastUS2_000e;migrationStage=NotStarted}
{"logTime": "1017/172131", "correlationVector":"L/1H+LPXzoEy1oVXckPWGt","action":"Commit Request", "result":"", "context":Item count: 1
Contributing types: Sessions}
{"logTime": "1017/172131", "correlationVector":"L/1H+LPXzoEy1oVXckPWGt.1","action":"SyncServerConnectionManagerRequest", "result":"SYNC_SERVER_OK", "context":{"environment":"Prod_EastUS2_000e", "migrationStage":"NotStarted", "server":"general0100000C"}}
{"logTime": "1017/172131", "correlationVector":"L/1H+LPXzoEy1oVXckPWGt.2","action":"Commit Response", "result":"Success", "context":Result: Success. cV=L/1H+LPXzoEy1oVXckPWGt.0;server=general0100000C;cloudType=Consumer;environment=Prod_EastUS2_000e;migrationStage=NotStarted}
{"logTime": "1017/172228", "correlationVector":"pkdwKr1cCA3cO/omS5zgjm","action":"Commit Request", "result":"", "context":Item count: 1
Contributing types: Sessions}
{"logTime": "1017/172229", "correlationVector":"pkdwKr1cCA3cO/omS5zgjm.1","action":"SyncServerConnectionManagerRequest", "result":"SYNC_SERVER_OK", "context":{"environment":"Prod_EastUS2_000e", "migrationStage":"NotStarted", "server":"GENERAL01000018"}}
{"logTime": "1017/172229", "correlationVector":"pkdwKr1cCA3cO/omS5zgjm.2","action":"Commit Response", "result":"Success", "context":Result: Success. cV=pkdwKr1cCA3cO/omS5zgjm.0;server=GENERAL01000018;cloudType=Consumer;environment=Prod_EastUS2_000e;migrationStage=NotStarted}
{"logTime": "1017/172402", "correlationVector":"bzh5ZCuhKfrwmIJsHrjuuw","action":"Commit Request", "result":"", "context":Item count: 1
Contributing types: Sessions}
{"logTime": "1017/172402", "correlationVector":"bzh5ZCuhKfrwmIJsHrjuuw.1","action":"SyncServerConnectionManagerRequest", "result":"SYNC_SERVER_OK", "context":{"environment":"Prod_EastUS2_000e", "migrationStage":"NotStarted", "server":"GENERAL01000015"}}
{"logTime": "1017/172402", "correlationVector":"bzh5ZCuhKfrwmIJsHrjuuw.2","action":"Commit Response", "result":"Success", "context":Result: Success. cV=bzh5ZCuhKfrwmIJsHrjuuw.0;server=GENERAL01000015;cloudType=Consumer;environment=Prod_EastUS2_000e;migrationStage=NotStarted}
{"logTime": "1017/172501", "correlationVector":"+vERuYObxnypp9Rn3lWnU5","action":"Commit Request", "result":"", "context":Item count: 1
Contributing types: Sessions}
{"logTime": "1017/172502", "correlationVector":"+vERuYObxnypp9Rn3lWnU5.1","action":"SyncServerConnectionManagerRequest", "result":"SYNC_SERVER_OK", "context":{"environment":"Prod_EastUS2_000e", "migrationStage":"NotStarted", "server":"GENERAL0100000M"}}
{"logTime": "1017/172502", "correlationVector":"+vERuYObxnypp9Rn3lWnU5.2","action":"Commit Response", "result":"Success", "context":Result: Success. cV=+vERuYObxnypp9Rn3lWnU5.0;server=GENERAL0100000M;cloudType=Consumer;environment=Prod_EastUS2_000e;migrationStage=NotStarted}
{"logTime": "1017/173609", "correlationVector":"1JeACWdWtTTlKMngVMrBWD","action":"Commit Request", "result":"", "context":Item count: 1
Contributing types: Sessions}
{"logTime": "1017/173610", "correlationVector":"1JeACWdWtTTlKMngVMrBWD.1","action":"SyncServerConnectionManagerRequest", "result":"SYNC_SERVER_OK", "context":{"environment":"Prod_EastUS2_000e", "migrationStage":"NotStarted", "server":"GENERAL0100001Q"}}
{"logTime": "1017/173610", "correlationVector":"1JeACWdWtTTlKMngVMrBWD.2","action":"Commit Response", "result":"Success", "context":Result: Success. cV=1JeACWdWtTTlKMngVMrBWD.0;server=GENERAL0100001Q;cloudType=Consumer;environment=Prod_EastUS2_000e;migrationStage=NotStarted}
{"logTime": "1017/173943", "correlationVector":"E7geLFgqXVKUkj8V342FAl","action":"Commit Request", "result":"", "context":Item count: 1
Contributing types: Sessions}
{"logTime": "1017/173943", "correlationVector":"E7geLFgqXVKUkj8V342FAl.1","action":"SyncServerConnectionManagerRequest", "result":"SYNC_SERVER_OK", "context":{"environment":"Prod_EastUS2_000e", "migrationStage":"NotStarted", "server":"GENERAL0100002I"}}
{"logTime": "1017/173943", "correlationVector":"E7geLFgqXVKUkj8V342FAl.2","action":"Commit Response", "result":"Success", "context":Result: Success. cV=E7geLFgqXVKUkj8V342FAl.0;server=GENERAL0100002I;cloudType=Consumer;environment=Prod_EastUS2_000e;migrationStage=NotStarted}
{"logTime": "1017/174035", "correlationVector":"mKkiuM4/YSN8nFF5bKTePc","action":"Commit Request", "result":"", "context":Item count: 1
Contributing types: Sessions}
{"logTime": "1017/174036", "correlationVector":"mKkiuM4/YSN8nFF5bKTePc.1","action":"SyncServerConnectionManagerRequest", "result":"SYNC_SERVER_OK", "context":{"environment":"Prod_EastUS2_000e", "migrationStage":"NotStarted", "server":"GENERAL0100001X"}}
{"logTime": "1017/174036", "correlationVector":"mKkiuM4/YSN8nFF5bKTePc.2","action":"Commit Response", "result":"Success", "context":Result: Success. cV=mKkiuM4/YSN8nFF5bKTePc.0;server=GENERAL0100001X;cloudType=Consumer;environment=Prod_EastUS2_000e;migrationStage=NotStarted}
{"logTime": "1017/174346", "correlationVector":"SGkpFsZ3RD8JQnxFjX1RnD","action":"Commit Request", "result":"", "context":Item count: 1
Contributing types: Sessions}
{"logTime": "1017/174347", "correlationVector":"SGkpFsZ3RD8JQnxFjX1RnD.1","action":"SyncServerConnectionManagerRequest", "result":"SYNC_SERVER_OK", "context":{"environment":"Prod_EastUS2_000e", "migrationStage":"NotStarted", "server":"GENERAL0100001J"}}
{"logTime": "1017/174347", "correlationVector":"SGkpFsZ3RD8JQnxFjX1RnD.2","action":"Commit Response", "result":"Success", "context":Result: Success. cV=SGkpFsZ3RD8JQnxFjX1RnD.0;server=GENERAL0100001J;cloudType=Consumer;environment=Prod_EastUS2_000e;migrationStage=NotStarted}
{"logTime": "1017/174633", "correlationVector":"dAueIRrIzvfRghJRAZZHiM","action":"Commit Request", "result":"", "context":Item count: 1
Contributing types: Sessions}
{"logTime": "1017/174634", "correlationVector":"dAueIRrIzvfRghJRAZZHiM.1","action":"SyncServerConnectionManagerRequest", "result":"SYNC_SERVER_OK", "context":{"environment":"Prod_EastUS2_000e", "migrationStage":"NotStarted", "server":"GENERAL01000015"}}
{"logTime": "1017/174634", "correlationVector":"dAueIRrIzvfRghJRAZZHiM.2","action":"Commit Response", "result":"Success", "context":Result: Success. cV=dAueIRrIzvfRghJRAZZHiM.0;server=GENERAL01000015;cloudType=Consumer;environment=Prod_EastUS2_000e;migrationStage=NotStarted}
