2024-10-17T13:43:22.227Z P:5772 T:20604] SyncServiceImpl::Initialize,SyncState after authenticated was: FeatureCanStart
2024-10-17T13:43:22.525Z P:5772 T:20604] SyncServiceImpl::TryStartImpl,Try to start sync engine
2024-10-17T13:43:22.526Z P:5772 T:13048] SyncManagerImpl::NudgeForInitialDownload,Initial download nudge for Encryption Keys
2024-10-17T13:43:22.526Z P:5772 T:13048] SyncEngineBackend::LoadAndConnectNigoriController,Load and connect Nigori controller
2024-10-17T13:43:22.526Z P:5772 T:13048] SyncEngineBackend::DoInitialize,Control Types added: Encryption Keys
2024-10-17T13:43:22.526Z P:5772 T:13048] SyncManagerImpl::ConfigureSyncer,Types to download: Encryption Keys with reason: 3
2024-10-17T13:43:22.526Z P:5772 T:13048] SyncSchedulerImpl::DoConfigurationSyncCycleJob,Configure job was blocked
2024-10-17T13:43:22.635Z P:5772 T:20604] SyncAuthManager::SetLastAuthError,Current auth error: None
2024-10-17T13:43:22.635Z P:5772 T:20604] SyncAuthManager::EdgeLogTokenErrorState,Token error with: None for account type: MSA
2024-10-17T13:43:22.635Z P:5772 T:20604] SyncServiceImpl::CredentialsChanged,Credentials changed for: EdgeSyncScopeNew
2024-10-17T13:43:23.610Z P:5772 T:20604] SyncAuthManager::SetLastAuthError,Current auth error: None
2024-10-17T13:43:23.610Z P:5772 T:20604] SyncAuthManager::EdgeLogTokenErrorState,Token error with: None for account type: MSA
2024-10-17T13:43:23.610Z P:5772 T:20604] SyncServiceImpl::CredentialsChangedForKeyData,Credentials changed for: EdgeSyncKeyDataScope
2024-10-17T13:43:23.611Z P:5772 T:8564] SyncEngineBackend::DoUpdateKeyDataCredentials,Update key data credentials
2024-10-17T13:43:23.611Z P:5772 T:8564] SyncEngineBackend::DoUpdateCredentials,Update credentials
2024-10-17T13:43:23.611Z P:5772 T:8564] SyncSchedulerImpl::DoConfigurationSyncCycleJob,Blocked types:  and types to download: Encryption Keys
2024-10-17T13:43:24.366Z P:5772 T:20604] SyncServiceImpl::OnEngineInitialized,Initialize engine with: Success
2024-10-17T13:43:24.366Z P:5772 T:20604] SyncServiceImpl::ConfigureDataTypeManager,Configure DataTypeManager with reason: 4
2024-10-17T13:43:24.366Z P:5772 T:20604] DataTypeManagerImpl::ConfigureImpl,Configuring types: Bookmarks, Preferences, Passwords, Autofill Profiles, Autofill, Typed URLs, Extensions, Sessions, Extension settings, History Delete Directives, Device Info, User Consents, Send Tab To Self, Web Apps, Collection, Edge E Drop, Edge Hub App Usage, Edge Tab Group, Edge Wallet, Encryption Keys with reason: 4 and current state: 0
2024-10-17T13:43:24.367Z P:5772 T:20604] ModelLoadManager::Configure,Desired types without errors: Bookmarks, Preferences, Typed URLs, Extensions, Sessions, Extension settings, History Delete Directives, Device Info, User Consents, Send Tab To Self, Web Apps, Collection, Edge E Drop, Edge Hub App Usage, Edge Tab Group, Edge Wallet, Encryption Keys and types with errors: Passwords, Autofill Profiles, Autofill
2024-10-17T13:43:24.367Z P:5772 T:20604] ModelLoadManager::LoadDesiredTypes,Loading type: Bookmarks
2024-10-17T13:43:24.367Z P:5772 T:20604] ModelLoadManager::LoadDesiredTypes,Loading type: Preferences
2024-10-17T13:43:24.367Z P:5772 T:20604] ModelLoadManager::LoadDesiredTypes,Loading type: Typed URLs
2024-10-17T13:43:24.367Z P:5772 T:20604] ModelLoadManager::LoadDesiredTypes,Loading type: Extensions
2024-10-17T13:43:24.367Z P:5772 T:20604] ModelLoadManager::LoadDesiredTypes,Loading type: Sessions
2024-10-17T13:43:24.367Z P:5772 T:20604] ModelLoadManager::LoadDesiredTypes,Loading type: Extension settings
2024-10-17T13:43:24.367Z P:5772 T:20604] ModelLoadManager::LoadDesiredTypes,Loading type: History Delete Directives
2024-10-17T13:43:24.367Z P:5772 T:20604] ModelLoadManager::LoadDesiredTypes,Loading type: Device Info
2024-10-17T13:43:24.367Z P:5772 T:20604] ModelLoadManager::LoadDesiredTypes,Loading type: User Consents
2024-10-17T13:43:24.367Z P:5772 T:20604] ModelLoadManager::LoadDesiredTypes,Loading type: Send Tab To Self
2024-10-17T13:43:24.367Z P:5772 T:20604] ModelLoadManager::LoadDesiredTypes,Loading type: Web Apps
2024-10-17T13:43:24.367Z P:5772 T:20604] ModelLoadManager::LoadDesiredTypes,Loading type: Collection
2024-10-17T13:43:24.367Z P:5772 T:20604] ModelLoadManager::LoadDesiredTypes,Loading type: Edge E Drop
2024-10-17T13:43:24.367Z P:5772 T:20604] ModelLoadManager::LoadDesiredTypes,Loading type: Edge Hub App Usage
2024-10-17T13:43:24.367Z P:5772 T:20604] ModelLoadManager::LoadDesiredTypes,Loading type: Edge Tab Group
2024-10-17T13:43:24.367Z P:5772 T:20604] ModelLoadManager::LoadDesiredTypes,Loading type: Edge Wallet
2024-10-17T13:43:24.373Z P:5772 T:20604] DataTypeManagerImpl::OnAllDataTypesReadyForConfigure,Start to configure data types
2024-10-17T13:43:24.373Z P:5772 T:20604] DataTypeManagerImpl::StartNextConfiguration,Remain to be configured size: 4 and next configuring types are: Encryption Keys
2024-10-17T13:43:24.373Z P:5772 T:20604] DataTypeManagerImpl::PrepareConfigureParams,Prepare to be configured types:  with disabled types: Passwords, Autofill Profiles, Autofill, Autofill Wallet, Autofill Wallet Metadata, Autofill Wallet Offer, Autofill Custom Data, Edge Autofill Form Field Data, Edge Autofill Form Field Ss Data, Themes, Search Engines, Apps, App settings, Dictionary, Priority Preferences, Managed User Settings, App List, Arc Package, Printers, Reading List, User Events, Security Events, Wifi Configurations, OS Preferences, OS Priority Preferences, Sharing Message, Workspace Desk, History, Saved Tab Group, Collaboration Group, Plus Address, Product Comparison, Cookies, Plus Address Setting, Collections Metadata, Edge Hub App
2024-10-17T13:43:24.778Z P:5772 T:20604] SyncServiceImpl::ConfigureDataTypeManager,Configure DataTypeManager with reason: 5
2024-10-17T13:43:24.778Z P:5772 T:20604] DataTypeManagerImpl::ConfigureImpl,Configuring types: Bookmarks, Preferences, Passwords, Autofill Profiles, Autofill, Typed URLs, Extensions, Sessions, Extension settings, History Delete Directives, Device Info, User Consents, Send Tab To Self, Web Apps, Collection, Edge E Drop, Edge Hub App Usage, Edge Tab Group, Edge Wallet, Encryption Keys with reason: 5 and current state: 1
2024-10-17T13:43:24.778Z P:5772 T:8564] SyncEngineBackend::DoStartConfiguration,Start configuration
2024-10-17T13:43:24.778Z P:5772 T:13048] SyncManagerImpl::NudgeForInitialDownload,Initial download nudge for Edge Tab Group
2024-10-17T13:43:24.778Z P:5772 T:13048] SyncManagerImpl::ConfigureSyncer,Types to download:  with reason: 4
2024-10-17T13:43:24.778Z P:5772 T:13048] SyncEngineBackend::DoFinishConfigureDataTypes,Failed to download types:  and succeeded types: 
2024-10-17T13:43:24.778Z P:5772 T:20604] DataTypeManagerImpl::ConfigurationCompleted,Need reconfigure with failed types: 
2024-10-17T13:43:24.778Z P:5772 T:20604] DataTypeManagerImpl::ConfigureImpl,Configuring types: Bookmarks, Preferences, Passwords, Autofill Profiles, Autofill, Typed URLs, Extensions, Sessions, Extension settings, History Delete Directives, Device Info, User Consents, Send Tab To Self, Web Apps, Collection, Edge E Drop, Edge Hub App Usage, Edge Tab Group, Edge Wallet, Encryption Keys with reason: 5 and current state: 2
2024-10-17T13:43:24.778Z P:5772 T:20604] ModelLoadManager::Configure,Desired types without errors: Bookmarks, Preferences, Passwords, Autofill Profiles, Autofill, Typed URLs, Extensions, Sessions, Extension settings, History Delete Directives, Device Info, User Consents, Send Tab To Self, Web Apps, Collection, Edge E Drop, Edge Hub App Usage, Edge Tab Group, Edge Wallet, Encryption Keys and types with errors: 
2024-10-17T13:43:24.778Z P:5772 T:20604] ModelLoadManager::LoadDesiredTypes,Loading type: Passwords
2024-10-17T13:43:24.778Z P:5772 T:20604] ModelLoadManager::LoadDesiredTypes,Loading type: Autofill Profiles
2024-10-17T13:43:24.778Z P:5772 T:20604] ModelLoadManager::LoadDesiredTypes,Loading type: Autofill
2024-10-17T13:43:24.778Z P:5772 T:20604] DataTypeManagerImpl::OnAllDataTypesReadyForConfigure,Start to configure data types
2024-10-17T13:43:24.778Z P:5772 T:20604] DataTypeManagerImpl::StartNextConfiguration,Remain to be configured size: 4 and next configuring types are: Encryption Keys
2024-10-17T13:43:24.778Z P:5772 T:6924] SyncManagerImpl::NudgeForInitialDownload,Initial download nudge for Passwords
2024-10-17T13:43:24.778Z P:5772 T:20604] DataTypeManagerImpl::PrepareConfigureParams,Prepare to be configured types:  with disabled types: Autofill Wallet, Autofill Wallet Metadata, Autofill Wallet Offer, Autofill Custom Data, Edge Autofill Form Field Data, Edge Autofill Form Field Ss Data, Themes, Search Engines, Apps, App settings, Dictionary, Priority Preferences, Managed User Settings, App List, Arc Package, Printers, Reading List, User Events, Security Events, Wifi Configurations, OS Preferences, OS Priority Preferences, Sharing Message, Workspace Desk, History, Saved Tab Group, Collaboration Group, Plus Address, Product Comparison, Cookies, Plus Address Setting, Collections Metadata, Edge Hub App
2024-10-17T13:43:24.779Z P:5772 T:6924] SyncManagerImpl::ConfigureSyncer,Types to download:  with reason: 5
2024-10-17T13:43:24.779Z P:5772 T:6924] SyncEngineBackend::DoFinishConfigureDataTypes,Failed to download types:  and succeeded types: 
2024-10-17T13:43:24.779Z P:5772 T:20604] DataTypeManagerImpl::ConfigurationCompleted,Remain to be configured size: 3
2024-10-17T13:43:24.779Z P:5772 T:20604] DataTypeManagerImpl::StartNextConfiguration,Remain to be configured size: 3 and next configuring types are: Preferences, Passwords, Device Info, Send Tab To Self, Edge E Drop
2024-10-17T13:43:24.779Z P:5772 T:20604] DataTypeManagerImpl::PrepareConfigureParams,Prepare to be configured types: Passwords, Encryption Keys with disabled types: Autofill Wallet, Autofill Wallet Metadata, Autofill Wallet Offer, Autofill Custom Data, Edge Autofill Form Field Data, Edge Autofill Form Field Ss Data, Themes, Search Engines, Apps, App settings, Dictionary, Priority Preferences, Managed User Settings, App List, Arc Package, Printers, Reading List, User Events, Security Events, Wifi Configurations, OS Preferences, OS Priority Preferences, Sharing Message, Workspace Desk, History, Saved Tab Group, Collaboration Group, Plus Address, Product Comparison, Cookies, Plus Address Setting, Collections Metadata, Edge Hub App
2024-10-17T13:43:24.779Z P:5772 T:6924] SyncManagerImpl::ConfigureSyncer,Types to download: Passwords, Encryption Keys with reason: 5
2024-10-17T13:43:24.779Z P:5772 T:6924] SyncSchedulerImpl::DoConfigurationSyncCycleJob,Blocked types:  and types to download: Passwords, Encryption Keys
2024-10-17T13:43:25.237Z P:5772 T:6924] SyncEngineBackend::DoFinishConfigureDataTypes,Failed to download types:  and succeeded types: Passwords, Encryption Keys
2024-10-17T13:43:25.238Z P:5772 T:20604] DataTypeManagerImpl::ConfigurationCompleted,Remain to be configured size: 2
2024-10-17T13:43:25.238Z P:5772 T:20604] DataTypeManagerImpl::StartNextConfiguration,Remain to be configured size: 2 and next configuring types are: Bookmarks
2024-10-17T13:43:25.238Z P:5772 T:20604] DataTypeManagerImpl::PrepareConfigureParams,Prepare to be configured types:  with disabled types: Autofill Wallet, Autofill Wallet Metadata, Autofill Wallet Offer, Autofill Custom Data, Edge Autofill Form Field Data, Edge Autofill Form Field Ss Data, Themes, Search Engines, Apps, App settings, Dictionary, Priority Preferences, Managed User Settings, App List, Arc Package, Printers, Reading List, User Events, Security Events, Wifi Configurations, OS Preferences, OS Priority Preferences, Sharing Message, Workspace Desk, History, Saved Tab Group, Collaboration Group, Plus Address, Product Comparison, Cookies, Plus Address Setting, Collections Metadata, Edge Hub App
2024-10-17T13:43:25.238Z P:5772 T:6924] SyncManagerImpl::ConfigureSyncer,Types to download:  with reason: 5
2024-10-17T13:43:25.238Z P:5772 T:6924] SyncEngineBackend::DoFinishConfigureDataTypes,Failed to download types:  and succeeded types: 
2024-10-17T13:43:25.238Z P:5772 T:20604] DataTypeManagerImpl::ConfigurationCompleted,Remain to be configured size: 1
2024-10-17T13:43:25.239Z P:5772 T:20604] DataTypeManagerImpl::StartNextConfiguration,Remain to be configured size: 1 and next configuring types are: Autofill Profiles, Autofill, Typed URLs, Extensions, Sessions, Extension settings, History Delete Directives, User Consents, Web Apps, Collection, Edge Hub App Usage, Edge Tab Group, Edge Wallet
2024-10-17T13:43:25.239Z P:5772 T:20604] DataTypeManagerImpl::PrepareConfigureParams,Prepare to be configured types: Edge Tab Group, Encryption Keys with disabled types: Autofill Wallet, Autofill Wallet Metadata, Autofill Wallet Offer, Autofill Custom Data, Edge Autofill Form Field Data, Edge Autofill Form Field Ss Data, Themes, Search Engines, Apps, App settings, Dictionary, Priority Preferences, Managed User Settings, App List, Arc Package, Printers, Reading List, User Events, Security Events, Wifi Configurations, OS Preferences, OS Priority Preferences, Sharing Message, Workspace Desk, History, Saved Tab Group, Collaboration Group, Plus Address, Product Comparison, Cookies, Plus Address Setting, Collections Metadata, Edge Hub App
2024-10-17T13:43:25.239Z P:5772 T:6924] SyncManagerImpl::ConfigureSyncer,Types to download: Edge Tab Group, Encryption Keys with reason: 5
2024-10-17T13:43:25.239Z P:5772 T:6924] SyncSchedulerImpl::DoConfigurationSyncCycleJob,Blocked types:  and types to download: Edge Tab Group, Encryption Keys
2024-10-17T13:43:25.521Z P:5772 T:6924] SyncEngineBackend::DoFinishConfigureDataTypes,Failed to download types:  and succeeded types: Edge Tab Group, Encryption Keys
2024-10-17T13:43:25.522Z P:5772 T:20604] DataTypeManagerImpl::ConfigurationCompleted,Remain to be configured size: 0
2024-10-17T13:43:25.522Z P:5772 T:20604] SyncServiceImpl::OnConfigureDone,Configure DataTypeManager with: Ok
2024-10-17T13:43:25.523Z P:5772 T:13048] SyncEngineBackend::DoStartSyncing,Start syncing
2024-10-17T14:45:39.201Z P:3816 T:7776] SyncServiceImpl::Initialize,SyncState after authenticated was: FeatureCanStart
2024-10-17T14:45:39.467Z P:3816 T:7776] SyncServiceImpl::TryStartImpl,Try to start sync engine
2024-10-17T14:45:39.468Z P:3816 T:5584] SyncManagerImpl::NudgeForInitialDownload,Initial download nudge for Encryption Keys
2024-10-17T14:45:39.468Z P:3816 T:5584] SyncEngineBackend::LoadAndConnectNigoriController,Load and connect Nigori controller
2024-10-17T14:45:39.468Z P:3816 T:5584] SyncEngineBackend::DoInitialize,Control Types added: Encryption Keys
2024-10-17T14:45:39.468Z P:3816 T:5584] SyncManagerImpl::ConfigureSyncer,Types to download: Encryption Keys with reason: 3
2024-10-17T14:45:39.468Z P:3816 T:5584] SyncSchedulerImpl::DoConfigurationSyncCycleJob,Configure job was blocked
2024-10-17T14:45:39.487Z P:3816 T:7776] SyncAuthManager::SetLastAuthError,Current auth error: None
2024-10-17T14:45:39.487Z P:3816 T:7776] SyncAuthManager::EdgeLogTokenErrorState,Token error with: None for account type: MSA
2024-10-17T14:45:39.487Z P:3816 T:7776] SyncServiceImpl::CredentialsChanged,Credentials changed for: EdgeSyncScopeNew
2024-10-17T14:45:41.128Z P:3816 T:7776] SyncAuthManager::SetLastAuthError,Current auth error: None
2024-10-17T14:45:41.128Z P:3816 T:7776] SyncAuthManager::EdgeLogTokenErrorState,Token error with: None for account type: MSA
2024-10-17T14:45:41.128Z P:3816 T:7776] SyncServiceImpl::CredentialsChangedForKeyData,Credentials changed for: EdgeSyncKeyDataScope
2024-10-17T14:45:41.128Z P:3816 T:17044] SyncEngineBackend::DoUpdateKeyDataCredentials,Update key data credentials
2024-10-17T14:45:41.128Z P:3816 T:17044] SyncEngineBackend::DoUpdateCredentials,Update credentials
2024-10-17T14:45:41.128Z P:3816 T:17044] SyncSchedulerImpl::DoConfigurationSyncCycleJob,Blocked types:  and types to download: Encryption Keys
2024-10-17T14:45:41.843Z P:3816 T:7776] SyncServiceImpl::OnEngineInitialized,Initialize engine with: Success
2024-10-17T14:45:41.843Z P:3816 T:7776] SyncServiceImpl::ConfigureDataTypeManager,Configure DataTypeManager with reason: 4
2024-10-17T14:45:41.843Z P:3816 T:7776] DataTypeManagerImpl::ConfigureImpl,Configuring types: Bookmarks, Preferences, Passwords, Autofill Profiles, Autofill, Typed URLs, Extensions, Sessions, Extension settings, History Delete Directives, Device Info, User Consents, Send Tab To Self, Web Apps, Collection, Edge E Drop, Edge Hub App Usage, Edge Tab Group, Edge Wallet, Encryption Keys with reason: 4 and current state: 0
2024-10-17T14:45:41.843Z P:3816 T:7776] ModelLoadManager::Configure,Desired types without errors: Bookmarks, Preferences, Typed URLs, Extensions, Sessions, Extension settings, History Delete Directives, Device Info, User Consents, Send Tab To Self, Web Apps, Collection, Edge E Drop, Edge Hub App Usage, Edge Tab Group, Edge Wallet, Encryption Keys and types with errors: Passwords, Autofill Profiles, Autofill
2024-10-17T14:45:41.844Z P:3816 T:7776] ModelLoadManager::LoadDesiredTypes,Loading type: Bookmarks
2024-10-17T14:45:41.844Z P:3816 T:7776] ModelLoadManager::LoadDesiredTypes,Loading type: Preferences
2024-10-17T14:45:41.844Z P:3816 T:7776] ModelLoadManager::LoadDesiredTypes,Loading type: Typed URLs
2024-10-17T14:45:41.844Z P:3816 T:7776] ModelLoadManager::LoadDesiredTypes,Loading type: Extensions
2024-10-17T14:45:41.844Z P:3816 T:7776] ModelLoadManager::LoadDesiredTypes,Loading type: Sessions
2024-10-17T14:45:41.844Z P:3816 T:7776] ModelLoadManager::LoadDesiredTypes,Loading type: Extension settings
2024-10-17T14:45:41.844Z P:3816 T:7776] ModelLoadManager::LoadDesiredTypes,Loading type: History Delete Directives
2024-10-17T14:45:41.844Z P:3816 T:7776] ModelLoadManager::LoadDesiredTypes,Loading type: Device Info
2024-10-17T14:45:41.844Z P:3816 T:7776] ModelLoadManager::LoadDesiredTypes,Loading type: User Consents
2024-10-17T14:45:41.844Z P:3816 T:7776] ModelLoadManager::LoadDesiredTypes,Loading type: Send Tab To Self
2024-10-17T14:45:41.844Z P:3816 T:7776] ModelLoadManager::LoadDesiredTypes,Loading type: Web Apps
2024-10-17T14:45:41.844Z P:3816 T:7776] ModelLoadManager::LoadDesiredTypes,Loading type: Collection
2024-10-17T14:45:41.844Z P:3816 T:7776] ModelLoadManager::LoadDesiredTypes,Loading type: Edge E Drop
2024-10-17T14:45:41.844Z P:3816 T:7776] ModelLoadManager::LoadDesiredTypes,Loading type: Edge Hub App Usage
2024-10-17T14:45:41.844Z P:3816 T:7776] ModelLoadManager::LoadDesiredTypes,Loading type: Edge Tab Group
2024-10-17T14:45:41.844Z P:3816 T:7776] ModelLoadManager::LoadDesiredTypes,Loading type: Edge Wallet
2024-10-17T14:45:41.847Z P:3816 T:7776] DataTypeManagerImpl::OnAllDataTypesReadyForConfigure,Start to configure data types
2024-10-17T14:45:41.847Z P:3816 T:7776] DataTypeManagerImpl::StartNextConfiguration,Remain to be configured size: 4 and next configuring types are: Encryption Keys
2024-10-17T14:45:41.847Z P:3816 T:7776] DataTypeManagerImpl::PrepareConfigureParams,Prepare to be configured types:  with disabled types: Passwords, Autofill Profiles, Autofill, Autofill Wallet, Autofill Wallet Metadata, Autofill Wallet Offer, Autofill Custom Data, Edge Autofill Form Field Data, Edge Autofill Form Field Ss Data, Themes, Search Engines, Apps, App settings, Dictionary, Priority Preferences, Managed User Settings, App List, Arc Package, Printers, Reading List, User Events, Security Events, Wifi Configurations, OS Preferences, OS Priority Preferences, Sharing Message, Workspace Desk, History, Saved Tab Group, Collaboration Group, Plus Address, Product Comparison, Cookies, Plus Address Setting, Collections Metadata, Edge Hub App
2024-10-17T14:45:42.306Z P:3816 T:7776] SyncServiceImpl::ConfigureDataTypeManager,Configure DataTypeManager with reason: 5
2024-10-17T14:45:42.306Z P:3816 T:7776] DataTypeManagerImpl::ConfigureImpl,Configuring types: Bookmarks, Preferences, Passwords, Autofill Profiles, Autofill, Typed URLs, Extensions, Sessions, Extension settings, History Delete Directives, Device Info, User Consents, Send Tab To Self, Web Apps, Collection, Edge E Drop, Edge Hub App Usage, Edge Tab Group, Edge Wallet, Encryption Keys with reason: 5 and current state: 1
2024-10-17T14:45:42.306Z P:3816 T:17044] SyncEngineBackend::DoStartConfiguration,Start configuration
2024-10-17T14:45:42.306Z P:3816 T:17044] SyncManagerImpl::ConfigureSyncer,Types to download:  with reason: 4
2024-10-17T14:45:42.306Z P:3816 T:17044] SyncEngineBackend::DoFinishConfigureDataTypes,Failed to download types:  and succeeded types: 
2024-10-17T14:45:42.307Z P:3816 T:7776] DataTypeManagerImpl::ConfigurationCompleted,Need reconfigure with failed types: 
2024-10-17T14:45:42.307Z P:3816 T:7776] DataTypeManagerImpl::ConfigureImpl,Configuring types: Bookmarks, Preferences, Passwords, Autofill Profiles, Autofill, Typed URLs, Extensions, Sessions, Extension settings, History Delete Directives, Device Info, User Consents, Send Tab To Self, Web Apps, Collection, Edge E Drop, Edge Hub App Usage, Edge Tab Group, Edge Wallet, Encryption Keys with reason: 5 and current state: 2
2024-10-17T14:45:42.307Z P:3816 T:7776] ModelLoadManager::Configure,Desired types without errors: Bookmarks, Preferences, Passwords, Autofill Profiles, Autofill, Typed URLs, Extensions, Sessions, Extension settings, History Delete Directives, Device Info, User Consents, Send Tab To Self, Web Apps, Collection, Edge E Drop, Edge Hub App Usage, Edge Tab Group, Edge Wallet, Encryption Keys and types with errors: 
2024-10-17T14:45:42.307Z P:3816 T:7776] ModelLoadManager::LoadDesiredTypes,Loading type: Passwords
2024-10-17T14:45:42.307Z P:3816 T:7776] ModelLoadManager::LoadDesiredTypes,Loading type: Autofill Profiles
2024-10-17T14:45:42.307Z P:3816 T:7776] ModelLoadManager::LoadDesiredTypes,Loading type: Autofill
2024-10-17T14:45:42.307Z P:3816 T:7776] DataTypeManagerImpl::OnAllDataTypesReadyForConfigure,Start to configure data types
2024-10-17T14:45:42.307Z P:3816 T:7776] DataTypeManagerImpl::StartNextConfiguration,Remain to be configured size: 4 and next configuring types are: Encryption Keys
2024-10-17T14:45:42.307Z P:3816 T:17044] SyncManagerImpl::NudgeForInitialDownload,Initial download nudge for Passwords
2024-10-17T14:45:42.307Z P:3816 T:7776] DataTypeManagerImpl::PrepareConfigureParams,Prepare to be configured types:  with disabled types: Autofill Wallet, Autofill Wallet Metadata, Autofill Wallet Offer, Autofill Custom Data, Edge Autofill Form Field Data, Edge Autofill Form Field Ss Data, Themes, Search Engines, Apps, App settings, Dictionary, Priority Preferences, Managed User Settings, App List, Arc Package, Printers, Reading List, User Events, Security Events, Wifi Configurations, OS Preferences, OS Priority Preferences, Sharing Message, Workspace Desk, History, Saved Tab Group, Collaboration Group, Plus Address, Product Comparison, Cookies, Plus Address Setting, Collections Metadata, Edge Hub App
2024-10-17T14:45:42.307Z P:3816 T:17044] SyncManagerImpl::ConfigureSyncer,Types to download:  with reason: 5
2024-10-17T14:45:42.307Z P:3816 T:17044] SyncEngineBackend::DoFinishConfigureDataTypes,Failed to download types:  and succeeded types: 
2024-10-17T14:45:42.307Z P:3816 T:7776] DataTypeManagerImpl::ConfigurationCompleted,Remain to be configured size: 3
2024-10-17T14:45:42.307Z P:3816 T:7776] DataTypeManagerImpl::StartNextConfiguration,Remain to be configured size: 3 and next configuring types are: Preferences, Passwords, Device Info, Send Tab To Self, Edge E Drop
2024-10-17T14:45:42.307Z P:3816 T:7776] DataTypeManagerImpl::PrepareConfigureParams,Prepare to be configured types: Passwords, Encryption Keys with disabled types: Autofill Wallet, Autofill Wallet Metadata, Autofill Wallet Offer, Autofill Custom Data, Edge Autofill Form Field Data, Edge Autofill Form Field Ss Data, Themes, Search Engines, Apps, App settings, Dictionary, Priority Preferences, Managed User Settings, App List, Arc Package, Printers, Reading List, User Events, Security Events, Wifi Configurations, OS Preferences, OS Priority Preferences, Sharing Message, Workspace Desk, History, Saved Tab Group, Collaboration Group, Plus Address, Product Comparison, Cookies, Plus Address Setting, Collections Metadata, Edge Hub App
2024-10-17T14:45:42.307Z P:3816 T:17044] SyncManagerImpl::ConfigureSyncer,Types to download: Passwords, Encryption Keys with reason: 5
2024-10-17T14:45:42.307Z P:3816 T:17044] SyncSchedulerImpl::DoConfigurationSyncCycleJob,Blocked types:  and types to download: Passwords, Encryption Keys
2024-10-17T14:45:42.726Z P:3816 T:17044] SyncEngineBackend::DoFinishConfigureDataTypes,Failed to download types:  and succeeded types: Passwords, Encryption Keys
2024-10-17T14:45:42.727Z P:3816 T:7776] DataTypeManagerImpl::ConfigurationCompleted,Remain to be configured size: 2
2024-10-17T14:45:42.727Z P:3816 T:7776] DataTypeManagerImpl::StartNextConfiguration,Remain to be configured size: 2 and next configuring types are: Bookmarks
2024-10-17T14:45:42.727Z P:3816 T:7776] DataTypeManagerImpl::PrepareConfigureParams,Prepare to be configured types:  with disabled types: Autofill Wallet, Autofill Wallet Metadata, Autofill Wallet Offer, Autofill Custom Data, Edge Autofill Form Field Data, Edge Autofill Form Field Ss Data, Themes, Search Engines, Apps, App settings, Dictionary, Priority Preferences, Managed User Settings, App List, Arc Package, Printers, Reading List, User Events, Security Events, Wifi Configurations, OS Preferences, OS Priority Preferences, Sharing Message, Workspace Desk, History, Saved Tab Group, Collaboration Group, Plus Address, Product Comparison, Cookies, Plus Address Setting, Collections Metadata, Edge Hub App
2024-10-17T14:45:42.727Z P:3816 T:17044] SyncManagerImpl::ConfigureSyncer,Types to download:  with reason: 5
2024-10-17T14:45:42.727Z P:3816 T:17044] SyncEngineBackend::DoFinishConfigureDataTypes,Failed to download types:  and succeeded types: 
2024-10-17T14:45:42.727Z P:3816 T:7776] DataTypeManagerImpl::ConfigurationCompleted,Remain to be configured size: 1
2024-10-17T14:45:42.727Z P:3816 T:7776] DataTypeManagerImpl::StartNextConfiguration,Remain to be configured size: 1 and next configuring types are: Autofill Profiles, Autofill, Typed URLs, Extensions, Sessions, Extension settings, History Delete Directives, User Consents, Web Apps, Collection, Edge Hub App Usage, Edge Tab Group, Edge Wallet
2024-10-17T14:45:42.727Z P:3816 T:7776] DataTypeManagerImpl::PrepareConfigureParams,Prepare to be configured types:  with disabled types: Autofill Wallet, Autofill Wallet Metadata, Autofill Wallet Offer, Autofill Custom Data, Edge Autofill Form Field Data, Edge Autofill Form Field Ss Data, Themes, Search Engines, Apps, App settings, Dictionary, Priority Preferences, Managed User Settings, App List, Arc Package, Printers, Reading List, User Events, Security Events, Wifi Configurations, OS Preferences, OS Priority Preferences, Sharing Message, Workspace Desk, History, Saved Tab Group, Collaboration Group, Plus Address, Product Comparison, Cookies, Plus Address Setting, Collections Metadata, Edge Hub App
2024-10-17T14:45:42.727Z P:3816 T:17044] SyncManagerImpl::ConfigureSyncer,Types to download:  with reason: 5
2024-10-17T14:45:42.727Z P:3816 T:17044] SyncEngineBackend::DoFinishConfigureDataTypes,Failed to download types:  and succeeded types: 
2024-10-17T14:45:42.729Z P:3816 T:7776] DataTypeManagerImpl::ConfigurationCompleted,Remain to be configured size: 0
2024-10-17T14:45:42.729Z P:3816 T:7776] SyncServiceImpl::OnConfigureDone,Configure DataTypeManager with: Ok
2024-10-17T14:45:42.730Z P:3816 T:17152] SyncEngineBackend::DoStartSyncing,Start syncing
2024-10-17T14:47:55.713Z P:8256 T:18428] SyncServiceImpl::Initialize,SyncState after authenticated was: FeatureCanStart
2024-10-17T14:47:56.179Z P:8256 T:18428] SyncServiceImpl::TryStartImpl,Try to start sync engine
2024-10-17T14:47:56.180Z P:8256 T:15800] SyncManagerImpl::NudgeForInitialDownload,Initial download nudge for Encryption Keys
2024-10-17T14:47:56.180Z P:8256 T:15800] SyncEngineBackend::LoadAndConnectNigoriController,Load and connect Nigori controller
2024-10-17T14:47:56.180Z P:8256 T:15800] SyncEngineBackend::DoInitialize,Control Types added: Encryption Keys
2024-10-17T14:47:56.180Z P:8256 T:15800] SyncManagerImpl::ConfigureSyncer,Types to download: Encryption Keys with reason: 3
2024-10-17T14:47:56.180Z P:8256 T:15800] SyncSchedulerImpl::DoConfigurationSyncCycleJob,Configure job was blocked
2024-10-17T14:47:56.211Z P:8256 T:18428] SyncAuthManager::SetLastAuthError,Current auth error: None
2024-10-17T14:47:56.211Z P:8256 T:18428] SyncAuthManager::EdgeLogTokenErrorState,Token error with: None for account type: MSA
2024-10-17T14:47:56.211Z P:8256 T:18428] SyncServiceImpl::CredentialsChanged,Credentials changed for: EdgeSyncScopeNew
2024-10-17T14:47:57.366Z P:8256 T:18428] SyncAuthManager::SetLastAuthError,Current auth error: None
2024-10-17T14:47:57.366Z P:8256 T:18428] SyncAuthManager::EdgeLogTokenErrorState,Token error with: None for account type: MSA
2024-10-17T14:47:57.366Z P:8256 T:18428] SyncServiceImpl::CredentialsChangedForKeyData,Credentials changed for: EdgeSyncKeyDataScope
2024-10-17T14:47:57.366Z P:8256 T:4144] SyncEngineBackend::DoUpdateKeyDataCredentials,Update key data credentials
2024-10-17T14:47:57.366Z P:8256 T:4144] SyncEngineBackend::DoUpdateCredentials,Update credentials
2024-10-17T14:47:57.366Z P:8256 T:4144] SyncSchedulerImpl::DoConfigurationSyncCycleJob,Blocked types:  and types to download: Encryption Keys
2024-10-17T14:48:10.319Z P:8256 T:18428] SyncServiceImpl::OnEngineInitialized,Initialize engine with: Success
2024-10-17T14:48:10.319Z P:8256 T:18428] SyncServiceImpl::ConfigureDataTypeManager,Configure DataTypeManager with reason: 4
2024-10-17T14:48:10.319Z P:8256 T:18428] DataTypeManagerImpl::ConfigureImpl,Configuring types: Bookmarks, Preferences, Passwords, Autofill Profiles, Autofill, Typed URLs, Extensions, Sessions, Extension settings, History Delete Directives, Device Info, User Consents, Send Tab To Self, Web Apps, Collection, Edge E Drop, Edge Hub App Usage, Edge Tab Group, Edge Wallet, Encryption Keys with reason: 4 and current state: 0
2024-10-17T14:48:10.320Z P:8256 T:18428] ModelLoadManager::Configure,Desired types without errors: Bookmarks, Preferences, Typed URLs, Extensions, Sessions, Extension settings, History Delete Directives, Device Info, User Consents, Send Tab To Self, Web Apps, Collection, Edge E Drop, Edge Hub App Usage, Edge Tab Group, Edge Wallet, Encryption Keys and types with errors: Passwords, Autofill Profiles, Autofill
2024-10-17T14:48:10.320Z P:8256 T:18428] ModelLoadManager::LoadDesiredTypes,Loading type: Bookmarks
2024-10-17T14:48:10.320Z P:8256 T:18428] ModelLoadManager::LoadDesiredTypes,Loading type: Preferences
2024-10-17T14:48:10.320Z P:8256 T:18428] ModelLoadManager::LoadDesiredTypes,Loading type: Typed URLs
2024-10-17T14:48:10.320Z P:8256 T:18428] ModelLoadManager::LoadDesiredTypes,Loading type: Extensions
2024-10-17T14:48:10.320Z P:8256 T:18428] ModelLoadManager::LoadDesiredTypes,Loading type: Sessions
2024-10-17T14:48:10.320Z P:8256 T:18428] ModelLoadManager::LoadDesiredTypes,Loading type: Extension settings
2024-10-17T14:48:10.320Z P:8256 T:18428] ModelLoadManager::LoadDesiredTypes,Loading type: History Delete Directives
2024-10-17T14:48:10.320Z P:8256 T:18428] ModelLoadManager::LoadDesiredTypes,Loading type: Device Info
2024-10-17T14:48:10.320Z P:8256 T:18428] ModelLoadManager::LoadDesiredTypes,Loading type: User Consents
2024-10-17T14:48:10.320Z P:8256 T:18428] ModelLoadManager::LoadDesiredTypes,Loading type: Send Tab To Self
2024-10-17T14:48:10.320Z P:8256 T:18428] ModelLoadManager::LoadDesiredTypes,Loading type: Web Apps
2024-10-17T14:48:10.320Z P:8256 T:18428] ModelLoadManager::LoadDesiredTypes,Loading type: Collection
2024-10-17T14:48:10.320Z P:8256 T:18428] ModelLoadManager::LoadDesiredTypes,Loading type: Edge E Drop
2024-10-17T14:48:10.320Z P:8256 T:18428] ModelLoadManager::LoadDesiredTypes,Loading type: Edge Hub App Usage
2024-10-17T14:48:10.320Z P:8256 T:18428] ModelLoadManager::LoadDesiredTypes,Loading type: Edge Tab Group
2024-10-17T14:48:10.320Z P:8256 T:18428] ModelLoadManager::LoadDesiredTypes,Loading type: Edge Wallet
2024-10-17T14:48:10.324Z P:8256 T:18428] DataTypeManagerImpl::OnAllDataTypesReadyForConfigure,Start to configure data types
2024-10-17T14:48:10.324Z P:8256 T:18428] DataTypeManagerImpl::StartNextConfiguration,Remain to be configured size: 4 and next configuring types are: Encryption Keys
2024-10-17T14:48:10.324Z P:8256 T:18428] DataTypeManagerImpl::PrepareConfigureParams,Prepare to be configured types:  with disabled types: Passwords, Autofill Profiles, Autofill, Autofill Wallet, Autofill Wallet Metadata, Autofill Wallet Offer, Autofill Custom Data, Edge Autofill Form Field Data, Edge Autofill Form Field Ss Data, Themes, Search Engines, Apps, App settings, Dictionary, Priority Preferences, Managed User Settings, App List, Arc Package, Printers, Reading List, User Events, Security Events, Wifi Configurations, OS Preferences, OS Priority Preferences, Sharing Message, Workspace Desk, History, Saved Tab Group, Collaboration Group, Plus Address, Product Comparison, Cookies, Plus Address Setting, Collections Metadata, Edge Hub App
2024-10-17T14:48:19.706Z P:8256 T:18428] SyncServiceImpl::ConfigureDataTypeManager,Configure DataTypeManager with reason: 5
2024-10-17T14:48:19.707Z P:8256 T:18428] DataTypeManagerImpl::ConfigureImpl,Configuring types: Bookmarks, Preferences, Passwords, Autofill Profiles, Autofill, Typed URLs, Extensions, Sessions, Extension settings, History Delete Directives, Device Info, User Consents, Send Tab To Self, Web Apps, Collection, Edge E Drop, Edge Hub App Usage, Edge Tab Group, Edge Wallet, Encryption Keys with reason: 5 and current state: 1
2024-10-17T14:48:19.707Z P:8256 T:4144] SyncEngineBackend::DoStartConfiguration,Start configuration
2024-10-17T14:48:19.707Z P:8256 T:4144] SyncManagerImpl::ConfigureSyncer,Types to download:  with reason: 4
2024-10-17T14:48:19.707Z P:8256 T:4144] SyncEngineBackend::DoFinishConfigureDataTypes,Failed to download types:  and succeeded types: 
2024-10-17T14:48:19.707Z P:8256 T:18428] DataTypeManagerImpl::ConfigurationCompleted,Need reconfigure with failed types: 
2024-10-17T14:48:19.707Z P:8256 T:18428] DataTypeManagerImpl::ConfigureImpl,Configuring types: Bookmarks, Preferences, Passwords, Autofill Profiles, Autofill, Typed URLs, Extensions, Sessions, Extension settings, History Delete Directives, Device Info, User Consents, Send Tab To Self, Web Apps, Collection, Edge E Drop, Edge Hub App Usage, Edge Tab Group, Edge Wallet, Encryption Keys with reason: 5 and current state: 2
2024-10-17T14:48:19.707Z P:8256 T:18428] ModelLoadManager::Configure,Desired types without errors: Bookmarks, Preferences, Passwords, Autofill Profiles, Autofill, Typed URLs, Extensions, Sessions, Extension settings, History Delete Directives, Device Info, User Consents, Send Tab To Self, Web Apps, Collection, Edge E Drop, Edge Hub App Usage, Edge Tab Group, Edge Wallet, Encryption Keys and types with errors: 
2024-10-17T14:48:19.707Z P:8256 T:18428] ModelLoadManager::LoadDesiredTypes,Loading type: Passwords
2024-10-17T14:48:19.707Z P:8256 T:18428] ModelLoadManager::LoadDesiredTypes,Loading type: Autofill Profiles
2024-10-17T14:48:19.707Z P:8256 T:18428] ModelLoadManager::LoadDesiredTypes,Loading type: Autofill
2024-10-17T14:48:19.707Z P:8256 T:18428] DataTypeManagerImpl::OnAllDataTypesReadyForConfigure,Start to configure data types
2024-10-17T14:48:19.707Z P:8256 T:18428] DataTypeManagerImpl::StartNextConfiguration,Remain to be configured size: 4 and next configuring types are: Encryption Keys
2024-10-17T14:48:19.707Z P:8256 T:18428] DataTypeManagerImpl::PrepareConfigureParams,Prepare to be configured types:  with disabled types: Autofill Wallet, Autofill Wallet Metadata, Autofill Wallet Offer, Autofill Custom Data, Edge Autofill Form Field Data, Edge Autofill Form Field Ss Data, Themes, Search Engines, Apps, App settings, Dictionary, Priority Preferences, Managed User Settings, App List, Arc Package, Printers, Reading List, User Events, Security Events, Wifi Configurations, OS Preferences, OS Priority Preferences, Sharing Message, Workspace Desk, History, Saved Tab Group, Collaboration Group, Plus Address, Product Comparison, Cookies, Plus Address Setting, Collections Metadata, Edge Hub App
2024-10-17T14:48:19.707Z P:8256 T:4144] SyncManagerImpl::NudgeForInitialDownload,Initial download nudge for Passwords
2024-10-17T14:48:19.707Z P:8256 T:4144] SyncManagerImpl::ConfigureSyncer,Types to download:  with reason: 5
2024-10-17T14:48:19.707Z P:8256 T:4144] SyncEngineBackend::DoFinishConfigureDataTypes,Failed to download types:  and succeeded types: 
2024-10-17T14:48:19.707Z P:8256 T:18428] DataTypeManagerImpl::ConfigurationCompleted,Remain to be configured size: 3
2024-10-17T14:48:19.708Z P:8256 T:18428] DataTypeManagerImpl::StartNextConfiguration,Remain to be configured size: 3 and next configuring types are: Preferences, Passwords, Device Info, Send Tab To Self, Edge E Drop
2024-10-17T14:48:19.708Z P:8256 T:18428] DataTypeManagerImpl::PrepareConfigureParams,Prepare to be configured types: Passwords, Encryption Keys with disabled types: Autofill Wallet, Autofill Wallet Metadata, Autofill Wallet Offer, Autofill Custom Data, Edge Autofill Form Field Data, Edge Autofill Form Field Ss Data, Themes, Search Engines, Apps, App settings, Dictionary, Priority Preferences, Managed User Settings, App List, Arc Package, Printers, Reading List, User Events, Security Events, Wifi Configurations, OS Preferences, OS Priority Preferences, Sharing Message, Workspace Desk, History, Saved Tab Group, Collaboration Group, Plus Address, Product Comparison, Cookies, Plus Address Setting, Collections Metadata, Edge Hub App
2024-10-17T14:48:19.708Z P:8256 T:4144] SyncManagerImpl::ConfigureSyncer,Types to download: Passwords, Encryption Keys with reason: 5
2024-10-17T14:48:19.708Z P:8256 T:4144] SyncSchedulerImpl::DoConfigurationSyncCycleJob,Blocked types:  and types to download: Passwords, Encryption Keys
2024-10-17T14:48:21.490Z P:8256 T:4144] SyncEngineBackend::DoFinishConfigureDataTypes,Failed to download types:  and succeeded types: Passwords, Encryption Keys
2024-10-17T14:48:21.491Z P:8256 T:18428] DataTypeManagerImpl::ConfigurationCompleted,Remain to be configured size: 2
2024-10-17T14:48:21.491Z P:8256 T:18428] DataTypeManagerImpl::StartNextConfiguration,Remain to be configured size: 2 and next configuring types are: Bookmarks
2024-10-17T14:48:21.491Z P:8256 T:18428] DataTypeManagerImpl::PrepareConfigureParams,Prepare to be configured types:  with disabled types: Autofill Wallet, Autofill Wallet Metadata, Autofill Wallet Offer, Autofill Custom Data, Edge Autofill Form Field Data, Edge Autofill Form Field Ss Data, Themes, Search Engines, Apps, App settings, Dictionary, Priority Preferences, Managed User Settings, App List, Arc Package, Printers, Reading List, User Events, Security Events, Wifi Configurations, OS Preferences, OS Priority Preferences, Sharing Message, Workspace Desk, History, Saved Tab Group, Collaboration Group, Plus Address, Product Comparison, Cookies, Plus Address Setting, Collections Metadata, Edge Hub App
2024-10-17T14:48:21.491Z P:8256 T:4144] SyncManagerImpl::ConfigureSyncer,Types to download:  with reason: 5
2024-10-17T14:48:21.491Z P:8256 T:4144] SyncEngineBackend::DoFinishConfigureDataTypes,Failed to download types:  and succeeded types: 
2024-10-17T14:48:21.491Z P:8256 T:18428] DataTypeManagerImpl::ConfigurationCompleted,Remain to be configured size: 1
2024-10-17T14:48:21.491Z P:8256 T:18428] DataTypeManagerImpl::StartNextConfiguration,Remain to be configured size: 1 and next configuring types are: Autofill Profiles, Autofill, Typed URLs, Extensions, Sessions, Extension settings, History Delete Directives, User Consents, Web Apps, Collection, Edge Hub App Usage, Edge Tab Group, Edge Wallet
2024-10-17T14:48:21.491Z P:8256 T:18428] DataTypeManagerImpl::PrepareConfigureParams,Prepare to be configured types:  with disabled types: Autofill Wallet, Autofill Wallet Metadata, Autofill Wallet Offer, Autofill Custom Data, Edge Autofill Form Field Data, Edge Autofill Form Field Ss Data, Themes, Search Engines, Apps, App settings, Dictionary, Priority Preferences, Managed User Settings, App List, Arc Package, Printers, Reading List, User Events, Security Events, Wifi Configurations, OS Preferences, OS Priority Preferences, Sharing Message, Workspace Desk, History, Saved Tab Group, Collaboration Group, Plus Address, Product Comparison, Cookies, Plus Address Setting, Collections Metadata, Edge Hub App
2024-10-17T14:48:21.491Z P:8256 T:4144] SyncManagerImpl::ConfigureSyncer,Types to download:  with reason: 5
2024-10-17T14:48:21.491Z P:8256 T:4144] SyncEngineBackend::DoFinishConfigureDataTypes,Failed to download types:  and succeeded types: 
2024-10-17T14:48:21.493Z P:8256 T:18428] DataTypeManagerImpl::ConfigurationCompleted,Remain to be configured size: 0
2024-10-17T14:48:21.493Z P:8256 T:18428] SyncServiceImpl::OnConfigureDone,Configure DataTypeManager with: Ok
2024-10-17T14:48:21.494Z P:8256 T:4144] SyncEngineBackend::DoStartSyncing,Start syncing
2024-10-17T16:42:48.632Z P:13048 T:15352] SyncServiceImpl::Initialize,SyncState after authenticated was: FeatureCanStart
2024-10-17T16:42:49.044Z P:13048 T:15352] SyncServiceImpl::TryStartImpl,Try to start sync engine
2024-10-17T16:42:49.044Z P:13048 T:16544] SyncManagerImpl::NudgeForInitialDownload,Initial download nudge for Encryption Keys
2024-10-17T16:42:49.044Z P:13048 T:16544] SyncEngineBackend::LoadAndConnectNigoriController,Load and connect Nigori controller
2024-10-17T16:42:49.044Z P:13048 T:16544] SyncEngineBackend::DoInitialize,Control Types added: Encryption Keys
2024-10-17T16:42:49.044Z P:13048 T:16544] SyncManagerImpl::ConfigureSyncer,Types to download: Encryption Keys with reason: 3
2024-10-17T16:42:49.045Z P:13048 T:20284] SyncSchedulerImpl::DoConfigurationSyncCycleJob,Configure job was blocked
2024-10-17T16:42:49.117Z P:13048 T:15352] SyncAuthManager::SetLastAuthError,Current auth error: None
2024-10-17T16:42:49.117Z P:13048 T:15352] SyncAuthManager::EdgeLogTokenErrorState,Token error with: None for account type: MSA
2024-10-17T16:42:49.117Z P:13048 T:15352] SyncServiceImpl::CredentialsChanged,Credentials changed for: EdgeSyncScopeNew
2024-10-17T16:42:50.112Z P:13048 T:15352] SyncAuthManager::SetLastAuthError,Current auth error: None
2024-10-17T16:42:50.113Z P:13048 T:15352] SyncAuthManager::EdgeLogTokenErrorState,Token error with: None for account type: MSA
2024-10-17T16:42:50.113Z P:13048 T:15352] SyncServiceImpl::CredentialsChangedForKeyData,Credentials changed for: EdgeSyncKeyDataScope
2024-10-17T16:42:50.113Z P:13048 T:19720] SyncEngineBackend::DoUpdateKeyDataCredentials,Update key data credentials
2024-10-17T16:42:50.113Z P:13048 T:19720] SyncEngineBackend::DoUpdateCredentials,Update credentials
2024-10-17T16:42:50.113Z P:13048 T:19720] SyncSchedulerImpl::DoConfigurationSyncCycleJob,Blocked types:  and types to download: Encryption Keys
2024-10-17T16:42:50.852Z P:13048 T:15352] SyncServiceImpl::OnEngineInitialized,Initialize engine with: Success
2024-10-17T16:42:50.852Z P:13048 T:15352] SyncServiceImpl::ConfigureDataTypeManager,Configure DataTypeManager with reason: 4
2024-10-17T16:42:50.852Z P:13048 T:15352] DataTypeManagerImpl::ConfigureImpl,Configuring types: Bookmarks, Preferences, Passwords, Autofill Profiles, Autofill, Typed URLs, Extensions, Sessions, Extension settings, History Delete Directives, Device Info, User Consents, Send Tab To Self, Web Apps, Collection, Edge E Drop, Edge Hub App Usage, Edge Tab Group, Edge Wallet, Encryption Keys with reason: 4 and current state: 0
2024-10-17T16:42:50.853Z P:13048 T:15352] ModelLoadManager::Configure,Desired types without errors: Bookmarks, Preferences, Typed URLs, Extensions, Sessions, Extension settings, History Delete Directives, Device Info, User Consents, Send Tab To Self, Web Apps, Collection, Edge E Drop, Edge Hub App Usage, Edge Tab Group, Edge Wallet, Encryption Keys and types with errors: Passwords, Autofill Profiles, Autofill
2024-10-17T16:42:50.853Z P:13048 T:15352] ModelLoadManager::LoadDesiredTypes,Loading type: Bookmarks
2024-10-17T16:42:50.853Z P:13048 T:15352] ModelLoadManager::LoadDesiredTypes,Loading type: Preferences
2024-10-17T16:42:50.853Z P:13048 T:15352] ModelLoadManager::LoadDesiredTypes,Loading type: Typed URLs
2024-10-17T16:42:50.853Z P:13048 T:15352] ModelLoadManager::LoadDesiredTypes,Loading type: Extensions
2024-10-17T16:42:50.853Z P:13048 T:15352] ModelLoadManager::LoadDesiredTypes,Loading type: Sessions
2024-10-17T16:42:50.853Z P:13048 T:15352] ModelLoadManager::LoadDesiredTypes,Loading type: Extension settings
2024-10-17T16:42:50.853Z P:13048 T:15352] ModelLoadManager::LoadDesiredTypes,Loading type: History Delete Directives
2024-10-17T16:42:50.853Z P:13048 T:15352] ModelLoadManager::LoadDesiredTypes,Loading type: Device Info
2024-10-17T16:42:50.853Z P:13048 T:15352] ModelLoadManager::LoadDesiredTypes,Loading type: User Consents
2024-10-17T16:42:50.853Z P:13048 T:15352] ModelLoadManager::LoadDesiredTypes,Loading type: Send Tab To Self
2024-10-17T16:42:50.853Z P:13048 T:15352] ModelLoadManager::LoadDesiredTypes,Loading type: Web Apps
2024-10-17T16:42:50.853Z P:13048 T:15352] ModelLoadManager::LoadDesiredTypes,Loading type: Collection
2024-10-17T16:42:50.853Z P:13048 T:15352] ModelLoadManager::LoadDesiredTypes,Loading type: Edge E Drop
2024-10-17T16:42:50.853Z P:13048 T:15352] ModelLoadManager::LoadDesiredTypes,Loading type: Edge Hub App Usage
2024-10-17T16:42:50.853Z P:13048 T:15352] ModelLoadManager::LoadDesiredTypes,Loading type: Edge Tab Group
2024-10-17T16:42:50.853Z P:13048 T:15352] ModelLoadManager::LoadDesiredTypes,Loading type: Edge Wallet
2024-10-17T16:42:50.859Z P:13048 T:15352] DataTypeManagerImpl::OnAllDataTypesReadyForConfigure,Start to configure data types
2024-10-17T16:42:50.859Z P:13048 T:15352] DataTypeManagerImpl::StartNextConfiguration,Remain to be configured size: 4 and next configuring types are: Encryption Keys
2024-10-17T16:42:50.859Z P:13048 T:15352] DataTypeManagerImpl::PrepareConfigureParams,Prepare to be configured types:  with disabled types: Passwords, Autofill Profiles, Autofill, Autofill Wallet, Autofill Wallet Metadata, Autofill Wallet Offer, Autofill Custom Data, Edge Autofill Form Field Data, Edge Autofill Form Field Ss Data, Themes, Search Engines, Apps, App settings, Dictionary, Priority Preferences, Managed User Settings, App List, Arc Package, Printers, Reading List, User Events, Security Events, Wifi Configurations, OS Preferences, OS Priority Preferences, Sharing Message, Workspace Desk, History, Saved Tab Group, Collaboration Group, Plus Address, Product Comparison, Cookies, Plus Address Setting, Collections Metadata, Edge Hub App
2024-10-17T16:42:51.652Z P:13048 T:15352] SyncServiceImpl::ConfigureDataTypeManager,Configure DataTypeManager with reason: 5
2024-10-17T16:42:51.652Z P:13048 T:15352] DataTypeManagerImpl::ConfigureImpl,Configuring types: Bookmarks, Preferences, Passwords, Autofill Profiles, Autofill, Typed URLs, Extensions, Sessions, Extension settings, History Delete Directives, Device Info, User Consents, Send Tab To Self, Web Apps, Collection, Edge E Drop, Edge Hub App Usage, Edge Tab Group, Edge Wallet, Encryption Keys with reason: 5 and current state: 1
2024-10-17T16:42:51.652Z P:13048 T:19720] SyncEngineBackend::DoStartConfiguration,Start configuration
2024-10-17T16:42:51.652Z P:13048 T:19720] SyncManagerImpl::ConfigureSyncer,Types to download:  with reason: 4
2024-10-17T16:42:51.652Z P:13048 T:19720] SyncEngineBackend::DoFinishConfigureDataTypes,Failed to download types:  and succeeded types: 
2024-10-17T16:42:51.653Z P:13048 T:15352] DataTypeManagerImpl::ConfigurationCompleted,Need reconfigure with failed types: 
2024-10-17T16:42:51.653Z P:13048 T:15352] DataTypeManagerImpl::ConfigureImpl,Configuring types: Bookmarks, Preferences, Passwords, Autofill Profiles, Autofill, Typed URLs, Extensions, Sessions, Extension settings, History Delete Directives, Device Info, User Consents, Send Tab To Self, Web Apps, Collection, Edge E Drop, Edge Hub App Usage, Edge Tab Group, Edge Wallet, Encryption Keys with reason: 5 and current state: 2
2024-10-17T16:42:51.653Z P:13048 T:15352] ModelLoadManager::Configure,Desired types without errors: Bookmarks, Preferences, Passwords, Autofill Profiles, Autofill, Typed URLs, Extensions, Sessions, Extension settings, History Delete Directives, Device Info, User Consents, Send Tab To Self, Web Apps, Collection, Edge E Drop, Edge Hub App Usage, Edge Tab Group, Edge Wallet, Encryption Keys and types with errors: 
2024-10-17T16:42:51.653Z P:13048 T:15352] ModelLoadManager::LoadDesiredTypes,Loading type: Passwords
2024-10-17T16:42:51.653Z P:13048 T:15352] ModelLoadManager::LoadDesiredTypes,Loading type: Autofill Profiles
2024-10-17T16:42:51.653Z P:13048 T:15352] ModelLoadManager::LoadDesiredTypes,Loading type: Autofill
2024-10-17T16:42:51.653Z P:13048 T:15352] DataTypeManagerImpl::OnAllDataTypesReadyForConfigure,Start to configure data types
2024-10-17T16:42:51.653Z P:13048 T:15352] DataTypeManagerImpl::StartNextConfiguration,Remain to be configured size: 4 and next configuring types are: Encryption Keys
2024-10-17T16:42:51.653Z P:13048 T:15352] DataTypeManagerImpl::PrepareConfigureParams,Prepare to be configured types:  with disabled types: Autofill Wallet, Autofill Wallet Metadata, Autofill Wallet Offer, Autofill Custom Data, Edge Autofill Form Field Data, Edge Autofill Form Field Ss Data, Themes, Search Engines, Apps, App settings, Dictionary, Priority Preferences, Managed User Settings, App List, Arc Package, Printers, Reading List, User Events, Security Events, Wifi Configurations, OS Preferences, OS Priority Preferences, Sharing Message, Workspace Desk, History, Saved Tab Group, Collaboration Group, Plus Address, Product Comparison, Cookies, Plus Address Setting, Collections Metadata, Edge Hub App
2024-10-17T16:42:51.653Z P:13048 T:19720] SyncManagerImpl::NudgeForInitialDownload,Initial download nudge for Passwords
2024-10-17T16:42:51.653Z P:13048 T:19720] SyncManagerImpl::ConfigureSyncer,Types to download:  with reason: 5
2024-10-17T16:42:51.653Z P:13048 T:19720] SyncEngineBackend::DoFinishConfigureDataTypes,Failed to download types:  and succeeded types: 
2024-10-17T16:42:51.653Z P:13048 T:15352] DataTypeManagerImpl::ConfigurationCompleted,Remain to be configured size: 3
2024-10-17T16:42:51.653Z P:13048 T:15352] DataTypeManagerImpl::StartNextConfiguration,Remain to be configured size: 3 and next configuring types are: Preferences, Passwords, Device Info, Send Tab To Self, Edge E Drop
2024-10-17T16:42:51.653Z P:13048 T:15352] DataTypeManagerImpl::PrepareConfigureParams,Prepare to be configured types: Passwords, Encryption Keys with disabled types: Autofill Wallet, Autofill Wallet Metadata, Autofill Wallet Offer, Autofill Custom Data, Edge Autofill Form Field Data, Edge Autofill Form Field Ss Data, Themes, Search Engines, Apps, App settings, Dictionary, Priority Preferences, Managed User Settings, App List, Arc Package, Printers, Reading List, User Events, Security Events, Wifi Configurations, OS Preferences, OS Priority Preferences, Sharing Message, Workspace Desk, History, Saved Tab Group, Collaboration Group, Plus Address, Product Comparison, Cookies, Plus Address Setting, Collections Metadata, Edge Hub App
2024-10-17T16:42:51.653Z P:13048 T:19720] SyncManagerImpl::ConfigureSyncer,Types to download: Passwords, Encryption Keys with reason: 5
2024-10-17T16:42:51.653Z P:13048 T:19720] SyncSchedulerImpl::DoConfigurationSyncCycleJob,Blocked types:  and types to download: Passwords, Encryption Keys
2024-10-17T16:42:52.076Z P:13048 T:19720] SyncEngineBackend::DoFinishConfigureDataTypes,Failed to download types:  and succeeded types: Passwords, Encryption Keys
2024-10-17T16:42:52.077Z P:13048 T:15352] DataTypeManagerImpl::ConfigurationCompleted,Remain to be configured size: 2
2024-10-17T16:42:52.077Z P:13048 T:15352] DataTypeManagerImpl::StartNextConfiguration,Remain to be configured size: 2 and next configuring types are: Bookmarks
2024-10-17T16:42:52.077Z P:13048 T:15352] DataTypeManagerImpl::PrepareConfigureParams,Prepare to be configured types:  with disabled types: Autofill Wallet, Autofill Wallet Metadata, Autofill Wallet Offer, Autofill Custom Data, Edge Autofill Form Field Data, Edge Autofill Form Field Ss Data, Themes, Search Engines, Apps, App settings, Dictionary, Priority Preferences, Managed User Settings, App List, Arc Package, Printers, Reading List, User Events, Security Events, Wifi Configurations, OS Preferences, OS Priority Preferences, Sharing Message, Workspace Desk, History, Saved Tab Group, Collaboration Group, Plus Address, Product Comparison, Cookies, Plus Address Setting, Collections Metadata, Edge Hub App
2024-10-17T16:42:52.077Z P:13048 T:19720] SyncManagerImpl::ConfigureSyncer,Types to download:  with reason: 5
2024-10-17T16:42:52.077Z P:13048 T:19720] SyncEngineBackend::DoFinishConfigureDataTypes,Failed to download types:  and succeeded types: 
2024-10-17T16:42:52.077Z P:13048 T:15352] DataTypeManagerImpl::ConfigurationCompleted,Remain to be configured size: 1
2024-10-17T16:42:52.078Z P:13048 T:15352] DataTypeManagerImpl::StartNextConfiguration,Remain to be configured size: 1 and next configuring types are: Autofill Profiles, Autofill, Typed URLs, Extensions, Sessions, Extension settings, History Delete Directives, User Consents, Web Apps, Collection, Edge Hub App Usage, Edge Tab Group, Edge Wallet
2024-10-17T16:42:52.078Z P:13048 T:15352] DataTypeManagerImpl::PrepareConfigureParams,Prepare to be configured types:  with disabled types: Autofill Wallet, Autofill Wallet Metadata, Autofill Wallet Offer, Autofill Custom Data, Edge Autofill Form Field Data, Edge Autofill Form Field Ss Data, Themes, Search Engines, Apps, App settings, Dictionary, Priority Preferences, Managed User Settings, App List, Arc Package, Printers, Reading List, User Events, Security Events, Wifi Configurations, OS Preferences, OS Priority Preferences, Sharing Message, Workspace Desk, History, Saved Tab Group, Collaboration Group, Plus Address, Product Comparison, Cookies, Plus Address Setting, Collections Metadata, Edge Hub App
2024-10-17T16:42:52.078Z P:13048 T:19720] SyncManagerImpl::ConfigureSyncer,Types to download:  with reason: 5
2024-10-17T16:42:52.078Z P:13048 T:19720] SyncEngineBackend::DoFinishConfigureDataTypes,Failed to download types:  and succeeded types: 
2024-10-17T16:42:52.079Z P:13048 T:15352] DataTypeManagerImpl::ConfigurationCompleted,Remain to be configured size: 0
2024-10-17T16:42:52.080Z P:13048 T:15352] SyncServiceImpl::OnConfigureDone,Configure DataTypeManager with: Ok
2024-10-17T16:42:52.081Z P:13048 T:11596] SyncEngineBackend::DoStartSyncing,Start syncing
2024-10-17T16:56:05.935Z P:7788 T:5736] SyncServiceImpl::Initialize,SyncState after authenticated was: FeatureCanStart
2024-10-17T16:56:06.324Z P:7788 T:5736] SyncServiceImpl::TryStartImpl,Try to start sync engine
2024-10-17T16:56:06.326Z P:7788 T:18772] SyncManagerImpl::NudgeForInitialDownload,Initial download nudge for Encryption Keys
2024-10-17T16:56:06.326Z P:7788 T:18772] SyncEngineBackend::LoadAndConnectNigoriController,Load and connect Nigori controller
2024-10-17T16:56:06.326Z P:7788 T:18772] SyncEngineBackend::DoInitialize,Control Types added: Encryption Keys
2024-10-17T16:56:06.326Z P:7788 T:18772] SyncManagerImpl::ConfigureSyncer,Types to download: Encryption Keys with reason: 3
2024-10-17T16:56:06.326Z P:7788 T:18772] SyncSchedulerImpl::DoConfigurationSyncCycleJob,Configure job was blocked
2024-10-17T16:56:06.386Z P:7788 T:5736] SyncAuthManager::SetLastAuthError,Current auth error: None
2024-10-17T16:56:06.386Z P:7788 T:5736] SyncAuthManager::EdgeLogTokenErrorState,Token error with: None for account type: MSA
2024-10-17T16:56:06.386Z P:7788 T:5736] SyncServiceImpl::CredentialsChanged,Credentials changed for: EdgeSyncScopeNew
2024-10-17T16:56:07.667Z P:7788 T:5736] SyncAuthManager::SetLastAuthError,Current auth error: None
2024-10-17T16:56:07.668Z P:7788 T:5736] SyncAuthManager::EdgeLogTokenErrorState,Token error with: None for account type: MSA
2024-10-17T16:56:07.668Z P:7788 T:5736] SyncServiceImpl::CredentialsChangedForKeyData,Credentials changed for: EdgeSyncKeyDataScope
2024-10-17T16:56:07.668Z P:7788 T:18820] SyncEngineBackend::DoUpdateKeyDataCredentials,Update key data credentials
2024-10-17T16:56:07.668Z P:7788 T:18820] SyncEngineBackend::DoUpdateCredentials,Update credentials
2024-10-17T16:56:07.668Z P:7788 T:18820] SyncSchedulerImpl::DoConfigurationSyncCycleJob,Blocked types:  and types to download: Encryption Keys
2024-10-17T16:56:08.365Z P:7788 T:5736] SyncServiceImpl::OnEngineInitialized,Initialize engine with: Success
2024-10-17T16:56:08.365Z P:7788 T:5736] SyncServiceImpl::ConfigureDataTypeManager,Configure DataTypeManager with reason: 4
2024-10-17T16:56:08.365Z P:7788 T:5736] DataTypeManagerImpl::ConfigureImpl,Configuring types: Bookmarks, Preferences, Passwords, Autofill Profiles, Autofill, Typed URLs, Extensions, Sessions, Extension settings, History Delete Directives, Device Info, User Consents, Send Tab To Self, Web Apps, Collection, Edge E Drop, Edge Hub App Usage, Edge Tab Group, Edge Wallet, Encryption Keys with reason: 4 and current state: 0
2024-10-17T16:56:08.366Z P:7788 T:5736] ModelLoadManager::Configure,Desired types without errors: Bookmarks, Preferences, Typed URLs, Extensions, Sessions, Extension settings, History Delete Directives, Device Info, User Consents, Send Tab To Self, Web Apps, Collection, Edge E Drop, Edge Hub App Usage, Edge Tab Group, Edge Wallet, Encryption Keys and types with errors: Passwords, Autofill Profiles, Autofill
2024-10-17T16:56:08.366Z P:7788 T:5736] ModelLoadManager::LoadDesiredTypes,Loading type: Bookmarks
2024-10-17T16:56:08.366Z P:7788 T:5736] ModelLoadManager::LoadDesiredTypes,Loading type: Preferences
2024-10-17T16:56:08.366Z P:7788 T:5736] ModelLoadManager::LoadDesiredTypes,Loading type: Typed URLs
2024-10-17T16:56:08.366Z P:7788 T:5736] ModelLoadManager::LoadDesiredTypes,Loading type: Extensions
2024-10-17T16:56:08.366Z P:7788 T:5736] ModelLoadManager::LoadDesiredTypes,Loading type: Sessions
2024-10-17T16:56:08.366Z P:7788 T:5736] ModelLoadManager::LoadDesiredTypes,Loading type: Extension settings
2024-10-17T16:56:08.366Z P:7788 T:5736] ModelLoadManager::LoadDesiredTypes,Loading type: History Delete Directives
2024-10-17T16:56:08.366Z P:7788 T:5736] ModelLoadManager::LoadDesiredTypes,Loading type: Device Info
2024-10-17T16:56:08.366Z P:7788 T:5736] ModelLoadManager::LoadDesiredTypes,Loading type: User Consents
2024-10-17T16:56:08.366Z P:7788 T:5736] ModelLoadManager::LoadDesiredTypes,Loading type: Send Tab To Self
2024-10-17T16:56:08.366Z P:7788 T:5736] ModelLoadManager::LoadDesiredTypes,Loading type: Web Apps
2024-10-17T16:56:08.366Z P:7788 T:5736] ModelLoadManager::LoadDesiredTypes,Loading type: Collection
2024-10-17T16:56:08.366Z P:7788 T:5736] ModelLoadManager::LoadDesiredTypes,Loading type: Edge E Drop
2024-10-17T16:56:08.366Z P:7788 T:5736] ModelLoadManager::LoadDesiredTypes,Loading type: Edge Hub App Usage
2024-10-17T16:56:08.366Z P:7788 T:5736] ModelLoadManager::LoadDesiredTypes,Loading type: Edge Tab Group
2024-10-17T16:56:08.366Z P:7788 T:5736] ModelLoadManager::LoadDesiredTypes,Loading type: Edge Wallet
2024-10-17T16:56:08.368Z P:7788 T:5736] DataTypeManagerImpl::OnAllDataTypesReadyForConfigure,Start to configure data types
2024-10-17T16:56:08.368Z P:7788 T:5736] DataTypeManagerImpl::StartNextConfiguration,Remain to be configured size: 4 and next configuring types are: Encryption Keys
2024-10-17T16:56:08.368Z P:7788 T:5736] DataTypeManagerImpl::PrepareConfigureParams,Prepare to be configured types:  with disabled types: Passwords, Autofill Profiles, Autofill, Autofill Wallet, Autofill Wallet Metadata, Autofill Wallet Offer, Autofill Custom Data, Edge Autofill Form Field Data, Edge Autofill Form Field Ss Data, Themes, Search Engines, Apps, App settings, Dictionary, Priority Preferences, Managed User Settings, App List, Arc Package, Printers, Reading List, User Events, Security Events, Wifi Configurations, OS Preferences, OS Priority Preferences, Sharing Message, Workspace Desk, History, Saved Tab Group, Collaboration Group, Plus Address, Product Comparison, Cookies, Plus Address Setting, Collections Metadata, Edge Hub App
2024-10-17T16:56:08.771Z P:7788 T:5736] SyncServiceImpl::ConfigureDataTypeManager,Configure DataTypeManager with reason: 5
2024-10-17T16:56:08.771Z P:7788 T:5736] DataTypeManagerImpl::ConfigureImpl,Configuring types: Bookmarks, Preferences, Passwords, Autofill Profiles, Autofill, Typed URLs, Extensions, Sessions, Extension settings, History Delete Directives, Device Info, User Consents, Send Tab To Self, Web Apps, Collection, Edge E Drop, Edge Hub App Usage, Edge Tab Group, Edge Wallet, Encryption Keys with reason: 5 and current state: 1
2024-10-17T16:56:08.771Z P:7788 T:18820] SyncEngineBackend::DoStartConfiguration,Start configuration
2024-10-17T16:56:08.771Z P:7788 T:16280] SyncManagerImpl::ConfigureSyncer,Types to download:  with reason: 4
2024-10-17T16:56:08.771Z P:7788 T:16280] SyncEngineBackend::DoFinishConfigureDataTypes,Failed to download types:  and succeeded types: 
2024-10-17T16:56:08.771Z P:7788 T:5736] DataTypeManagerImpl::ConfigurationCompleted,Need reconfigure with failed types: 
2024-10-17T16:56:08.771Z P:7788 T:5736] DataTypeManagerImpl::ConfigureImpl,Configuring types: Bookmarks, Preferences, Passwords, Autofill Profiles, Autofill, Typed URLs, Extensions, Sessions, Extension settings, History Delete Directives, Device Info, User Consents, Send Tab To Self, Web Apps, Collection, Edge E Drop, Edge Hub App Usage, Edge Tab Group, Edge Wallet, Encryption Keys with reason: 5 and current state: 2
2024-10-17T16:56:08.771Z P:7788 T:5736] ModelLoadManager::Configure,Desired types without errors: Bookmarks, Preferences, Passwords, Autofill Profiles, Autofill, Typed URLs, Extensions, Sessions, Extension settings, History Delete Directives, Device Info, User Consents, Send Tab To Self, Web Apps, Collection, Edge E Drop, Edge Hub App Usage, Edge Tab Group, Edge Wallet, Encryption Keys and types with errors: 
2024-10-17T16:56:08.771Z P:7788 T:5736] ModelLoadManager::LoadDesiredTypes,Loading type: Passwords
2024-10-17T16:56:08.771Z P:7788 T:5736] ModelLoadManager::LoadDesiredTypes,Loading type: Autofill Profiles
2024-10-17T16:56:08.771Z P:7788 T:5736] ModelLoadManager::LoadDesiredTypes,Loading type: Autofill
2024-10-17T16:56:08.771Z P:7788 T:5736] DataTypeManagerImpl::OnAllDataTypesReadyForConfigure,Start to configure data types
2024-10-17T16:56:08.772Z P:7788 T:5736] DataTypeManagerImpl::StartNextConfiguration,Remain to be configured size: 4 and next configuring types are: Encryption Keys
2024-10-17T16:56:08.772Z P:7788 T:5736] DataTypeManagerImpl::PrepareConfigureParams,Prepare to be configured types:  with disabled types: Autofill Wallet, Autofill Wallet Metadata, Autofill Wallet Offer, Autofill Custom Data, Edge Autofill Form Field Data, Edge Autofill Form Field Ss Data, Themes, Search Engines, Apps, App settings, Dictionary, Priority Preferences, Managed User Settings, App List, Arc Package, Printers, Reading List, User Events, Security Events, Wifi Configurations, OS Preferences, OS Priority Preferences, Sharing Message, Workspace Desk, History, Saved Tab Group, Collaboration Group, Plus Address, Product Comparison, Cookies, Plus Address Setting, Collections Metadata, Edge Hub App
2024-10-17T16:56:08.772Z P:7788 T:18820] SyncManagerImpl::NudgeForInitialDownload,Initial download nudge for Passwords
2024-10-17T16:56:08.772Z P:7788 T:18820] SyncManagerImpl::ConfigureSyncer,Types to download:  with reason: 5
2024-10-17T16:56:08.772Z P:7788 T:18820] SyncEngineBackend::DoFinishConfigureDataTypes,Failed to download types:  and succeeded types: 
2024-10-17T16:56:08.772Z P:7788 T:5736] DataTypeManagerImpl::ConfigurationCompleted,Remain to be configured size: 3
2024-10-17T16:56:08.772Z P:7788 T:5736] DataTypeManagerImpl::StartNextConfiguration,Remain to be configured size: 3 and next configuring types are: Preferences, Passwords, Device Info, Send Tab To Self, Edge E Drop
2024-10-17T16:56:08.772Z P:7788 T:5736] DataTypeManagerImpl::PrepareConfigureParams,Prepare to be configured types: Passwords, Encryption Keys with disabled types: Autofill Wallet, Autofill Wallet Metadata, Autofill Wallet Offer, Autofill Custom Data, Edge Autofill Form Field Data, Edge Autofill Form Field Ss Data, Themes, Search Engines, Apps, App settings, Dictionary, Priority Preferences, Managed User Settings, App List, Arc Package, Printers, Reading List, User Events, Security Events, Wifi Configurations, OS Preferences, OS Priority Preferences, Sharing Message, Workspace Desk, History, Saved Tab Group, Collaboration Group, Plus Address, Product Comparison, Cookies, Plus Address Setting, Collections Metadata, Edge Hub App
2024-10-17T16:56:08.772Z P:7788 T:18820] SyncManagerImpl::ConfigureSyncer,Types to download: Passwords, Encryption Keys with reason: 5
2024-10-17T16:56:08.772Z P:7788 T:18820] SyncSchedulerImpl::DoConfigurationSyncCycleJob,Blocked types:  and types to download: Passwords, Encryption Keys
2024-10-17T16:56:09.320Z P:7788 T:18820] SyncEngineBackend::DoFinishConfigureDataTypes,Failed to download types:  and succeeded types: Passwords, Encryption Keys
2024-10-17T16:56:09.321Z P:7788 T:5736] DataTypeManagerImpl::ConfigurationCompleted,Remain to be configured size: 2
2024-10-17T16:56:09.321Z P:7788 T:5736] DataTypeManagerImpl::StartNextConfiguration,Remain to be configured size: 2 and next configuring types are: Bookmarks
2024-10-17T16:56:09.321Z P:7788 T:5736] DataTypeManagerImpl::PrepareConfigureParams,Prepare to be configured types:  with disabled types: Autofill Wallet, Autofill Wallet Metadata, Autofill Wallet Offer, Autofill Custom Data, Edge Autofill Form Field Data, Edge Autofill Form Field Ss Data, Themes, Search Engines, Apps, App settings, Dictionary, Priority Preferences, Managed User Settings, App List, Arc Package, Printers, Reading List, User Events, Security Events, Wifi Configurations, OS Preferences, OS Priority Preferences, Sharing Message, Workspace Desk, History, Saved Tab Group, Collaboration Group, Plus Address, Product Comparison, Cookies, Plus Address Setting, Collections Metadata, Edge Hub App
2024-10-17T16:56:09.321Z P:7788 T:18820] SyncManagerImpl::ConfigureSyncer,Types to download:  with reason: 5
2024-10-17T16:56:09.321Z P:7788 T:18820] SyncEngineBackend::DoFinishConfigureDataTypes,Failed to download types:  and succeeded types: 
2024-10-17T16:56:09.323Z P:7788 T:5736] DataTypeManagerImpl::ConfigurationCompleted,Remain to be configured size: 1
2024-10-17T16:56:09.324Z P:7788 T:5736] DataTypeManagerImpl::StartNextConfiguration,Remain to be configured size: 1 and next configuring types are: Autofill Profiles, Autofill, Typed URLs, Extensions, Sessions, Extension settings, History Delete Directives, User Consents, Web Apps, Collection, Edge Hub App Usage, Edge Tab Group, Edge Wallet
2024-10-17T16:56:09.324Z P:7788 T:5736] DataTypeManagerImpl::PrepareConfigureParams,Prepare to be configured types:  with disabled types: Autofill Wallet, Autofill Wallet Metadata, Autofill Wallet Offer, Autofill Custom Data, Edge Autofill Form Field Data, Edge Autofill Form Field Ss Data, Themes, Search Engines, Apps, App settings, Dictionary, Priority Preferences, Managed User Settings, App List, Arc Package, Printers, Reading List, User Events, Security Events, Wifi Configurations, OS Preferences, OS Priority Preferences, Sharing Message, Workspace Desk, History, Saved Tab Group, Collaboration Group, Plus Address, Product Comparison, Cookies, Plus Address Setting, Collections Metadata, Edge Hub App
2024-10-17T16:56:09.324Z P:7788 T:18820] SyncManagerImpl::ConfigureSyncer,Types to download:  with reason: 5
2024-10-17T16:56:09.324Z P:7788 T:18820] SyncEngineBackend::DoFinishConfigureDataTypes,Failed to download types:  and succeeded types: 
2024-10-17T16:56:09.324Z P:7788 T:5736] DataTypeManagerImpl::ConfigurationCompleted,Remain to be configured size: 0
2024-10-17T16:56:09.324Z P:7788 T:5736] SyncServiceImpl::OnConfigureDone,Configure DataTypeManager with: Ok
2024-10-17T16:56:09.326Z P:7788 T:18820] SyncEngineBackend::DoStartSyncing,Start syncing
2024-10-17T17:09:34.730Z P:8524 T:2468] SyncServiceImpl::Initialize,SyncState after authenticated was: FeatureCanStart
2024-10-17T17:09:35.081Z P:8524 T:2468] SyncServiceImpl::TryStartImpl,Try to start sync engine
2024-10-17T17:09:35.082Z P:8524 T:20412] SyncManagerImpl::NudgeForInitialDownload,Initial download nudge for Encryption Keys
2024-10-17T17:09:35.082Z P:8524 T:20412] SyncEngineBackend::LoadAndConnectNigoriController,Load and connect Nigori controller
2024-10-17T17:09:35.082Z P:8524 T:20412] SyncEngineBackend::DoInitialize,Control Types added: Encryption Keys
2024-10-17T17:09:35.082Z P:8524 T:20412] SyncManagerImpl::ConfigureSyncer,Types to download: Encryption Keys with reason: 3
2024-10-17T17:09:35.082Z P:8524 T:20412] SyncSchedulerImpl::DoConfigurationSyncCycleJob,Configure job was blocked
2024-10-17T17:09:35.172Z P:8524 T:2468] SyncAuthManager::SetLastAuthError,Current auth error: None
2024-10-17T17:09:35.172Z P:8524 T:2468] SyncAuthManager::EdgeLogTokenErrorState,Token error with: None for account type: MSA
2024-10-17T17:09:35.172Z P:8524 T:2468] SyncServiceImpl::CredentialsChanged,Credentials changed for: EdgeSyncScopeNew
2024-10-17T17:09:36.077Z P:8524 T:2468] SyncAuthManager::SetLastAuthError,Current auth error: None
2024-10-17T17:09:36.077Z P:8524 T:2468] SyncAuthManager::EdgeLogTokenErrorState,Token error with: None for account type: MSA
2024-10-17T17:09:36.077Z P:8524 T:2468] SyncServiceImpl::CredentialsChangedForKeyData,Credentials changed for: EdgeSyncKeyDataScope
2024-10-17T17:09:36.077Z P:8524 T:13316] SyncEngineBackend::DoUpdateKeyDataCredentials,Update key data credentials
2024-10-17T17:09:36.077Z P:8524 T:13316] SyncEngineBackend::DoUpdateCredentials,Update credentials
2024-10-17T17:09:36.077Z P:8524 T:13316] SyncSchedulerImpl::DoConfigurationSyncCycleJob,Blocked types:  and types to download: Encryption Keys
2024-10-17T17:09:36.722Z P:8524 T:2468] SyncServiceImpl::OnEngineInitialized,Initialize engine with: Success
2024-10-17T17:09:36.722Z P:8524 T:2468] SyncServiceImpl::ConfigureDataTypeManager,Configure DataTypeManager with reason: 4
2024-10-17T17:09:36.722Z P:8524 T:2468] DataTypeManagerImpl::ConfigureImpl,Configuring types: Bookmarks, Preferences, Passwords, Autofill Profiles, Autofill, Typed URLs, Extensions, Sessions, Extension settings, History Delete Directives, Device Info, User Consents, Send Tab To Self, Web Apps, Collection, Edge E Drop, Edge Hub App Usage, Edge Tab Group, Edge Wallet, Encryption Keys with reason: 4 and current state: 0
2024-10-17T17:09:36.723Z P:8524 T:2468] ModelLoadManager::Configure,Desired types without errors: Bookmarks, Preferences, Typed URLs, Extensions, Sessions, Extension settings, History Delete Directives, Device Info, User Consents, Send Tab To Self, Web Apps, Collection, Edge E Drop, Edge Hub App Usage, Edge Tab Group, Edge Wallet, Encryption Keys and types with errors: Passwords, Autofill Profiles, Autofill
2024-10-17T17:09:36.723Z P:8524 T:2468] ModelLoadManager::LoadDesiredTypes,Loading type: Bookmarks
2024-10-17T17:09:36.723Z P:8524 T:2468] ModelLoadManager::LoadDesiredTypes,Loading type: Preferences
2024-10-17T17:09:36.723Z P:8524 T:2468] ModelLoadManager::LoadDesiredTypes,Loading type: Typed URLs
2024-10-17T17:09:36.723Z P:8524 T:2468] ModelLoadManager::LoadDesiredTypes,Loading type: Extensions
2024-10-17T17:09:36.723Z P:8524 T:2468] ModelLoadManager::LoadDesiredTypes,Loading type: Sessions
2024-10-17T17:09:36.723Z P:8524 T:2468] ModelLoadManager::LoadDesiredTypes,Loading type: Extension settings
2024-10-17T17:09:36.723Z P:8524 T:2468] ModelLoadManager::LoadDesiredTypes,Loading type: History Delete Directives
2024-10-17T17:09:36.723Z P:8524 T:2468] ModelLoadManager::LoadDesiredTypes,Loading type: Device Info
2024-10-17T17:09:36.723Z P:8524 T:2468] ModelLoadManager::LoadDesiredTypes,Loading type: User Consents
2024-10-17T17:09:36.723Z P:8524 T:2468] ModelLoadManager::LoadDesiredTypes,Loading type: Send Tab To Self
2024-10-17T17:09:36.723Z P:8524 T:2468] ModelLoadManager::LoadDesiredTypes,Loading type: Web Apps
2024-10-17T17:09:36.723Z P:8524 T:2468] ModelLoadManager::LoadDesiredTypes,Loading type: Collection
2024-10-17T17:09:36.723Z P:8524 T:2468] ModelLoadManager::LoadDesiredTypes,Loading type: Edge E Drop
2024-10-17T17:09:36.723Z P:8524 T:2468] ModelLoadManager::LoadDesiredTypes,Loading type: Edge Hub App Usage
2024-10-17T17:09:36.723Z P:8524 T:2468] ModelLoadManager::LoadDesiredTypes,Loading type: Edge Tab Group
2024-10-17T17:09:36.723Z P:8524 T:2468] ModelLoadManager::LoadDesiredTypes,Loading type: Edge Wallet
2024-10-17T17:09:36.727Z P:8524 T:2468] DataTypeManagerImpl::OnAllDataTypesReadyForConfigure,Start to configure data types
2024-10-17T17:09:36.727Z P:8524 T:2468] DataTypeManagerImpl::StartNextConfiguration,Remain to be configured size: 4 and next configuring types are: Encryption Keys
2024-10-17T17:09:36.727Z P:8524 T:2468] DataTypeManagerImpl::PrepareConfigureParams,Prepare to be configured types:  with disabled types: Passwords, Autofill Profiles, Autofill, Autofill Wallet, Autofill Wallet Metadata, Autofill Wallet Offer, Autofill Custom Data, Edge Autofill Form Field Data, Edge Autofill Form Field Ss Data, Themes, Search Engines, Apps, App settings, Dictionary, Priority Preferences, Managed User Settings, App List, Arc Package, Printers, Reading List, User Events, Security Events, Wifi Configurations, OS Preferences, OS Priority Preferences, Sharing Message, Workspace Desk, History, Saved Tab Group, Collaboration Group, Plus Address, Product Comparison, Cookies, Plus Address Setting, Collections Metadata, Edge Hub App
2024-10-17T17:09:37.118Z P:8524 T:2468] SyncServiceImpl::ConfigureDataTypeManager,Configure DataTypeManager with reason: 5
2024-10-17T17:09:37.118Z P:8524 T:2468] DataTypeManagerImpl::ConfigureImpl,Configuring types: Bookmarks, Preferences, Passwords, Autofill Profiles, Autofill, Typed URLs, Extensions, Sessions, Extension settings, History Delete Directives, Device Info, User Consents, Send Tab To Self, Web Apps, Collection, Edge E Drop, Edge Hub App Usage, Edge Tab Group, Edge Wallet, Encryption Keys with reason: 5 and current state: 1
2024-10-17T17:09:37.118Z P:8524 T:13316] SyncEngineBackend::DoStartConfiguration,Start configuration
2024-10-17T17:09:37.118Z P:8524 T:20412] SyncManagerImpl::ConfigureSyncer,Types to download:  with reason: 4
2024-10-17T17:09:37.118Z P:8524 T:20412] SyncEngineBackend::DoFinishConfigureDataTypes,Failed to download types:  and succeeded types: 
2024-10-17T17:09:37.119Z P:8524 T:2468] DataTypeManagerImpl::ConfigurationCompleted,Need reconfigure with failed types: 
2024-10-17T17:09:37.119Z P:8524 T:2468] DataTypeManagerImpl::ConfigureImpl,Configuring types: Bookmarks, Preferences, Passwords, Autofill Profiles, Autofill, Typed URLs, Extensions, Sessions, Extension settings, History Delete Directives, Device Info, User Consents, Send Tab To Self, Web Apps, Collection, Edge E Drop, Edge Hub App Usage, Edge Tab Group, Edge Wallet, Encryption Keys with reason: 5 and current state: 2
2024-10-17T17:09:37.119Z P:8524 T:2468] ModelLoadManager::Configure,Desired types without errors: Bookmarks, Preferences, Passwords, Autofill Profiles, Autofill, Typed URLs, Extensions, Sessions, Extension settings, History Delete Directives, Device Info, User Consents, Send Tab To Self, Web Apps, Collection, Edge E Drop, Edge Hub App Usage, Edge Tab Group, Edge Wallet, Encryption Keys and types with errors: 
2024-10-17T17:09:37.119Z P:8524 T:2468] ModelLoadManager::LoadDesiredTypes,Loading type: Passwords
2024-10-17T17:09:37.119Z P:8524 T:2468] ModelLoadManager::LoadDesiredTypes,Loading type: Autofill Profiles
2024-10-17T17:09:37.119Z P:8524 T:2468] ModelLoadManager::LoadDesiredTypes,Loading type: Autofill
2024-10-17T17:09:37.119Z P:8524 T:2468] DataTypeManagerImpl::OnAllDataTypesReadyForConfigure,Start to configure data types
2024-10-17T17:09:37.119Z P:8524 T:2468] DataTypeManagerImpl::StartNextConfiguration,Remain to be configured size: 4 and next configuring types are: Encryption Keys
2024-10-17T17:09:37.119Z P:8524 T:13316] SyncManagerImpl::NudgeForInitialDownload,Initial download nudge for Passwords
2024-10-17T17:09:37.119Z P:8524 T:2468] DataTypeManagerImpl::PrepareConfigureParams,Prepare to be configured types:  with disabled types: Autofill Wallet, Autofill Wallet Metadata, Autofill Wallet Offer, Autofill Custom Data, Edge Autofill Form Field Data, Edge Autofill Form Field Ss Data, Themes, Search Engines, Apps, App settings, Dictionary, Priority Preferences, Managed User Settings, App List, Arc Package, Printers, Reading List, User Events, Security Events, Wifi Configurations, OS Preferences, OS Priority Preferences, Sharing Message, Workspace Desk, History, Saved Tab Group, Collaboration Group, Plus Address, Product Comparison, Cookies, Plus Address Setting, Collections Metadata, Edge Hub App
2024-10-17T17:09:37.119Z P:8524 T:13316] SyncManagerImpl::ConfigureSyncer,Types to download:  with reason: 5
2024-10-17T17:09:37.119Z P:8524 T:13316] SyncEngineBackend::DoFinishConfigureDataTypes,Failed to download types:  and succeeded types: 
2024-10-17T17:09:37.119Z P:8524 T:2468] DataTypeManagerImpl::ConfigurationCompleted,Remain to be configured size: 3
2024-10-17T17:09:37.119Z P:8524 T:2468] DataTypeManagerImpl::StartNextConfiguration,Remain to be configured size: 3 and next configuring types are: Preferences, Passwords, Device Info, Send Tab To Self, Edge E Drop
2024-10-17T17:09:37.119Z P:8524 T:2468] DataTypeManagerImpl::PrepareConfigureParams,Prepare to be configured types: Passwords, Encryption Keys with disabled types: Autofill Wallet, Autofill Wallet Metadata, Autofill Wallet Offer, Autofill Custom Data, Edge Autofill Form Field Data, Edge Autofill Form Field Ss Data, Themes, Search Engines, Apps, App settings, Dictionary, Priority Preferences, Managed User Settings, App List, Arc Package, Printers, Reading List, User Events, Security Events, Wifi Configurations, OS Preferences, OS Priority Preferences, Sharing Message, Workspace Desk, History, Saved Tab Group, Collaboration Group, Plus Address, Product Comparison, Cookies, Plus Address Setting, Collections Metadata, Edge Hub App
2024-10-17T17:09:37.119Z P:8524 T:13316] SyncManagerImpl::ConfigureSyncer,Types to download: Passwords, Encryption Keys with reason: 5
2024-10-17T17:09:37.119Z P:8524 T:13316] SyncSchedulerImpl::DoConfigurationSyncCycleJob,Blocked types:  and types to download: Passwords, Encryption Keys
2024-10-17T17:09:37.562Z P:8524 T:13316] SyncEngineBackend::DoFinishConfigureDataTypes,Failed to download types:  and succeeded types: Passwords, Encryption Keys
2024-10-17T17:09:37.562Z P:8524 T:2468] DataTypeManagerImpl::ConfigurationCompleted,Remain to be configured size: 2
2024-10-17T17:09:37.562Z P:8524 T:2468] DataTypeManagerImpl::StartNextConfiguration,Remain to be configured size: 2 and next configuring types are: Bookmarks
2024-10-17T17:09:37.562Z P:8524 T:2468] DataTypeManagerImpl::PrepareConfigureParams,Prepare to be configured types:  with disabled types: Autofill Wallet, Autofill Wallet Metadata, Autofill Wallet Offer, Autofill Custom Data, Edge Autofill Form Field Data, Edge Autofill Form Field Ss Data, Themes, Search Engines, Apps, App settings, Dictionary, Priority Preferences, Managed User Settings, App List, Arc Package, Printers, Reading List, User Events, Security Events, Wifi Configurations, OS Preferences, OS Priority Preferences, Sharing Message, Workspace Desk, History, Saved Tab Group, Collaboration Group, Plus Address, Product Comparison, Cookies, Plus Address Setting, Collections Metadata, Edge Hub App
2024-10-17T17:09:37.562Z P:8524 T:20412] SyncManagerImpl::ConfigureSyncer,Types to download:  with reason: 5
2024-10-17T17:09:37.562Z P:8524 T:20412] SyncEngineBackend::DoFinishConfigureDataTypes,Failed to download types:  and succeeded types: 
2024-10-17T17:09:37.562Z P:8524 T:2468] DataTypeManagerImpl::ConfigurationCompleted,Remain to be configured size: 1
2024-10-17T17:09:37.563Z P:8524 T:2468] DataTypeManagerImpl::StartNextConfiguration,Remain to be configured size: 1 and next configuring types are: Autofill Profiles, Autofill, Typed URLs, Extensions, Sessions, Extension settings, History Delete Directives, User Consents, Web Apps, Collection, Edge Hub App Usage, Edge Tab Group, Edge Wallet
2024-10-17T17:09:37.563Z P:8524 T:2468] DataTypeManagerImpl::PrepareConfigureParams,Prepare to be configured types:  with disabled types: Autofill Wallet, Autofill Wallet Metadata, Autofill Wallet Offer, Autofill Custom Data, Edge Autofill Form Field Data, Edge Autofill Form Field Ss Data, Themes, Search Engines, Apps, App settings, Dictionary, Priority Preferences, Managed User Settings, App List, Arc Package, Printers, Reading List, User Events, Security Events, Wifi Configurations, OS Preferences, OS Priority Preferences, Sharing Message, Workspace Desk, History, Saved Tab Group, Collaboration Group, Plus Address, Product Comparison, Cookies, Plus Address Setting, Collections Metadata, Edge Hub App
2024-10-17T17:09:37.563Z P:8524 T:13316] SyncManagerImpl::ConfigureSyncer,Types to download:  with reason: 5
2024-10-17T17:09:37.563Z P:8524 T:13316] SyncEngineBackend::DoFinishConfigureDataTypes,Failed to download types:  and succeeded types: 
2024-10-17T17:09:37.564Z P:8524 T:2468] DataTypeManagerImpl::ConfigurationCompleted,Remain to be configured size: 0
2024-10-17T17:09:37.565Z P:8524 T:2468] SyncServiceImpl::OnConfigureDone,Configure DataTypeManager with: Ok
2024-10-17T17:09:37.566Z P:8524 T:18788] SyncEngineBackend::DoStartSyncing,Start syncing
